[0.017s] Invoking command in '/home/bbbkkk/ws02_tools/build/cpp03_tf_broadcaster': CMAKE_PREFIX_PATH=/opt/ros/humble /usr/bin/cmake --build /home/bbbkkk/ws02_tools/build/cpp03_tf_broadcaster -- -j5 -l5
[0.090s] -- Found ament_cmake: 1.3.12 (/opt/ros/humble/share/ament_cmake/cmake)
[0.224s] -- Found rclcpp: 16.0.15 (/opt/ros/humble/share/rclcpp/cmake)
[0.280s] -- Found rosidl_generator_c: 3.1.7 (/opt/ros/humble/share/rosidl_generator_c/cmake)
[0.286s] -- Found rosidl_adapter: 3.1.7 (/opt/ros/humble/share/rosidl_adapter/cmake)
[0.297s] -- Found rosidl_generator_cpp: 3.1.7 (/opt/ros/humble/share/rosidl_generator_cpp/cmake)
[0.315s] -- Using all available rosidl_typesupport_c: rosidl_typesupport_fastrtps_c;rosidl_typesupport_introspection_c
[0.335s] -- Using all available rosidl_typesupport_cpp: rosidl_typesupport_fastrtps_cpp;rosidl_typesupport_introspection_cpp
[0.389s] -- Found rmw_implementation_cmake: 6.1.2 (/opt/ros/humble/share/rmw_implementation_cmake/cmake)
[0.393s] -- Found rmw_fastrtps_cpp: 6.2.9 (/opt/ros/humble/share/rmw_fastrtps_cpp/cmake)
[0.487s] -- Using RMW implementation 'rmw_fastrtps_cpp' as default
[0.563s] -- Found tf2: 0.25.16 (/opt/ros/humble/share/tf2/cmake)
[0.588s] -- Found tf2_ros: 0.25.16 (/opt/ros/humble/share/tf2_ros/cmake)
[0.704s] -- Found turtlesim: 1.4.3 (/opt/ros/humble/share/turtlesim/cmake)
[0.728s] -- Found ament_lint_auto: 0.12.14 (/opt/ros/humble/share/ament_lint_auto/cmake)
[0.797s] -- Added test 'cppcheck' to perform static code analysis on C / C++ code
[0.797s] -- Configured cppcheck include dirs: $<BUILD_INTERFACE:/home/bbbkkk/ws02_tools/src/cpp03_tf_broadcaster/include>
[0.797s] -- Configured cppcheck exclude dirs and/or files: 
[0.799s] -- Added test 'lint_cmake' to check CMake code style
[0.800s] -- Added test 'uncrustify' to check C / C++ code style
[0.800s] -- Configured uncrustify additional arguments: 
[0.800s] -- Added test 'xmllint' to check XML markup files
[0.804s] -- Configuring done
[0.830s] -- Generating done
[0.835s] -- Build files have been written to: /home/bbbkkk/ws02_tools/build/cpp03_tf_broadcaster
[0.860s] [35m[1mConsolidate compiler generated dependencies of target demo01_static_tf[0m
[0.861s] [35m[1mConsolidate compiler generated dependencies of target demo02_dy_tf[0m
[0.867s] [ 16%] [32mBuilding CXX object CMakeFiles/demo03_point_tf.dir/src/demo03_point_tf.cpp.o[0m
[0.873s] [ 33%] [32mBuilding CXX object CMakeFiles/demo01_static_tf.dir/src/demo01_static_tf.cpp.o[0m
[0.874s] [ 50%] [32mBuilding CXX object CMakeFiles/demo02_dy_tf.dir/src/demo02_dy_tf.cpp.o[0m
[3.948s] [ 66%] [32m[1mLinking CXX executable demo01_static_tf[0m
[4.251s] [ 66%] Built target demo01_static_tf
[4.340s] [ 83%] [32m[1mLinking CXX executable demo03_point_tf[0m
[4.507s] [ 83%] Built target demo03_point_tf
[6.750s] [100%] [32m[1mLinking CXX executable demo02_dy_tf[0m
[7.014s] [100%] Built target demo02_dy_tf
[7.025s] Invoked command in '/home/bbbkkk/ws02_tools/build/cpp03_tf_broadcaster' returned '0': CMAKE_PREFIX_PATH=/opt/ros/humble /usr/bin/cmake --build /home/bbbkkk/ws02_tools/build/cpp03_tf_broadcaster -- -j5 -l5
[7.032s] Invoking command in '/home/bbbkkk/ws02_tools/build/cpp03_tf_broadcaster': CMAKE_PREFIX_PATH=/opt/ros/humble /usr/bin/cmake --install /home/bbbkkk/ws02_tools/build/cpp03_tf_broadcaster
[7.037s] -- Install configuration: ""
[7.050s] -- Installing: /home/bbbkkk/ws02_tools/install/cpp03_tf_broadcaster/lib/cpp03_tf_broadcaster/demo01_static_tf
[7.050s] -- Set runtime path of "/home/bbbkkk/ws02_tools/install/cpp03_tf_broadcaster/lib/cpp03_tf_broadcaster/demo01_static_tf" to ""
[7.052s] -- Installing: /home/bbbkkk/ws02_tools/install/cpp03_tf_broadcaster/lib/cpp03_tf_broadcaster/demo02_dy_tf
[7.054s] -- Set runtime path of "/home/bbbkkk/ws02_tools/install/cpp03_tf_broadcaster/lib/cpp03_tf_broadcaster/demo02_dy_tf" to ""
[7.054s] -- Installing: /home/bbbkkk/ws02_tools/install/cpp03_tf_broadcaster/lib/cpp03_tf_broadcaster/demo03_point_tf
[7.054s] -- Set runtime path of "/home/bbbkkk/ws02_tools/install/cpp03_tf_broadcaster/lib/cpp03_tf_broadcaster/demo03_point_tf" to ""
[7.054s] -- Up-to-date: /home/bbbkkk/ws02_tools/install/cpp03_tf_broadcaster/share/ament_index/resource_index/package_run_dependencies/cpp03_tf_broadcaster
[7.054s] -- Installing: /home/bbbkkk/ws02_tools/install/cpp03_tf_broadcaster/share/ament_index/resource_index/parent_prefix_path/cpp03_tf_broadcaster
[7.054s] -- Up-to-date: /home/bbbkkk/ws02_tools/install/cpp03_tf_broadcaster/share/cpp03_tf_broadcaster/environment/ament_prefix_path.sh
[7.054s] -- Installing: /home/bbbkkk/ws02_tools/install/cpp03_tf_broadcaster/share/cpp03_tf_broadcaster/environment/ament_prefix_path.dsv
[7.055s] -- Up-to-date: /home/bbbkkk/ws02_tools/install/cpp03_tf_broadcaster/share/cpp03_tf_broadcaster/environment/path.sh
[7.055s] -- Installing: /home/bbbkkk/ws02_tools/install/cpp03_tf_broadcaster/share/cpp03_tf_broadcaster/environment/path.dsv
[7.055s] -- Up-to-date: /home/bbbkkk/ws02_tools/install/cpp03_tf_broadcaster/share/cpp03_tf_broadcaster/local_setup.bash
[7.055s] -- Up-to-date: /home/bbbkkk/ws02_tools/install/cpp03_tf_broadcaster/share/cpp03_tf_broadcaster/local_setup.sh
[7.055s] -- Up-to-date: /home/bbbkkk/ws02_tools/install/cpp03_tf_broadcaster/share/cpp03_tf_broadcaster/local_setup.zsh
[7.055s] -- Installing: /home/bbbkkk/ws02_tools/install/cpp03_tf_broadcaster/share/cpp03_tf_broadcaster/local_setup.dsv
[7.055s] -- Installing: /home/bbbkkk/ws02_tools/install/cpp03_tf_broadcaster/share/cpp03_tf_broadcaster/package.dsv
[7.055s] -- Up-to-date: /home/bbbkkk/ws02_tools/install/cpp03_tf_broadcaster/share/ament_index/resource_index/packages/cpp03_tf_broadcaster
[7.055s] -- Up-to-date: /home/bbbkkk/ws02_tools/install/cpp03_tf_broadcaster/share/cpp03_tf_broadcaster/cmake/cpp03_tf_broadcasterConfig.cmake
[7.055s] -- Up-to-date: /home/bbbkkk/ws02_tools/install/cpp03_tf_broadcaster/share/cpp03_tf_broadcaster/cmake/cpp03_tf_broadcasterConfig-version.cmake
[7.055s] -- Up-to-date: /home/bbbkkk/ws02_tools/install/cpp03_tf_broadcaster/share/cpp03_tf_broadcaster/package.xml
[7.058s] Invoked command in '/home/bbbkkk/ws02_tools/build/cpp03_tf_broadcaster' returned '0': CMAKE_PREFIX_PATH=/opt/ros/humble /usr/bin/cmake --install /home/bbbkkk/ws02_tools/build/cpp03_tf_broadcaster
