[0.057s] DEBUG:colcon:Command line arguments: ['/usr/bin/colcon', 'build', '--packages-select', 'cpp03_action']
[0.057s] DEBUG:colcon:Parsed command line arguments: Namespace(log_base=None, log_level=None, verb_name='build', build_base='build', install_base='install', merge_install=False, symlink_install=False, test_result_base=None, continue_on_error=False, executor='parallel', parallel_workers=5, event_handlers=None, ignore_user_meta=False, metas=['./colcon.meta'], base_paths=['.'], packages_ignore=None, packages_ignore_regex=None, paths=None, packages_up_to=None, packages_up_to_regex=None, packages_above=None, packages_above_and_dependencies=None, packages_above_depth=None, packages_select_by_dep=None, packages_skip_by_dep=None, packages_skip_up_to=None, packages_select_build_failed=False, packages_skip_build_finished=False, packages_select_test_failures=False, packages_skip_test_passed=False, packages_select=['cpp03_action'], packages_skip=None, packages_select_regex=None, packages_skip_regex=None, packages_start=None, packages_end=None, allow_overriding=[], cmake_args=None, cmake_target=None, cmake_target_skip_unavailable=False, cmake_clean_cache=False, cmake_clean_first=False, cmake_force_configure=False, ament_cmake_args=None, catkin_cmake_args=None, catkin_skip_building_tests=False, verb_parser=<colcon_defaults.argument_parser.defaults.DefaultArgumentsDecorator object at 0x73e23831ba90>, verb_extension=<colcon_core.verb.build.BuildVerb object at 0x73e23831b580>, main=<bound method BuildVerb.main of <colcon_core.verb.build.BuildVerb object at 0x73e23831b580>>)
[0.125s] Level 1:colcon.colcon_core.package_discovery:discover_packages(colcon_meta) check parameters
[0.125s] Level 1:colcon.colcon_core.package_discovery:discover_packages(recursive) check parameters
[0.125s] Level 1:colcon.colcon_core.package_discovery:discover_packages(ignore) check parameters
[0.125s] Level 1:colcon.colcon_core.package_discovery:discover_packages(path) check parameters
[0.125s] Level 1:colcon.colcon_core.package_discovery:discover_packages(colcon_meta) discover
[0.125s] Level 1:colcon.colcon_core.package_discovery:discover_packages(recursive) discover
[0.125s] INFO:colcon.colcon_core.package_discovery:Crawling recursively for packages in '/home/bbbkkk/ws01_plumbing/src'
[0.125s] Level 1:colcon.colcon_core.package_identification:_identify(.) by extensions ['ignore', 'ignore_ament_install']
[0.125s] Level 1:colcon.colcon_core.package_identification:_identify(.) by extension 'ignore'
[0.125s] Level 1:colcon.colcon_core.package_identification:_identify(.) by extension 'ignore_ament_install'
[0.125s] Level 1:colcon.colcon_core.package_identification:_identify(.) by extensions ['colcon_pkg']
[0.125s] Level 1:colcon.colcon_core.package_identification:_identify(.) by extension 'colcon_pkg'
[0.126s] Level 1:colcon.colcon_core.package_identification:_identify(.) by extensions ['colcon_meta']
[0.126s] Level 1:colcon.colcon_core.package_identification:_identify(.) by extension 'colcon_meta'
[0.126s] Level 1:colcon.colcon_core.package_identification:_identify(.) by extensions ['ros']
[0.126s] Level 1:colcon.colcon_core.package_identification:_identify(.) by extension 'ros'
[0.139s] Level 1:colcon.colcon_core.package_identification:_identify(.) by extensions ['cmake', 'python']
[0.139s] Level 1:colcon.colcon_core.package_identification:_identify(.) by extension 'cmake'
[0.139s] Level 1:colcon.colcon_core.package_identification:_identify(.) by extension 'python'
[0.139s] Level 1:colcon.colcon_core.package_identification:_identify(.) by extensions ['python_setup_py']
[0.139s] Level 1:colcon.colcon_core.package_identification:_identify(.) by extension 'python_setup_py'
[0.139s] Level 1:colcon.colcon_core.package_identification:_identify(base_interfaces_demo) by extensions ['ignore', 'ignore_ament_install']
[0.139s] Level 1:colcon.colcon_core.package_identification:_identify(base_interfaces_demo) by extension 'ignore'
[0.139s] Level 1:colcon.colcon_core.package_identification:_identify(base_interfaces_demo) by extension 'ignore_ament_install'
[0.139s] Level 1:colcon.colcon_core.package_identification:_identify(base_interfaces_demo) by extensions ['colcon_pkg']
[0.139s] Level 1:colcon.colcon_core.package_identification:_identify(base_interfaces_demo) by extension 'colcon_pkg'
[0.140s] Level 1:colcon.colcon_core.package_identification:_identify(base_interfaces_demo) by extensions ['colcon_meta']
[0.140s] Level 1:colcon.colcon_core.package_identification:_identify(base_interfaces_demo) by extension 'colcon_meta'
[0.140s] Level 1:colcon.colcon_core.package_identification:_identify(base_interfaces_demo) by extensions ['ros']
[0.140s] Level 1:colcon.colcon_core.package_identification:_identify(base_interfaces_demo) by extension 'ros'
[0.141s] DEBUG:colcon.colcon_core.package_identification:Package 'base_interfaces_demo' with type 'ros.ament_cmake' and name 'base_interfaces_demo'
[0.141s] Level 1:colcon.colcon_core.package_identification:_identify(build) by extensions ['ignore', 'ignore_ament_install']
[0.141s] Level 1:colcon.colcon_core.package_identification:_identify(build) by extension 'ignore'
[0.141s] Level 1:colcon.colcon_core.package_identification:_identify(build) ignored
[0.141s] Level 1:colcon.colcon_core.package_identification:_identify(cpp01_topic) by extensions ['ignore', 'ignore_ament_install']
[0.141s] Level 1:colcon.colcon_core.package_identification:_identify(cpp01_topic) by extension 'ignore'
[0.141s] Level 1:colcon.colcon_core.package_identification:_identify(cpp01_topic) by extension 'ignore_ament_install'
[0.141s] Level 1:colcon.colcon_core.package_identification:_identify(cpp01_topic) by extensions ['colcon_pkg']
[0.141s] Level 1:colcon.colcon_core.package_identification:_identify(cpp01_topic) by extension 'colcon_pkg'
[0.141s] Level 1:colcon.colcon_core.package_identification:_identify(cpp01_topic) by extensions ['colcon_meta']
[0.141s] Level 1:colcon.colcon_core.package_identification:_identify(cpp01_topic) by extension 'colcon_meta'
[0.141s] Level 1:colcon.colcon_core.package_identification:_identify(cpp01_topic) by extensions ['ros']
[0.141s] Level 1:colcon.colcon_core.package_identification:_identify(cpp01_topic) by extension 'ros'
[0.142s] DEBUG:colcon.colcon_core.package_identification:Package 'cpp01_topic' with type 'ros.ament_cmake' and name 'cpp01_topic'
[0.142s] Level 1:colcon.colcon_core.package_identification:_identify(cpp02_service) by extensions ['ignore', 'ignore_ament_install']
[0.142s] Level 1:colcon.colcon_core.package_identification:_identify(cpp02_service) by extension 'ignore'
[0.142s] Level 1:colcon.colcon_core.package_identification:_identify(cpp02_service) by extension 'ignore_ament_install'
[0.142s] Level 1:colcon.colcon_core.package_identification:_identify(cpp02_service) by extensions ['colcon_pkg']
[0.142s] Level 1:colcon.colcon_core.package_identification:_identify(cpp02_service) by extension 'colcon_pkg'
[0.142s] Level 1:colcon.colcon_core.package_identification:_identify(cpp02_service) by extensions ['colcon_meta']
[0.142s] Level 1:colcon.colcon_core.package_identification:_identify(cpp02_service) by extension 'colcon_meta'
[0.142s] Level 1:colcon.colcon_core.package_identification:_identify(cpp02_service) by extensions ['ros']
[0.142s] Level 1:colcon.colcon_core.package_identification:_identify(cpp02_service) by extension 'ros'
[0.143s] DEBUG:colcon.colcon_core.package_identification:Package 'cpp02_service' with type 'ros.ament_cmake' and name 'cpp02_service'
[0.143s] Level 1:colcon.colcon_core.package_identification:_identify(cpp03_action) by extensions ['ignore', 'ignore_ament_install']
[0.143s] Level 1:colcon.colcon_core.package_identification:_identify(cpp03_action) by extension 'ignore'
[0.143s] Level 1:colcon.colcon_core.package_identification:_identify(cpp03_action) by extension 'ignore_ament_install'
[0.143s] Level 1:colcon.colcon_core.package_identification:_identify(cpp03_action) by extensions ['colcon_pkg']
[0.143s] Level 1:colcon.colcon_core.package_identification:_identify(cpp03_action) by extension 'colcon_pkg'
[0.143s] Level 1:colcon.colcon_core.package_identification:_identify(cpp03_action) by extensions ['colcon_meta']
[0.143s] Level 1:colcon.colcon_core.package_identification:_identify(cpp03_action) by extension 'colcon_meta'
[0.143s] Level 1:colcon.colcon_core.package_identification:_identify(cpp03_action) by extensions ['ros']
[0.143s] Level 1:colcon.colcon_core.package_identification:_identify(cpp03_action) by extension 'ros'
[0.143s] DEBUG:colcon.colcon_core.package_identification:Package 'cpp03_action' with type 'ros.ament_cmake' and name 'cpp03_action'
[0.143s] Level 1:colcon.colcon_core.package_identification:_identify(install) by extensions ['ignore', 'ignore_ament_install']
[0.143s] Level 1:colcon.colcon_core.package_identification:_identify(install) by extension 'ignore'
[0.143s] Level 1:colcon.colcon_core.package_identification:_identify(install) ignored
[0.144s] Level 1:colcon.colcon_core.package_identification:_identify(log) by extensions ['ignore', 'ignore_ament_install']
[0.144s] Level 1:colcon.colcon_core.package_identification:_identify(log) by extension 'ignore'
[0.144s] Level 1:colcon.colcon_core.package_identification:_identify(log) ignored
[0.144s] Level 1:colcon.colcon_core.package_discovery:discover_packages(recursive) using defaults
[0.144s] Level 1:colcon.colcon_core.package_discovery:discover_packages(ignore) discover
[0.144s] Level 1:colcon.colcon_core.package_discovery:discover_packages(ignore) using defaults
[0.144s] Level 1:colcon.colcon_core.package_discovery:discover_packages(path) discover
[0.144s] Level 1:colcon.colcon_core.package_discovery:discover_packages(path) using defaults
[0.156s] INFO:colcon.colcon_core.package_selection:Skipping not selected package 'base_interfaces_demo' in 'base_interfaces_demo'
[0.156s] INFO:colcon.colcon_core.package_selection:Skipping not selected package 'cpp01_topic' in 'cpp01_topic'
[0.156s] INFO:colcon.colcon_core.package_selection:Skipping not selected package 'cpp02_service' in 'cpp02_service'
[0.156s] Level 1:colcon.colcon_core.package_discovery:discover_packages(prefix_path) check parameters
[0.156s] Level 1:colcon.colcon_core.package_discovery:discover_packages(prefix_path) discover
[0.157s] DEBUG:colcon.colcon_installed_package_information.package_discovery:Found 3 installed packages in /home/bbbkkk/ws01_plumbing/src/install
[0.157s] DEBUG:colcon.colcon_installed_package_information.package_discovery:Found 3 installed packages in /home/bbbkkk/ws01_plumbing/install
[0.158s] DEBUG:colcon.colcon_installed_package_information.package_discovery:Found 271 installed packages in /opt/ros/humble
[0.159s] Level 1:colcon.colcon_core.package_discovery:discover_packages(prefix_path) using defaults
[0.181s] Level 5:colcon.colcon_core.verb:set package 'cpp03_action' build argument 'cmake_args' from command line to 'None'
[0.181s] Level 5:colcon.colcon_core.verb:set package 'cpp03_action' build argument 'cmake_target' from command line to 'None'
[0.181s] Level 5:colcon.colcon_core.verb:set package 'cpp03_action' build argument 'cmake_target_skip_unavailable' from command line to 'False'
[0.181s] Level 5:colcon.colcon_core.verb:set package 'cpp03_action' build argument 'cmake_clean_cache' from command line to 'False'
[0.181s] Level 5:colcon.colcon_core.verb:set package 'cpp03_action' build argument 'cmake_clean_first' from command line to 'False'
[0.181s] Level 5:colcon.colcon_core.verb:set package 'cpp03_action' build argument 'cmake_force_configure' from command line to 'False'
[0.181s] Level 5:colcon.colcon_core.verb:set package 'cpp03_action' build argument 'ament_cmake_args' from command line to 'None'
[0.181s] Level 5:colcon.colcon_core.verb:set package 'cpp03_action' build argument 'catkin_cmake_args' from command line to 'None'
[0.181s] Level 5:colcon.colcon_core.verb:set package 'cpp03_action' build argument 'catkin_skip_building_tests' from command line to 'False'
[0.181s] DEBUG:colcon.colcon_core.verb:Building package 'cpp03_action' with the following arguments: {'ament_cmake_args': None, 'build_base': '/home/bbbkkk/ws01_plumbing/src/build/cpp03_action', 'catkin_cmake_args': None, 'catkin_skip_building_tests': False, 'cmake_args': None, 'cmake_clean_cache': False, 'cmake_clean_first': False, 'cmake_force_configure': False, 'cmake_target': None, 'cmake_target_skip_unavailable': False, 'install_base': '/home/bbbkkk/ws01_plumbing/src/install/cpp03_action', 'merge_install': False, 'path': '/home/bbbkkk/ws01_plumbing/src/cpp03_action', 'symlink_install': False, 'test_result_base': None}
[0.181s] INFO:colcon.colcon_core.executor:Executing jobs using 'parallel' executor
[0.182s] DEBUG:colcon.colcon_parallel_executor.executor.parallel:run_until_complete
[0.183s] INFO:colcon.colcon_ros.task.ament_cmake.build:Building ROS package in '/home/bbbkkk/ws01_plumbing/src/cpp03_action' with build type 'ament_cmake'
[0.183s] INFO:colcon.colcon_cmake.task.cmake.build:Building CMake package in '/home/bbbkkk/ws01_plumbing/src/cpp03_action'
[0.184s] INFO:colcon.colcon_core.plugin_system:Skipping extension 'colcon_core.shell.bat': Not used on non-Windows systems
[0.184s] INFO:colcon.colcon_core.shell:Skip shell extension 'powershell' for command environment: Not usable outside of PowerShell
[0.184s] DEBUG:colcon.colcon_core.shell:Skip shell extension 'dsv' for command environment
[0.200s] DEBUG:colcon.colcon_core.event_handler.log_command:Invoking command in '/home/bbbkkk/ws01_plumbing/src/build/cpp03_action': CMAKE_PREFIX_PATH=/home/bbbkkk/ws01_plumbing/src/install/base_interfaces_demo:/home/bbbkkk/ws01_plumbing/src/install/cpp03_action:/home/bbbkkk/ws01_plumbing/install/cpp02_service:/home/bbbkkk/ws01_plumbing/install/cpp01_topic:/home/bbbkkk/ws01_plumbing/install/base_interfaces_demo:/home/bbbkkk/ws01_plumbing/src/install/cpp01_topic:/opt/ros/humble LD_LIBRARY_PATH=/home/bbbkkk/ws01_plumbing/src/install/base_interfaces_demo/lib:/home/bbbkkk/ws01_plumbing/install/base_interfaces_demo/lib:/opt/ros/humble/opt/rviz_ogre_vendor/lib:/opt/ros/humble/lib/x86_64-linux-gnu:/opt/ros/humble/lib /usr/bin/cmake --build /home/bbbkkk/ws01_plumbing/src/build/cpp03_action -- -j5 -l5
[0.255s] DEBUG:colcon.colcon_core.event_handler.log_command:Invoked command in '/home/bbbkkk/ws01_plumbing/src/build/cpp03_action' returned '0': CMAKE_PREFIX_PATH=/home/bbbkkk/ws01_plumbing/src/install/base_interfaces_demo:/home/bbbkkk/ws01_plumbing/src/install/cpp03_action:/home/bbbkkk/ws01_plumbing/install/cpp02_service:/home/bbbkkk/ws01_plumbing/install/cpp01_topic:/home/bbbkkk/ws01_plumbing/install/base_interfaces_demo:/home/bbbkkk/ws01_plumbing/src/install/cpp01_topic:/opt/ros/humble LD_LIBRARY_PATH=/home/bbbkkk/ws01_plumbing/src/install/base_interfaces_demo/lib:/home/bbbkkk/ws01_plumbing/install/base_interfaces_demo/lib:/opt/ros/humble/opt/rviz_ogre_vendor/lib:/opt/ros/humble/lib/x86_64-linux-gnu:/opt/ros/humble/lib /usr/bin/cmake --build /home/bbbkkk/ws01_plumbing/src/build/cpp03_action -- -j5 -l5
[0.264s] DEBUG:colcon.colcon_core.event_handler.log_command:Invoking command in '/home/bbbkkk/ws01_plumbing/src/build/cpp03_action': CMAKE_PREFIX_PATH=/home/bbbkkk/ws01_plumbing/src/install/base_interfaces_demo:/home/bbbkkk/ws01_plumbing/src/install/cpp03_action:/home/bbbkkk/ws01_plumbing/install/cpp02_service:/home/bbbkkk/ws01_plumbing/install/cpp01_topic:/home/bbbkkk/ws01_plumbing/install/base_interfaces_demo:/home/bbbkkk/ws01_plumbing/src/install/cpp01_topic:/opt/ros/humble LD_LIBRARY_PATH=/home/bbbkkk/ws01_plumbing/src/install/base_interfaces_demo/lib:/home/bbbkkk/ws01_plumbing/install/base_interfaces_demo/lib:/opt/ros/humble/opt/rviz_ogre_vendor/lib:/opt/ros/humble/lib/x86_64-linux-gnu:/opt/ros/humble/lib /usr/bin/cmake --install /home/bbbkkk/ws01_plumbing/src/build/cpp03_action
[0.272s] Level 1:colcon.colcon_core.environment:create_environment_scripts_only(cpp03_action)
[0.272s] DEBUG:colcon.colcon_core.event_handler.log_command:Invoked command in '/home/bbbkkk/ws01_plumbing/src/build/cpp03_action' returned '0': CMAKE_PREFIX_PATH=/home/bbbkkk/ws01_plumbing/src/install/base_interfaces_demo:/home/bbbkkk/ws01_plumbing/src/install/cpp03_action:/home/bbbkkk/ws01_plumbing/install/cpp02_service:/home/bbbkkk/ws01_plumbing/install/cpp01_topic:/home/bbbkkk/ws01_plumbing/install/base_interfaces_demo:/home/bbbkkk/ws01_plumbing/src/install/cpp01_topic:/opt/ros/humble LD_LIBRARY_PATH=/home/bbbkkk/ws01_plumbing/src/install/base_interfaces_demo/lib:/home/bbbkkk/ws01_plumbing/install/base_interfaces_demo/lib:/opt/ros/humble/opt/rviz_ogre_vendor/lib:/opt/ros/humble/lib/x86_64-linux-gnu:/opt/ros/humble/lib /usr/bin/cmake --install /home/bbbkkk/ws01_plumbing/src/build/cpp03_action
[0.273s] Level 1:colcon.colcon_core.environment:checking '/home/bbbkkk/ws01_plumbing/src/install/cpp03_action' for CMake module files
[0.274s] Level 1:colcon.colcon_core.environment:checking '/home/bbbkkk/ws01_plumbing/src/install/cpp03_action' for CMake config files
[0.274s] Level 1:colcon.colcon_core.shell:create_environment_hook('cpp03_action', 'cmake_prefix_path')
[0.274s] INFO:colcon.colcon_core.shell:Creating environment hook '/home/bbbkkk/ws01_plumbing/src/install/cpp03_action/share/cpp03_action/hook/cmake_prefix_path.ps1'
[0.275s] INFO:colcon.colcon_core.shell:Creating environment descriptor '/home/bbbkkk/ws01_plumbing/src/install/cpp03_action/share/cpp03_action/hook/cmake_prefix_path.dsv'
[0.275s] INFO:colcon.colcon_core.shell:Creating environment hook '/home/bbbkkk/ws01_plumbing/src/install/cpp03_action/share/cpp03_action/hook/cmake_prefix_path.sh'
[0.276s] Level 1:colcon.colcon_core.environment:checking '/home/bbbkkk/ws01_plumbing/src/install/cpp03_action/lib'
[0.276s] Level 1:colcon.colcon_core.environment:checking '/home/bbbkkk/ws01_plumbing/src/install/cpp03_action/bin'
[0.276s] Level 1:colcon.colcon_core.environment:checking '/home/bbbkkk/ws01_plumbing/src/install/cpp03_action/lib/pkgconfig/cpp03_action.pc'
[0.276s] Level 1:colcon.colcon_core.environment:checking '/home/bbbkkk/ws01_plumbing/src/install/cpp03_action/lib/python3.10/site-packages'
[0.276s] Level 1:colcon.colcon_core.environment:checking '/home/bbbkkk/ws01_plumbing/src/install/cpp03_action/bin'
[0.276s] INFO:colcon.colcon_core.shell:Creating package script '/home/bbbkkk/ws01_plumbing/src/install/cpp03_action/share/cpp03_action/package.ps1'
[0.277s] INFO:colcon.colcon_core.shell:Creating package descriptor '/home/bbbkkk/ws01_plumbing/src/install/cpp03_action/share/cpp03_action/package.dsv'
[0.277s] INFO:colcon.colcon_core.shell:Creating package script '/home/bbbkkk/ws01_plumbing/src/install/cpp03_action/share/cpp03_action/package.sh'
[0.278s] INFO:colcon.colcon_core.shell:Creating package script '/home/bbbkkk/ws01_plumbing/src/install/cpp03_action/share/cpp03_action/package.bash'
[0.278s] INFO:colcon.colcon_core.shell:Creating package script '/home/bbbkkk/ws01_plumbing/src/install/cpp03_action/share/cpp03_action/package.zsh'
[0.279s] Level 1:colcon.colcon_core.environment:create_file_with_runtime_dependencies(/home/bbbkkk/ws01_plumbing/src/install/cpp03_action/share/colcon-core/packages/cpp03_action)
[0.280s] Level 1:colcon.colcon_core.environment:create_environment_scripts_only(cpp03_action)
[0.280s] Level 1:colcon.colcon_core.environment:checking '/home/bbbkkk/ws01_plumbing/src/install/cpp03_action' for CMake module files
[0.280s] Level 1:colcon.colcon_core.environment:checking '/home/bbbkkk/ws01_plumbing/src/install/cpp03_action' for CMake config files
[0.280s] Level 1:colcon.colcon_core.shell:create_environment_hook('cpp03_action', 'cmake_prefix_path')
[0.280s] INFO:colcon.colcon_core.shell:Creating environment hook '/home/bbbkkk/ws01_plumbing/src/install/cpp03_action/share/cpp03_action/hook/cmake_prefix_path.ps1'
[0.280s] INFO:colcon.colcon_core.shell:Creating environment descriptor '/home/bbbkkk/ws01_plumbing/src/install/cpp03_action/share/cpp03_action/hook/cmake_prefix_path.dsv'
[0.281s] INFO:colcon.colcon_core.shell:Creating environment hook '/home/bbbkkk/ws01_plumbing/src/install/cpp03_action/share/cpp03_action/hook/cmake_prefix_path.sh'
[0.282s] Level 1:colcon.colcon_core.environment:checking '/home/bbbkkk/ws01_plumbing/src/install/cpp03_action/lib'
[0.282s] Level 1:colcon.colcon_core.environment:checking '/home/bbbkkk/ws01_plumbing/src/install/cpp03_action/bin'
[0.282s] Level 1:colcon.colcon_core.environment:checking '/home/bbbkkk/ws01_plumbing/src/install/cpp03_action/lib/pkgconfig/cpp03_action.pc'
[0.283s] Level 1:colcon.colcon_core.environment:checking '/home/bbbkkk/ws01_plumbing/src/install/cpp03_action/lib/python3.10/site-packages'
[0.283s] Level 1:colcon.colcon_core.environment:checking '/home/bbbkkk/ws01_plumbing/src/install/cpp03_action/bin'
[0.283s] INFO:colcon.colcon_core.shell:Creating package script '/home/bbbkkk/ws01_plumbing/src/install/cpp03_action/share/cpp03_action/package.ps1'
[0.283s] INFO:colcon.colcon_core.shell:Creating package descriptor '/home/bbbkkk/ws01_plumbing/src/install/cpp03_action/share/cpp03_action/package.dsv'
[0.284s] INFO:colcon.colcon_core.shell:Creating package script '/home/bbbkkk/ws01_plumbing/src/install/cpp03_action/share/cpp03_action/package.sh'
[0.284s] INFO:colcon.colcon_core.shell:Creating package script '/home/bbbkkk/ws01_plumbing/src/install/cpp03_action/share/cpp03_action/package.bash'
[0.285s] INFO:colcon.colcon_core.shell:Creating package script '/home/bbbkkk/ws01_plumbing/src/install/cpp03_action/share/cpp03_action/package.zsh'
[0.285s] Level 1:colcon.colcon_core.environment:create_file_with_runtime_dependencies(/home/bbbkkk/ws01_plumbing/src/install/cpp03_action/share/colcon-core/packages/cpp03_action)
[0.285s] DEBUG:colcon.colcon_parallel_executor.executor.parallel:closing loop
[0.286s] DEBUG:colcon.colcon_parallel_executor.executor.parallel:loop closed
[0.286s] DEBUG:colcon.colcon_parallel_executor.executor.parallel:run_until_complete finished with '0'
[0.286s] DEBUG:colcon.colcon_core.event_reactor:joining thread
[0.290s] INFO:colcon.colcon_core.plugin_system:Skipping extension 'colcon_notification.desktop_notification.terminal_notifier': Not used on non-Darwin systems
[0.290s] INFO:colcon.colcon_core.plugin_system:Skipping extension 'colcon_notification.desktop_notification.win32': Not used on non-Windows systems
[0.290s] INFO:colcon.colcon_notification.desktop_notification:Sending desktop notification using 'notify2'
[0.304s] DEBUG:colcon.colcon_core.event_reactor:joined thread
[0.304s] INFO:colcon.colcon_core.shell:Creating prefix script '/home/bbbkkk/ws01_plumbing/src/install/local_setup.ps1'
[0.305s] INFO:colcon.colcon_core.shell:Creating prefix util module '/home/bbbkkk/ws01_plumbing/src/install/_local_setup_util_ps1.py'
[0.306s] INFO:colcon.colcon_core.shell:Creating prefix chain script '/home/bbbkkk/ws01_plumbing/src/install/setup.ps1'
[0.307s] INFO:colcon.colcon_core.shell:Creating prefix script '/home/bbbkkk/ws01_plumbing/src/install/local_setup.sh'
[0.307s] INFO:colcon.colcon_core.shell:Creating prefix util module '/home/bbbkkk/ws01_plumbing/src/install/_local_setup_util_sh.py'
[0.308s] INFO:colcon.colcon_core.shell:Creating prefix chain script '/home/bbbkkk/ws01_plumbing/src/install/setup.sh'
[0.309s] INFO:colcon.colcon_core.shell:Creating prefix script '/home/bbbkkk/ws01_plumbing/src/install/local_setup.bash'
[0.309s] INFO:colcon.colcon_core.shell:Creating prefix chain script '/home/bbbkkk/ws01_plumbing/src/install/setup.bash'
[0.310s] INFO:colcon.colcon_core.shell:Creating prefix script '/home/bbbkkk/ws01_plumbing/src/install/local_setup.zsh'
[0.310s] INFO:colcon.colcon_core.shell:Creating prefix chain script '/home/bbbkkk/ws01_plumbing/src/install/setup.zsh'
