[0.009s] Invoking command in '/home/bbbkkk/ws02_tools/build/cpp01_launch': CMAKE_PREFIX_PATH=${CMAKE_PREFIX_PATH}:/opt/ros/humble /usr/bin/cmake --build /home/bbbkkk/ws02_tools/build/cpp01_launch -- -j5 -l5
[0.045s] Invoked command in '/home/bbbkkk/ws02_tools/build/cpp01_launch' returned '0': CMAKE_PREFIX_PATH=${CMAKE_PREFIX_PATH}:/opt/ros/humble /usr/bin/cmake --build /home/bbbkkk/ws02_tools/build/cpp01_launch -- -j5 -l5
[0.052s] Invoking command in '/home/bbbkkk/ws02_tools/build/cpp01_launch': CMAKE_PREFIX_PATH=${CMAKE_PREFIX_PATH}:/opt/ros/humble /usr/bin/cmake --install /home/bbbkkk/ws02_tools/build/cpp01_launch
[0.059s] -- Install configuration: ""
[0.059s] -- Up-to-date: /home/bbbkkk/ws02_tools/install/cpp01_launch/share/cpp01_launch/launch
[0.059s] -- Up-to-date: /home/bbbkkk/ws02_tools/install/cpp01_launch/share/cpp01_launch/launch/xml
[0.059s] -- Installing: /home/bbbkkk/ws02_tools/install/cpp01_launch/share/cpp01_launch/launch/xml/xm01_helloworld_launch.xml
[0.059s] -- Up-to-date: /home/bbbkkk/ws02_tools/install/cpp01_launch/share/cpp01_launch/launch/py
[0.059s] -- Up-to-date: /home/bbbkkk/ws02_tools/install/cpp01_launch/share/cpp01_launch/launch/py/py01_helloworld_launch.py
[0.059s] -- Up-to-date: /home/bbbkkk/ws02_tools/install/cpp01_launch/share/cpp01_launch/launch/yaml
[0.059s] -- Up-to-date: /home/bbbkkk/ws02_tools/install/cpp01_launch/share/ament_index/resource_index/package_run_dependencies/cpp01_launch
[0.059s] -- Up-to-date: /home/bbbkkk/ws02_tools/install/cpp01_launch/share/ament_index/resource_index/parent_prefix_path/cpp01_launch
[0.059s] -- Up-to-date: /home/bbbkkk/ws02_tools/install/cpp01_launch/share/cpp01_launch/environment/ament_prefix_path.sh
[0.059s] -- Up-to-date: /home/bbbkkk/ws02_tools/install/cpp01_launch/share/cpp01_launch/environment/ament_prefix_path.dsv
[0.059s] -- Up-to-date: /home/bbbkkk/ws02_tools/install/cpp01_launch/share/cpp01_launch/environment/path.sh
[0.060s] -- Up-to-date: /home/bbbkkk/ws02_tools/install/cpp01_launch/share/cpp01_launch/environment/path.dsv
[0.060s] -- Up-to-date: /home/bbbkkk/ws02_tools/install/cpp01_launch/share/cpp01_launch/local_setup.bash
[0.060s] -- Up-to-date: /home/bbbkkk/ws02_tools/install/cpp01_launch/share/cpp01_launch/local_setup.sh
[0.060s] -- Up-to-date: /home/bbbkkk/ws02_tools/install/cpp01_launch/share/cpp01_launch/local_setup.zsh
[0.060s] -- Up-to-date: /home/bbbkkk/ws02_tools/install/cpp01_launch/share/cpp01_launch/local_setup.dsv
[0.060s] -- Installing: /home/bbbkkk/ws02_tools/install/cpp01_launch/share/cpp01_launch/package.dsv
[0.061s] -- Up-to-date: /home/bbbkkk/ws02_tools/install/cpp01_launch/share/ament_index/resource_index/packages/cpp01_launch
[0.061s] -- Up-to-date: /home/bbbkkk/ws02_tools/install/cpp01_launch/share/cpp01_launch/cmake/cpp01_launchConfig.cmake
[0.061s] -- Up-to-date: /home/bbbkkk/ws02_tools/install/cpp01_launch/share/cpp01_launch/cmake/cpp01_launchConfig-version.cmake
[0.061s] -- Up-to-date: /home/bbbkkk/ws02_tools/install/cpp01_launch/share/cpp01_launch/package.xml
[0.061s] Invoked command in '/home/bbbkkk/ws02_tools/build/cpp01_launch' returned '0': CMAKE_PREFIX_PATH=${CMAKE_PREFIX_PATH}:/opt/ros/humble /usr/bin/cmake --install /home/bbbkkk/ws02_tools/build/cpp01_launch
