[0.008s] Invoking command in '/home/bbbkkk/ws02_tools/src/build/cpp06_urdf': CMAKE_PREFIX_PATH=${CMAKE_PREFIX_PATH}:/opt/ros/humble /usr/bin/cmake /home/bbbkkk/ws02_tools/src/cpp06_urdf -DCMAKE_INSTALL_PREFIX=/home/bbbkkk/ws02_tools/src/install/cpp06_urdf
[0.056s] -- The C compiler identification is GNU 11.4.0
[0.094s] -- The CXX compiler identification is GNU 11.4.0
[0.099s] -- Detecting C compiler ABI info
[0.161s] -- Detecting C compiler ABI info - done
[0.163s] -- Check for working C compiler: /usr/bin/cc - skipped
[0.163s] -- Detecting C compile features
[0.163s] -- Detecting C compile features - done
[0.165s] -- Detecting CXX compiler ABI info
[0.229s] -- Detecting CXX compiler ABI info - done
[0.233s] -- Check for working CXX compiler: /usr/bin/c++ - skipped
[0.233s] -- Detecting CXX compile features
[0.233s] -- Detecting CXX compile features - done
[0.247s] -- Found ament_cmake: 1.3.12 (/opt/ros/humble/share/ament_cmake/cmake)
[0.354s] -- Found Python3: /usr/bin/python3 (found version "3.10.12") found components: Interpreter 
[0.451s] -- Found ament_lint_auto: 0.12.14 (/opt/ros/humble/share/ament_lint_auto/cmake)
[0.518s] -- Added test 'flake8' to check Python code syntax and style conventions
[0.519s] -- Added test 'lint_cmake' to check CMake code style
[0.519s] -- Added test 'pep257' to check Python code against some of the docstring style conventions in PEP 257
[0.521s] -- Added test 'xmllint' to check XML markup files
[0.525s] -- Configuring done
[0.526s] -- Generating done
[0.526s] -- Build files have been written to: /home/bbbkkk/ws02_tools/src/build/cpp06_urdf
[0.530s] Invoked command in '/home/bbbkkk/ws02_tools/src/build/cpp06_urdf' returned '0': CMAKE_PREFIX_PATH=${CMAKE_PREFIX_PATH}:/opt/ros/humble /usr/bin/cmake /home/bbbkkk/ws02_tools/src/cpp06_urdf -DCMAKE_INSTALL_PREFIX=/home/bbbkkk/ws02_tools/src/install/cpp06_urdf
[0.531s] Invoking command in '/home/bbbkkk/ws02_tools/src/build/cpp06_urdf': CMAKE_PREFIX_PATH=${CMAKE_PREFIX_PATH}:/opt/ros/humble /usr/bin/cmake --build /home/bbbkkk/ws02_tools/src/build/cpp06_urdf -- -j5 -l5
[0.562s] Invoked command in '/home/bbbkkk/ws02_tools/src/build/cpp06_urdf' returned '0': CMAKE_PREFIX_PATH=${CMAKE_PREFIX_PATH}:/opt/ros/humble /usr/bin/cmake --build /home/bbbkkk/ws02_tools/src/build/cpp06_urdf -- -j5 -l5
[0.569s] Invoking command in '/home/bbbkkk/ws02_tools/src/build/cpp06_urdf': CMAKE_PREFIX_PATH=${CMAKE_PREFIX_PATH}:/opt/ros/humble /usr/bin/cmake --install /home/bbbkkk/ws02_tools/src/build/cpp06_urdf
[0.574s] -- Install configuration: ""
[0.574s] -- Installing: /home/bbbkkk/ws02_tools/src/install/cpp06_urdf/share/cpp06_urdf/launch
[0.574s] -- Installing: /home/bbbkkk/ws02_tools/src/install/cpp06_urdf/share/cpp06_urdf/launch/display_launch.py
[0.574s] -- Installing: /home/bbbkkk/ws02_tools/src/install/cpp06_urdf/share/cpp06_urdf/rviz
[0.574s] -- Installing: /home/bbbkkk/ws02_tools/src/install/cpp06_urdf/share/cpp06_urdf/rviz/urdf.rviz
[0.574s] -- Installing: /home/bbbkkk/ws02_tools/src/install/cpp06_urdf/share/cpp06_urdf/urdf
[0.574s] -- Installing: /home/bbbkkk/ws02_tools/src/install/cpp06_urdf/share/cpp06_urdf/urdf/urdf
[0.574s] -- Installing: /home/bbbkkk/ws02_tools/src/install/cpp06_urdf/share/cpp06_urdf/urdf/urdf/demo02_link.urdf
[0.574s] -- Installing: /home/bbbkkk/ws02_tools/src/install/cpp06_urdf/share/cpp06_urdf/urdf/urdf/demo04_car.urdf
[0.574s] -- Installing: /home/bbbkkk/ws02_tools/src/install/cpp06_urdf/share/cpp06_urdf/urdf/urdf/demo03_joint.urdf
[0.575s] -- Installing: /home/bbbkkk/ws02_tools/src/install/cpp06_urdf/share/cpp06_urdf/urdf/urdf/demo01_helloworld.urdf
[0.575s] -- Installing: /home/bbbkkk/ws02_tools/src/install/cpp06_urdf/share/cpp06_urdf/urdf/xacro
[0.575s] -- Installing: /home/bbbkkk/ws02_tools/src/install/cpp06_urdf/share/cpp06_urdf/meshes
[0.575s] -- Installing: /home/bbbkkk/ws02_tools/src/install/cpp06_urdf/share/ament_index/resource_index/package_run_dependencies/cpp06_urdf
[0.575s] -- Installing: /home/bbbkkk/ws02_tools/src/install/cpp06_urdf/share/ament_index/resource_index/parent_prefix_path/cpp06_urdf
[0.575s] -- Installing: /home/bbbkkk/ws02_tools/src/install/cpp06_urdf/share/cpp06_urdf/environment/ament_prefix_path.sh
[0.575s] -- Installing: /home/bbbkkk/ws02_tools/src/install/cpp06_urdf/share/cpp06_urdf/environment/ament_prefix_path.dsv
[0.575s] -- Installing: /home/bbbkkk/ws02_tools/src/install/cpp06_urdf/share/cpp06_urdf/environment/path.sh
[0.575s] -- Installing: /home/bbbkkk/ws02_tools/src/install/cpp06_urdf/share/cpp06_urdf/environment/path.dsv
[0.575s] -- Installing: /home/bbbkkk/ws02_tools/src/install/cpp06_urdf/share/cpp06_urdf/local_setup.bash
[0.576s] -- Installing: /home/bbbkkk/ws02_tools/src/install/cpp06_urdf/share/cpp06_urdf/local_setup.sh
[0.576s] -- Installing: /home/bbbkkk/ws02_tools/src/install/cpp06_urdf/share/cpp06_urdf/local_setup.zsh
[0.576s] -- Installing: /home/bbbkkk/ws02_tools/src/install/cpp06_urdf/share/cpp06_urdf/local_setup.dsv
[0.576s] -- Installing: /home/bbbkkk/ws02_tools/src/install/cpp06_urdf/share/cpp06_urdf/package.dsv
[0.576s] -- Installing: /home/bbbkkk/ws02_tools/src/install/cpp06_urdf/share/ament_index/resource_index/packages/cpp06_urdf
[0.576s] -- Installing: /home/bbbkkk/ws02_tools/src/install/cpp06_urdf/share/cpp06_urdf/cmake/cpp06_urdfConfig.cmake
[0.576s] -- Installing: /home/bbbkkk/ws02_tools/src/install/cpp06_urdf/share/cpp06_urdf/cmake/cpp06_urdfConfig-version.cmake
[0.576s] -- Installing: /home/bbbkkk/ws02_tools/src/install/cpp06_urdf/share/cpp06_urdf/package.xml
[0.579s] Invoked command in '/home/bbbkkk/ws02_tools/src/build/cpp06_urdf' returned '0': CMAKE_PREFIX_PATH=${CMAKE_PREFIX_PATH}:/opt/ros/humble /usr/bin/cmake --install /home/bbbkkk/ws02_tools/src/build/cpp06_urdf
