[0.006s] Invoking command in '/home/bbbkkk/ws01_plumbing/src/build/cpp01_topic': AMENT_PREFIX_PATH=/home/bbbkkk/ws01_plumbing/src/install/base_interfaces_demo:${AMENT_PREFIX_PATH} CMAKE_PREFIX_PATH=/home/bbbkkk/ws01_plumbing/src/install/base_interfaces_demo:/opt/ros/humble /usr/bin/cmake /home/bbbkkk/ws01_plumbing/src/cpp01_topic -DCMAKE_INSTALL_PREFIX=/home/bbbkkk/ws01_plumbing/src/install/cpp01_topic
[0.056s] -- The C compiler identification is GNU 11.4.0
[0.099s] -- The CXX compiler identification is GNU 11.4.0
[0.105s] -- Detecting C compiler ABI info
[0.162s] -- Detecting C compiler ABI info - done
[0.166s] -- Check for working C compiler: /usr/bin/cc - skipped
[0.166s] -- Detecting C compile features
[0.166s] -- Detecting C compile features - done
[0.170s] -- Detecting CXX compiler ABI info
[0.240s] -- Detecting CXX compiler ABI info - done
[0.244s] -- Check for working CXX compiler: /usr/bin/c++ - skipped
[0.244s] -- Detecting CXX compile features
[0.244s] -- Detecting CXX compile features - done
[0.245s] -- Found ament_cmake: 1.3.12 (/opt/ros/humble/share/ament_cmake/cmake)
[0.350s] -- Found Python3: /usr/bin/python3 (found version "3.10.12") found components: Interpreter 
[0.424s] -- Found rclcpp: 16.0.15 (/opt/ros/humble/share/rclcpp/cmake)
[0.496s] -- Found rosidl_generator_c: 3.1.7 (/opt/ros/humble/share/rosidl_generator_c/cmake)
[0.505s] -- Found rosidl_adapter: 3.1.7 (/opt/ros/humble/share/rosidl_adapter/cmake)
[0.520s] -- Found rosidl_generator_cpp: 3.1.7 (/opt/ros/humble/share/rosidl_generator_cpp/cmake)
[0.541s] -- Using all available rosidl_typesupport_c: rosidl_typesupport_fastrtps_c;rosidl_typesupport_introspection_c
[0.563s] -- Using all available rosidl_typesupport_cpp: rosidl_typesupport_fastrtps_cpp;rosidl_typesupport_introspection_cpp
[0.630s] -- Found rmw_implementation_cmake: 6.1.2 (/opt/ros/humble/share/rmw_implementation_cmake/cmake)
[0.634s] -- Found rmw_fastrtps_cpp: 6.2.9 (/opt/ros/humble/share/rmw_fastrtps_cpp/cmake)
[0.732s] -- Found OpenSSL: /usr/lib/x86_64-linux-gnu/libcrypto.so (found version "3.0.2")  
[0.749s] -- Found FastRTPS: /opt/ros/humble/include  
[0.781s] -- Using RMW implementation 'rmw_fastrtps_cpp' as default
[0.796s] -- Looking for pthread.h
[0.863s] -- Looking for pthread.h - found
[0.863s] -- Performing Test CMAKE_HAVE_LIBC_PTHREAD
[0.932s] -- Performing Test CMAKE_HAVE_LIBC_PTHREAD - Success
[0.932s] -- Found Threads: TRUE  
[1.011s] -- Found base_interfaces_demo: 0.0.0 (/home/bbbkkk/ws01_plumbing/src/install/base_interfaces_demo/share/base_interfaces_demo/cmake)
[1.011s] -- Found ament_lint_auto: 0.12.14 (/opt/ros/humble/share/ament_lint_auto/cmake)
[1.055s] -- Added test 'cppcheck' to perform static code analysis on C / C++ code
[1.057s] -- Configured cppcheck include dirs: $<BUILD_INTERFACE:/home/bbbkkk/ws01_plumbing/src/cpp01_topic/include>
[1.057s] -- Configured cppcheck exclude dirs and/or files: 
[1.057s] -- Added test 'lint_cmake' to check CMake code style
[1.057s] -- Added test 'uncrustify' to check C / C++ code style
[1.057s] -- Configured uncrustify additional arguments: 
[1.057s] -- Added test 'xmllint' to check XML markup files
[1.058s] -- Configuring done
[1.065s] -- Generating done
[1.068s] -- Build files have been written to: /home/bbbkkk/ws01_plumbing/src/build/cpp01_topic
[1.076s] Invoked command in '/home/bbbkkk/ws01_plumbing/src/build/cpp01_topic' returned '0': AMENT_PREFIX_PATH=/home/bbbkkk/ws01_plumbing/src/install/base_interfaces_demo:${AMENT_PREFIX_PATH} CMAKE_PREFIX_PATH=/home/bbbkkk/ws01_plumbing/src/install/base_interfaces_demo:/opt/ros/humble /usr/bin/cmake /home/bbbkkk/ws01_plumbing/src/cpp01_topic -DCMAKE_INSTALL_PREFIX=/home/bbbkkk/ws01_plumbing/src/install/cpp01_topic
[1.077s] Invoking command in '/home/bbbkkk/ws01_plumbing/src/build/cpp01_topic': AMENT_PREFIX_PATH=/home/bbbkkk/ws01_plumbing/src/install/base_interfaces_demo:${AMENT_PREFIX_PATH} CMAKE_PREFIX_PATH=/home/bbbkkk/ws01_plumbing/src/install/base_interfaces_demo:/opt/ros/humble /usr/bin/cmake --build /home/bbbkkk/ws01_plumbing/src/build/cpp01_topic -- -j5 -l5
[1.122s] [ 50%] [32mBuilding CXX object CMakeFiles/demo01_talker_str.dir/src/demo01_talker_str.cpp.o[0m
[2.676s] [100%] [32m[1mLinking CXX executable demo01_talker_str[0m
[2.828s] [100%] Built target demo01_talker_str
[2.839s] Invoked command in '/home/bbbkkk/ws01_plumbing/src/build/cpp01_topic' returned '0': AMENT_PREFIX_PATH=/home/bbbkkk/ws01_plumbing/src/install/base_interfaces_demo:${AMENT_PREFIX_PATH} CMAKE_PREFIX_PATH=/home/bbbkkk/ws01_plumbing/src/install/base_interfaces_demo:/opt/ros/humble /usr/bin/cmake --build /home/bbbkkk/ws01_plumbing/src/build/cpp01_topic -- -j5 -l5
[2.839s] Invoking command in '/home/bbbkkk/ws01_plumbing/src/build/cpp01_topic': AMENT_PREFIX_PATH=/home/bbbkkk/ws01_plumbing/src/install/base_interfaces_demo:${AMENT_PREFIX_PATH} CMAKE_PREFIX_PATH=/home/bbbkkk/ws01_plumbing/src/install/base_interfaces_demo:/opt/ros/humble /usr/bin/cmake --install /home/bbbkkk/ws01_plumbing/src/build/cpp01_topic
[2.845s] -- Install configuration: ""
[2.845s] -- Installing: /home/bbbkkk/ws01_plumbing/src/install/cpp01_topic/lib/cpp01_topic/demo01_talker_str
[2.845s] -- Set runtime path of "/home/bbbkkk/ws01_plumbing/src/install/cpp01_topic/lib/cpp01_topic/demo01_talker_str" to ""
[2.845s] -- Installing: /home/bbbkkk/ws01_plumbing/src/install/cpp01_topic/share/ament_index/resource_index/package_run_dependencies/cpp01_topic
[2.845s] -- Installing: /home/bbbkkk/ws01_plumbing/src/install/cpp01_topic/share/ament_index/resource_index/parent_prefix_path/cpp01_topic
[2.845s] -- Installing: /home/bbbkkk/ws01_plumbing/src/install/cpp01_topic/share/cpp01_topic/environment/ament_prefix_path.sh
[2.845s] -- Installing: /home/bbbkkk/ws01_plumbing/src/install/cpp01_topic/share/cpp01_topic/environment/ament_prefix_path.dsv
[2.845s] -- Installing: /home/bbbkkk/ws01_plumbing/src/install/cpp01_topic/share/cpp01_topic/environment/path.sh
[2.845s] -- Installing: /home/bbbkkk/ws01_plumbing/src/install/cpp01_topic/share/cpp01_topic/environment/path.dsv
[2.845s] -- Installing: /home/bbbkkk/ws01_plumbing/src/install/cpp01_topic/share/cpp01_topic/local_setup.bash
[2.845s] -- Installing: /home/bbbkkk/ws01_plumbing/src/install/cpp01_topic/share/cpp01_topic/local_setup.sh
[2.845s] -- Installing: /home/bbbkkk/ws01_plumbing/src/install/cpp01_topic/share/cpp01_topic/local_setup.zsh
[2.845s] -- Installing: /home/bbbkkk/ws01_plumbing/src/install/cpp01_topic/share/cpp01_topic/local_setup.dsv
[2.845s] -- Installing: /home/bbbkkk/ws01_plumbing/src/install/cpp01_topic/share/cpp01_topic/package.dsv
[2.845s] -- Installing: /home/bbbkkk/ws01_plumbing/src/install/cpp01_topic/share/ament_index/resource_index/packages/cpp01_topic
[2.846s] -- Installing: /home/bbbkkk/ws01_plumbing/src/install/cpp01_topic/share/cpp01_topic/cmake/cpp01_topicConfig.cmake
[2.846s] -- Installing: /home/bbbkkk/ws01_plumbing/src/install/cpp01_topic/share/cpp01_topic/cmake/cpp01_topicConfig-version.cmake
[2.846s] -- Installing: /home/bbbkkk/ws01_plumbing/src/install/cpp01_topic/share/cpp01_topic/package.xml
[2.847s] Invoked command in '/home/bbbkkk/ws01_plumbing/src/build/cpp01_topic' returned '0': AMENT_PREFIX_PATH=/home/bbbkkk/ws01_plumbing/src/install/base_interfaces_demo:${AMENT_PREFIX_PATH} CMAKE_PREFIX_PATH=/home/bbbkkk/ws01_plumbing/src/install/base_interfaces_demo:/opt/ros/humble /usr/bin/cmake --install /home/bbbkkk/ws01_plumbing/src/build/cpp01_topic
