[0.014s] Invoking command in '/home/bbbkkk/ws02_tools/build/cpp03_tf_broadcaster': CMAKE_PREFIX_PATH=${CMAKE_PREFIX_PATH}:/opt/ros/humble /usr/bin/cmake --build /home/bbbkkk/ws02_tools/build/cpp03_tf_broadcaster -- -j5 -l5
[0.051s] -- Found ament_cmake: 1.3.12 (/opt/ros/humble/share/ament_cmake/cmake)
[0.154s] -- Found rclcpp: 16.0.15 (/opt/ros/humble/share/rclcpp/cmake)
[0.180s] -- Found rosidl_generator_c: 3.1.7 (/opt/ros/humble/share/rosidl_generator_c/cmake)
[0.182s] -- Found rosidl_adapter: 3.1.7 (/opt/ros/humble/share/rosidl_adapter/cmake)
[0.189s] -- Found rosidl_generator_cpp: 3.1.7 (/opt/ros/humble/share/rosidl_generator_cpp/cmake)
[0.194s] -- Using all available rosidl_typesupport_c: rosidl_typesupport_fastrtps_c;rosidl_typesupport_introspection_c
[0.201s] -- Using all available rosidl_typesupport_cpp: rosidl_typesupport_fastrtps_cpp;rosidl_typesupport_introspection_cpp
[0.227s] -- Found rmw_implementation_cmake: 6.1.2 (/opt/ros/humble/share/rmw_implementation_cmake/cmake)
[0.227s] -- Found rmw_fastrtps_cpp: 6.2.9 (/opt/ros/humble/share/rmw_fastrtps_cpp/cmake)
[0.298s] -- Using RMW implementation 'rmw_fastrtps_cpp' as default
[0.328s] -- Found tf2: 0.25.16 (/opt/ros/humble/share/tf2/cmake)
[0.344s] -- Found tf2_ros: 0.25.16 (/opt/ros/humble/share/tf2_ros/cmake)
[0.459s] -- Found turtlesim: 1.4.3 (/opt/ros/humble/share/turtlesim/cmake)
[0.479s] -- Found ament_lint_auto: 0.12.14 (/opt/ros/humble/share/ament_lint_auto/cmake)
[0.538s] -- Added test 'cppcheck' to perform static code analysis on C / C++ code
[0.538s] -- Configured cppcheck include dirs: $<BUILD_INTERFACE:/home/bbbkkk/ws02_tools/src/cpp03_tf_broadcaster/include>
[0.538s] -- Configured cppcheck exclude dirs and/or files: 
[0.538s] -- Added test 'lint_cmake' to check CMake code style
[0.538s] -- Added test 'uncrustify' to check C / C++ code style
[0.538s] -- Configured uncrustify additional arguments: 
[0.538s] -- Added test 'xmllint' to check XML markup files
[0.541s] -- Configuring done
[0.560s] -- Generating done
[0.568s] -- Build files have been written to: /home/bbbkkk/ws02_tools/build/cpp03_tf_broadcaster
[0.597s] [35m[1mConsolidate compiler generated dependencies of target demo01_static_tf[0m
[0.609s] [ 25%] [32mBuilding CXX object CMakeFiles/demo02_dy_tf.dir/src/demo02_dy_tf.cpp.o[0m
[0.617s] [ 75%] Built target demo01_static_tf
[2.185s] [01m[K/home/bbbkkk/ws02_tools/src/cpp03_tf_broadcaster/src/demo02_dy_tf.cpp:[m[K In constructor ‘[01m[KTFDyBroadcaster::TFDyBroadcaster()[m[K’:
[2.185s] [01m[K/home/bbbkkk/ws02_tools/src/cpp03_tf_broadcaster/src/demo02_dy_tf.cpp:9:52:[m[K [01;31m[Kerror: [m[Kno matching function for call to ‘[01m[Krclcpp::Subscription<turtlesim::msg::Pose_<std::allocator<void> > >::Subscription()[m[K’
[2.185s]     9 |   TFDyBroadcaster() : Node("tf_dy_broadcaster_node"[01;31m[K)[m[K {
[2.185s]       |                                                    [01;31m[K^[m[K
[2.185s] In file included from [01m[K/opt/ros/humble/include/rclcpp/rclcpp/any_executable.hpp:25[m[K,
[2.185s]                  from [01m[K/opt/ros/humble/include/rclcpp/rclcpp/memory_strategy.hpp:25[m[K,
[2.185s]                  from [01m[K/opt/ros/humble/include/rclcpp/rclcpp/memory_strategies.hpp:18[m[K,
[2.185s]                  from [01m[K/opt/ros/humble/include/rclcpp/rclcpp/executor_options.hpp:20[m[K,
[2.185s]                  from [01m[K/opt/ros/humble/include/rclcpp/rclcpp/executor.hpp:37[m[K,
[2.185s]                  from [01m[K/opt/ros/humble/include/rclcpp/rclcpp/executors/multi_threaded_executor.hpp:25[m[K,
[2.185s]                  from [01m[K/opt/ros/humble/include/rclcpp/rclcpp/executors.hpp:21[m[K,
[2.185s]                  from [01m[K/opt/ros/humble/include/rclcpp/rclcpp/rclcpp.hpp:155[m[K,
[2.185s]                  from [01m[K/home/bbbkkk/ws02_tools/src/cpp03_tf_broadcaster/src/demo02_dy_tf.cpp:1[m[K:
[2.185s] [01m[K/opt/ros/humble/include/rclcpp/rclcpp/subscription.hpp:130:3:[m[K [01;36m[Knote: [m[Kcandidate: ‘[01m[Krclcpp::Subscription<MessageT, AllocatorT, SubscribedT, ROSMessageT, MessageMemoryStrategyT>::Subscription(rclcpp::node_interfaces::NodeBaseInterface*, const rosidl_message_type_support_t&, const string&, const rclcpp::QoS&, rclcpp::AnySubscriptionCallback<CallbackMessageT, AllocatorT>, const rclcpp::SubscriptionOptionsWithAllocator<AllocatorT>&, typename MessageMemoryStrategyT::SharedPtr, rclcpp::Subscription<MessageT, AllocatorT, SubscribedT, ROSMessageT, MessageMemoryStrategyT>::SubscriptionTopicStatisticsSharedPtr) [with MessageT = turtlesim::msg::Pose_<std::allocator<void> >; AllocatorT = std::allocator<void>; SubscribedT = turtlesim::msg::Pose_<std::allocator<void> >; ROSMessageT = turtlesim::msg::Pose_<std::allocator<void> >; MessageMemoryStrategyT = rclcpp::message_memory_strategy::MessageMemoryStrategy<turtlesim::msg::Pose_<std::allocator<void> >, std::allocator<void> >; rosidl_message_type_support_t = rosidl_message_type_support_t; std::string = std::__cxx11::basic_string<char>; typename MessageMemoryStrategyT::SharedPtr = std::shared_ptr<rclcpp::message_memory_strategy::MessageMemoryStrategy<turtlesim::msg::Pose_<std::allocator<void> >, std::allocator<void> > >; rclcpp::Subscription<MessageT, AllocatorT, SubscribedT, ROSMessageT, MessageMemoryStrategyT>::SubscriptionTopicStatisticsSharedPtr = std::shared_ptr<rclcpp::topic_statistics::SubscriptionTopicStatistics<turtlesim::msg::Pose_<std::allocator<void> > > >][m[K’
[2.185s]   130 |   [01;36m[KSubscription[m[K(
[2.185s]       |   [01;36m[K^~~~~~~~~~~~[m[K
[2.185s] [01m[K/opt/ros/humble/include/rclcpp/rclcpp/subscription.hpp:130:3:[m[K [01;36m[Knote: [m[K  candidate expects 8 arguments, 0 provided
[2.191s] [01m[K/home/bbbkkk/ws02_tools/src/cpp03_tf_broadcaster/src/demo02_dy_tf.cpp:12:141:[m[K [01;31m[Kerror: [m[Kno match for ‘[01m[Koperator=[m[K’ (operand types are ‘[01m[Krclcpp::Subscription<turtlesim::msg::Pose_<std::allocator<void> > >[m[K’ and ‘[01m[Kstd::shared_ptr<rclcpp::Subscription<turtlesim::msg::Pose_<std::allocator<void> > > >[m[K’)
[2.191s]    12 |     pose_ =this->create_subscription<turtlesim::msg::Pose>("turtle1/pose",10,std::bind(&TFDyBroadcaster::do_pose,this,std::placeholders::_1)[01;31m[K)[m[K;
[2.191s]       |                                                                                                                                             [01;31m[K^[m[K
[2.191s] In file included from [01m[K/opt/ros/humble/include/rclcpp/rclcpp/context.hpp:35[m[K,
[2.191s]                  from [01m[K/opt/ros/humble/include/rclcpp/rclcpp/executor.hpp:34[m[K,
[2.191s]                  from [01m[K/opt/ros/humble/include/rclcpp/rclcpp/executors/multi_threaded_executor.hpp:25[m[K,
[2.191s]                  from [01m[K/opt/ros/humble/include/rclcpp/rclcpp/executors.hpp:21[m[K,
[2.191s]                  from [01m[K/opt/ros/humble/include/rclcpp/rclcpp/rclcpp.hpp:155[m[K,
[2.191s]                  from [01m[K/home/bbbkkk/ws02_tools/src/cpp03_tf_broadcaster/src/demo02_dy_tf.cpp:1[m[K:
[2.191s] [01m[K/opt/ros/humble/include/rclcpp/rclcpp/subscription.hpp:423:3:[m[K [01;36m[Knote: [m[Kcandidate: ‘[01m[Krclcpp::Subscription<MessageT, AllocatorT, SubscribedT, ROSMessageT, MessageMemoryStrategyT>& rclcpp::Subscription<MessageT, AllocatorT, SubscribedT, ROSMessageT, MessageMemoryStrategyT>::operator=(const rclcpp::Subscription<MessageT, AllocatorT, SubscribedT, ROSMessageT, MessageMemoryStrategyT>&) [with MessageT = turtlesim::msg::Pose_<std::allocator<void> >; AllocatorT = std::allocator<void>; SubscribedT = turtlesim::msg::Pose_<std::allocator<void> >; ROSMessageT = turtlesim::msg::Pose_<std::allocator<void> >; MessageMemoryStrategyT = rclcpp::message_memory_strategy::MessageMemoryStrategy<turtlesim::msg::Pose_<std::allocator<void> >, std::allocator<void> >][m[K’ (deleted)
[2.191s]   423 |   [01;36m[KRCLCPP_DISABLE_COPY[m[K(Subscription)
[2.191s]       |   [01;36m[K^~~~~~~~~~~~~~~~~~~[m[K
[2.191s] [01m[K/opt/ros/humble/include/rclcpp/rclcpp/subscription.hpp:423:3:[m[K [01;36m[Knote: [m[K  no known conversion for argument 1 from ‘[01m[Kstd::shared_ptr<rclcpp::Subscription<turtlesim::msg::Pose_<std::allocator<void> > > >[m[K’ to ‘[01m[Kconst rclcpp::Subscription<turtlesim::msg::Pose_<std::allocator<void> > >&[m[K’
[2.191s]   423 |   [01;36m[KRCLCPP_DISABLE_COPY[m[K(Subscription)
[2.191s]       |   [01;36m[K^~~~~~~~~~~~~~~~~~~[m[K
[3.737s] gmake[2]: *** [CMakeFiles/demo02_dy_tf.dir/build.make:76：CMakeFiles/demo02_dy_tf.dir/src/demo02_dy_tf.cpp.o] 错误 1
[3.739s] gmake[1]: *** [CMakeFiles/Makefile2:165：CMakeFiles/demo02_dy_tf.dir/all] 错误 2
[3.739s] gmake: *** [Makefile:146：all] 错误 2
[3.744s] Invoked command in '/home/bbbkkk/ws02_tools/build/cpp03_tf_broadcaster' returned '2': CMAKE_PREFIX_PATH=${CMAKE_PREFIX_PATH}:/opt/ros/humble /usr/bin/cmake --build /home/bbbkkk/ws02_tools/build/cpp03_tf_broadcaster -- -j5 -l5
