[0.010s] Invoking command in '/home/bbbkkk/ws02_tools/build/cpp04_tf_listener': CMAKE_PREFIX_PATH=/opt/ros/humble /usr/bin/cmake --build /home/bbbkkk/ws02_tools/build/cpp04_tf_listener -- -j5 -l5
[0.049s] [35m[1mConsolidate compiler generated dependencies of target demo02_msg_filter[0m
[0.062s] [ 50%] Built target demo01_tf_listener
[0.065s] [ 75%] [32mBuilding CXX object CMakeFiles/demo02_msg_filter.dir/src/demo02_msg_filter.cpp.o[0m
[5.936s] [100%] [32m[1mLinking CXX executable demo02_msg_filter[0m
[6.358s] [100%] Built target demo02_msg_filter
[6.375s] Invoked command in '/home/bbbkkk/ws02_tools/build/cpp04_tf_listener' returned '0': CMAKE_PREFIX_PATH=/opt/ros/humble /usr/bin/cmake --build /home/bbbkkk/ws02_tools/build/cpp04_tf_listener -- -j5 -l5
[6.382s] Invoking command in '/home/bbbkkk/ws02_tools/build/cpp04_tf_listener': CMAKE_PREFIX_PATH=/opt/ros/humble /usr/bin/cmake --install /home/bbbkkk/ws02_tools/build/cpp04_tf_listener
[6.389s] -- Install configuration: ""
[6.391s] -- Up-to-date: /home/bbbkkk/ws02_tools/install/cpp04_tf_listener/lib/cpp04_tf_listener/demo01_tf_listener
[6.393s] -- Installing: /home/bbbkkk/ws02_tools/install/cpp04_tf_listener/lib/cpp04_tf_listener/demo02_msg_filter
[6.394s] -- Set runtime path of "/home/bbbkkk/ws02_tools/install/cpp04_tf_listener/lib/cpp04_tf_listener/demo02_msg_filter" to ""
[6.395s] -- Up-to-date: /home/bbbkkk/ws02_tools/install/cpp04_tf_listener/share/ament_index/resource_index/package_run_dependencies/cpp04_tf_listener
[6.395s] -- Up-to-date: /home/bbbkkk/ws02_tools/install/cpp04_tf_listener/share/ament_index/resource_index/parent_prefix_path/cpp04_tf_listener
[6.395s] -- Up-to-date: /home/bbbkkk/ws02_tools/install/cpp04_tf_listener/share/cpp04_tf_listener/environment/ament_prefix_path.sh
[6.395s] -- Up-to-date: /home/bbbkkk/ws02_tools/install/cpp04_tf_listener/share/cpp04_tf_listener/environment/ament_prefix_path.dsv
[6.395s] -- Up-to-date: /home/bbbkkk/ws02_tools/install/cpp04_tf_listener/share/cpp04_tf_listener/environment/path.sh
[6.395s] -- Up-to-date: /home/bbbkkk/ws02_tools/install/cpp04_tf_listener/share/cpp04_tf_listener/environment/path.dsv
[6.395s] -- Up-to-date: /home/bbbkkk/ws02_tools/install/cpp04_tf_listener/share/cpp04_tf_listener/local_setup.bash
[6.395s] -- Up-to-date: /home/bbbkkk/ws02_tools/install/cpp04_tf_listener/share/cpp04_tf_listener/local_setup.sh
[6.395s] -- Up-to-date: /home/bbbkkk/ws02_tools/install/cpp04_tf_listener/share/cpp04_tf_listener/local_setup.zsh
[6.395s] -- Up-to-date: /home/bbbkkk/ws02_tools/install/cpp04_tf_listener/share/cpp04_tf_listener/local_setup.dsv
[6.395s] -- Installing: /home/bbbkkk/ws02_tools/install/cpp04_tf_listener/share/cpp04_tf_listener/package.dsv
[6.396s] -- Up-to-date: /home/bbbkkk/ws02_tools/install/cpp04_tf_listener/share/ament_index/resource_index/packages/cpp04_tf_listener
[6.396s] -- Up-to-date: /home/bbbkkk/ws02_tools/install/cpp04_tf_listener/share/cpp04_tf_listener/cmake/cpp04_tf_listenerConfig.cmake
[6.396s] -- Up-to-date: /home/bbbkkk/ws02_tools/install/cpp04_tf_listener/share/cpp04_tf_listener/cmake/cpp04_tf_listenerConfig-version.cmake
[6.396s] -- Up-to-date: /home/bbbkkk/ws02_tools/install/cpp04_tf_listener/share/cpp04_tf_listener/package.xml
[6.398s] Invoked command in '/home/bbbkkk/ws02_tools/build/cpp04_tf_listener' returned '0': CMAKE_PREFIX_PATH=/opt/ros/humble /usr/bin/cmake --install /home/bbbkkk/ws02_tools/build/cpp04_tf_listener
