[35m[1mConsolidate compiler generated dependencies of target demo02_dy_tf[0m
[ 50%] Built target demo01_static_tf
[ 75%] [32mBuilding CXX object CMakeFiles/demo02_dy_tf.dir/src/demo02_dy_tf.cpp.o[0m
[100%] [32m[1mLinking CXX executable demo02_dy_tf[0m
[100%] Built target demo02_dy_tf
-- Install configuration: ""
-- Up-to-date: /home/bbbkkk/ws02_tools/install/cpp03_tf_broadcaster/lib/cpp03_tf_broadcaster/demo01_static_tf
-- Installing: /home/bbbkkk/ws02_tools/install/cpp03_tf_broadcaster/lib/cpp03_tf_broadcaster/demo02_dy_tf
-- Set runtime path of "/home/bbbkkk/ws02_tools/install/cpp03_tf_broadcaster/lib/cpp03_tf_broadcaster/demo02_dy_tf" to ""
-- Up-to-date: /home/bbbkkk/ws02_tools/install/cpp03_tf_broadcaster/share/ament_index/resource_index/package_run_dependencies/cpp03_tf_broadcaster
-- Installing: /home/bbbkkk/ws02_tools/install/cpp03_tf_broadcaster/share/ament_index/resource_index/parent_prefix_path/cpp03_tf_broadcaster
-- Up-to-date: /home/bbbkkk/ws02_tools/install/cpp03_tf_broadcaster/share/cpp03_tf_broadcaster/environment/ament_prefix_path.sh
-- Installing: /home/bbbkkk/ws02_tools/install/cpp03_tf_broadcaster/share/cpp03_tf_broadcaster/environment/ament_prefix_path.dsv
-- Up-to-date: /home/bbbkkk/ws02_tools/install/cpp03_tf_broadcaster/share/cpp03_tf_broadcaster/environment/path.sh
-- Installing: /home/bbbkkk/ws02_tools/install/cpp03_tf_broadcaster/share/cpp03_tf_broadcaster/environment/path.dsv
-- Up-to-date: /home/bbbkkk/ws02_tools/install/cpp03_tf_broadcaster/share/cpp03_tf_broadcaster/local_setup.bash
-- Up-to-date: /home/bbbkkk/ws02_tools/install/cpp03_tf_broadcaster/share/cpp03_tf_broadcaster/local_setup.sh
-- Up-to-date: /home/bbbkkk/ws02_tools/install/cpp03_tf_broadcaster/share/cpp03_tf_broadcaster/local_setup.zsh
-- Installing: /home/bbbkkk/ws02_tools/install/cpp03_tf_broadcaster/share/cpp03_tf_broadcaster/local_setup.dsv
-- Installing: /home/bbbkkk/ws02_tools/install/cpp03_tf_broadcaster/share/cpp03_tf_broadcaster/package.dsv
-- Up-to-date: /home/bbbkkk/ws02_tools/install/cpp03_tf_broadcaster/share/ament_index/resource_index/packages/cpp03_tf_broadcaster
-- Up-to-date: /home/bbbkkk/ws02_tools/install/cpp03_tf_broadcaster/share/cpp03_tf_broadcaster/cmake/cpp03_tf_broadcasterConfig.cmake
-- Up-to-date: /home/bbbkkk/ws02_tools/install/cpp03_tf_broadcaster/share/cpp03_tf_broadcaster/cmake/cpp03_tf_broadcasterConfig-version.cmake
-- Up-to-date: /home/bbbkkk/ws02_tools/install/cpp03_tf_broadcaster/share/cpp03_tf_broadcaster/package.xml
