[0.010s] Invoking command in '/home/bbbkkk/ws02_tools/build/cpp02_rosbag': CMAKE_PREFIX_PATH=${CMAKE_PREFIX_PATH}:/opt/ros/humble /usr/bin/cmake --build /home/bbbkkk/ws02_tools/build/cpp02_rosbag -- -j5 -l5
[0.046s] [35m[1mConsolidate compiler generated dependencies of target demo01_writer[0m
[0.056s] [ 25%] [32mBuilding CXX object CMakeFiles/demo02_reader.dir/src/demo02_reader.cpp.o[0m
[0.061s] [ 75%] Built target demo01_writer
[2.297s] [100%] [32m[1mLinking CXX executable demo02_reader[0m
[2.393s] [100%] Built target demo02_reader
[2.404s] Invoked command in '/home/bbbkkk/ws02_tools/build/cpp02_rosbag' returned '0': CMAKE_PREFIX_PATH=${CMAKE_PREFIX_PATH}:/opt/ros/humble /usr/bin/cmake --build /home/bbbkkk/ws02_tools/build/cpp02_rosbag -- -j5 -l5
[2.412s] Invoking command in '/home/bbbkkk/ws02_tools/build/cpp02_rosbag': CMAKE_PREFIX_PATH=${CMAKE_PREFIX_PATH}:/opt/ros/humble /usr/bin/cmake --install /home/bbbkkk/ws02_tools/build/cpp02_rosbag
[2.419s] -- Install configuration: ""
[2.419s] -- Up-to-date: /home/bbbkkk/ws02_tools/install/cpp02_rosbag/lib/cpp02_rosbag/demo01_writer
[2.420s] -- Installing: /home/bbbkkk/ws02_tools/install/cpp02_rosbag/lib/cpp02_rosbag/demo02_reader
[2.420s] -- Set runtime path of "/home/bbbkkk/ws02_tools/install/cpp02_rosbag/lib/cpp02_rosbag/demo02_reader" to ""
[2.420s] -- Up-to-date: /home/bbbkkk/ws02_tools/install/cpp02_rosbag/share/ament_index/resource_index/package_run_dependencies/cpp02_rosbag
[2.420s] -- Up-to-date: /home/bbbkkk/ws02_tools/install/cpp02_rosbag/share/ament_index/resource_index/parent_prefix_path/cpp02_rosbag
[2.420s] -- Up-to-date: /home/bbbkkk/ws02_tools/install/cpp02_rosbag/share/cpp02_rosbag/environment/ament_prefix_path.sh
[2.420s] -- Up-to-date: /home/bbbkkk/ws02_tools/install/cpp02_rosbag/share/cpp02_rosbag/environment/ament_prefix_path.dsv
[2.420s] -- Up-to-date: /home/bbbkkk/ws02_tools/install/cpp02_rosbag/share/cpp02_rosbag/environment/path.sh
[2.420s] -- Up-to-date: /home/bbbkkk/ws02_tools/install/cpp02_rosbag/share/cpp02_rosbag/environment/path.dsv
[2.420s] -- Up-to-date: /home/bbbkkk/ws02_tools/install/cpp02_rosbag/share/cpp02_rosbag/local_setup.bash
[2.421s] -- Up-to-date: /home/bbbkkk/ws02_tools/install/cpp02_rosbag/share/cpp02_rosbag/local_setup.sh
[2.421s] -- Up-to-date: /home/bbbkkk/ws02_tools/install/cpp02_rosbag/share/cpp02_rosbag/local_setup.zsh
[2.421s] -- Up-to-date: /home/bbbkkk/ws02_tools/install/cpp02_rosbag/share/cpp02_rosbag/local_setup.dsv
[2.421s] -- Installing: /home/bbbkkk/ws02_tools/install/cpp02_rosbag/share/cpp02_rosbag/package.dsv
[2.421s] -- Up-to-date: /home/bbbkkk/ws02_tools/install/cpp02_rosbag/share/ament_index/resource_index/packages/cpp02_rosbag
[2.421s] -- Up-to-date: /home/bbbkkk/ws02_tools/install/cpp02_rosbag/share/cpp02_rosbag/cmake/cpp02_rosbagConfig.cmake
[2.421s] -- Up-to-date: /home/bbbkkk/ws02_tools/install/cpp02_rosbag/share/cpp02_rosbag/cmake/cpp02_rosbagConfig-version.cmake
[2.421s] -- Up-to-date: /home/bbbkkk/ws02_tools/install/cpp02_rosbag/share/cpp02_rosbag/package.xml
[2.423s] Invoked command in '/home/bbbkkk/ws02_tools/build/cpp02_rosbag' returned '0': CMAKE_PREFIX_PATH=${CMAKE_PREFIX_PATH}:/opt/ros/humble /usr/bin/cmake --install /home/bbbkkk/ws02_tools/build/cpp02_rosbag
