[0.058s] DEBUG:colcon:Command line arguments: ['/usr/bin/colcon', 'build', '--packages-select', 'cpp06_urdf']
[0.058s] DEBUG:colcon:Parsed command line arguments: Namespace(log_base=None, log_level=None, verb_name='build', build_base='build', install_base='install', merge_install=False, symlink_install=False, test_result_base=None, continue_on_error=False, executor='parallel', parallel_workers=5, event_handlers=None, ignore_user_meta=False, metas=['./colcon.meta'], base_paths=['.'], packages_ignore=None, packages_ignore_regex=None, paths=None, packages_up_to=None, packages_up_to_regex=None, packages_above=None, packages_above_and_dependencies=None, packages_above_depth=None, packages_select_by_dep=None, packages_skip_by_dep=None, packages_skip_up_to=None, packages_select_build_failed=False, packages_skip_build_finished=False, packages_select_test_failures=False, packages_skip_test_passed=False, packages_select=['cpp06_urdf'], packages_skip=None, packages_select_regex=None, packages_skip_regex=None, packages_start=None, packages_end=None, allow_overriding=[], cmake_args=None, cmake_target=None, cmake_target_skip_unavailable=False, cmake_clean_cache=False, cmake_clean_first=False, cmake_force_configure=False, ament_cmake_args=None, catkin_cmake_args=None, catkin_skip_building_tests=False, verb_parser=<colcon_defaults.argument_parser.defaults.DefaultArgumentsDecorator object at 0x7164ab420520>, verb_extension=<colcon_core.verb.build.BuildVerb object at 0x7164ab3e3be0>, main=<bound method BuildVerb.main of <colcon_core.verb.build.BuildVerb object at 0x7164ab3e3be0>>)
[0.147s] Level 1:colcon.colcon_core.package_discovery:discover_packages(colcon_meta) check parameters
[0.147s] Level 1:colcon.colcon_core.package_discovery:discover_packages(recursive) check parameters
[0.147s] Level 1:colcon.colcon_core.package_discovery:discover_packages(ignore) check parameters
[0.147s] Level 1:colcon.colcon_core.package_discovery:discover_packages(path) check parameters
[0.147s] Level 1:colcon.colcon_core.package_discovery:discover_packages(colcon_meta) discover
[0.147s] Level 1:colcon.colcon_core.package_discovery:discover_packages(recursive) discover
[0.147s] INFO:colcon.colcon_core.package_discovery:Crawling recursively for packages in '/home/bbbkkk/ws02_tools/src'
[0.147s] Level 1:colcon.colcon_core.package_identification:_identify(.) by extensions ['ignore', 'ignore_ament_install']
[0.147s] Level 1:colcon.colcon_core.package_identification:_identify(.) by extension 'ignore'
[0.148s] Level 1:colcon.colcon_core.package_identification:_identify(.) by extension 'ignore_ament_install'
[0.148s] Level 1:colcon.colcon_core.package_identification:_identify(.) by extensions ['colcon_pkg']
[0.148s] Level 1:colcon.colcon_core.package_identification:_identify(.) by extension 'colcon_pkg'
[0.148s] Level 1:colcon.colcon_core.package_identification:_identify(.) by extensions ['colcon_meta']
[0.148s] Level 1:colcon.colcon_core.package_identification:_identify(.) by extension 'colcon_meta'
[0.148s] Level 1:colcon.colcon_core.package_identification:_identify(.) by extensions ['ros']
[0.148s] Level 1:colcon.colcon_core.package_identification:_identify(.) by extension 'ros'
[0.154s] Level 1:colcon.colcon_core.package_identification:_identify(.) by extensions ['cmake', 'python']
[0.154s] Level 1:colcon.colcon_core.package_identification:_identify(.) by extension 'cmake'
[0.154s] Level 1:colcon.colcon_core.package_identification:_identify(.) by extension 'python'
[0.154s] Level 1:colcon.colcon_core.package_identification:_identify(.) by extensions ['python_setup_py']
[0.154s] Level 1:colcon.colcon_core.package_identification:_identify(.) by extension 'python_setup_py'
[0.154s] Level 1:colcon.colcon_core.package_identification:_identify(build) by extensions ['ignore', 'ignore_ament_install']
[0.155s] Level 1:colcon.colcon_core.package_identification:_identify(build) by extension 'ignore'
[0.155s] Level 1:colcon.colcon_core.package_identification:_identify(build) ignored
[0.155s] Level 1:colcon.colcon_core.package_identification:_identify(cpp01_launch) by extensions ['ignore', 'ignore_ament_install']
[0.155s] Level 1:colcon.colcon_core.package_identification:_identify(cpp01_launch) by extension 'ignore'
[0.155s] Level 1:colcon.colcon_core.package_identification:_identify(cpp01_launch) by extension 'ignore_ament_install'
[0.155s] Level 1:colcon.colcon_core.package_identification:_identify(cpp01_launch) by extensions ['colcon_pkg']
[0.155s] Level 1:colcon.colcon_core.package_identification:_identify(cpp01_launch) by extension 'colcon_pkg'
[0.155s] Level 1:colcon.colcon_core.package_identification:_identify(cpp01_launch) by extensions ['colcon_meta']
[0.155s] Level 1:colcon.colcon_core.package_identification:_identify(cpp01_launch) by extension 'colcon_meta'
[0.155s] Level 1:colcon.colcon_core.package_identification:_identify(cpp01_launch) by extensions ['ros']
[0.155s] Level 1:colcon.colcon_core.package_identification:_identify(cpp01_launch) by extension 'ros'
[0.156s] DEBUG:colcon.colcon_core.package_identification:Package 'cpp01_launch' with type 'ros.ament_cmake' and name 'cpp01_launch'
[0.156s] Level 1:colcon.colcon_core.package_identification:_identify(cpp02_rosbag) by extensions ['ignore', 'ignore_ament_install']
[0.156s] Level 1:colcon.colcon_core.package_identification:_identify(cpp02_rosbag) by extension 'ignore'
[0.156s] Level 1:colcon.colcon_core.package_identification:_identify(cpp02_rosbag) by extension 'ignore_ament_install'
[0.156s] Level 1:colcon.colcon_core.package_identification:_identify(cpp02_rosbag) by extensions ['colcon_pkg']
[0.156s] Level 1:colcon.colcon_core.package_identification:_identify(cpp02_rosbag) by extension 'colcon_pkg'
[0.156s] Level 1:colcon.colcon_core.package_identification:_identify(cpp02_rosbag) by extensions ['colcon_meta']
[0.156s] Level 1:colcon.colcon_core.package_identification:_identify(cpp02_rosbag) by extension 'colcon_meta'
[0.156s] Level 1:colcon.colcon_core.package_identification:_identify(cpp02_rosbag) by extensions ['ros']
[0.156s] Level 1:colcon.colcon_core.package_identification:_identify(cpp02_rosbag) by extension 'ros'
[0.157s] DEBUG:colcon.colcon_core.package_identification:Package 'cpp02_rosbag' with type 'ros.ament_cmake' and name 'cpp02_rosbag'
[0.157s] Level 1:colcon.colcon_core.package_identification:_identify(cpp03_tf_broadcaster) by extensions ['ignore', 'ignore_ament_install']
[0.157s] Level 1:colcon.colcon_core.package_identification:_identify(cpp03_tf_broadcaster) by extension 'ignore'
[0.157s] Level 1:colcon.colcon_core.package_identification:_identify(cpp03_tf_broadcaster) by extension 'ignore_ament_install'
[0.157s] Level 1:colcon.colcon_core.package_identification:_identify(cpp03_tf_broadcaster) by extensions ['colcon_pkg']
[0.157s] Level 1:colcon.colcon_core.package_identification:_identify(cpp03_tf_broadcaster) by extension 'colcon_pkg'
[0.157s] Level 1:colcon.colcon_core.package_identification:_identify(cpp03_tf_broadcaster) by extensions ['colcon_meta']
[0.157s] Level 1:colcon.colcon_core.package_identification:_identify(cpp03_tf_broadcaster) by extension 'colcon_meta'
[0.157s] Level 1:colcon.colcon_core.package_identification:_identify(cpp03_tf_broadcaster) by extensions ['ros']
[0.157s] Level 1:colcon.colcon_core.package_identification:_identify(cpp03_tf_broadcaster) by extension 'ros'
[0.158s] DEBUG:colcon.colcon_core.package_identification:Package 'cpp03_tf_broadcaster' with type 'ros.ament_cmake' and name 'cpp03_tf_broadcaster'
[0.158s] Level 1:colcon.colcon_core.package_identification:_identify(cpp04_tf_listener) by extensions ['ignore', 'ignore_ament_install']
[0.158s] Level 1:colcon.colcon_core.package_identification:_identify(cpp04_tf_listener) by extension 'ignore'
[0.158s] Level 1:colcon.colcon_core.package_identification:_identify(cpp04_tf_listener) by extension 'ignore_ament_install'
[0.158s] Level 1:colcon.colcon_core.package_identification:_identify(cpp04_tf_listener) by extensions ['colcon_pkg']
[0.158s] Level 1:colcon.colcon_core.package_identification:_identify(cpp04_tf_listener) by extension 'colcon_pkg'
[0.158s] Level 1:colcon.colcon_core.package_identification:_identify(cpp04_tf_listener) by extensions ['colcon_meta']
[0.158s] Level 1:colcon.colcon_core.package_identification:_identify(cpp04_tf_listener) by extension 'colcon_meta'
[0.158s] Level 1:colcon.colcon_core.package_identification:_identify(cpp04_tf_listener) by extensions ['ros']
[0.158s] Level 1:colcon.colcon_core.package_identification:_identify(cpp04_tf_listener) by extension 'ros'
[0.158s] DEBUG:colcon.colcon_core.package_identification:Package 'cpp04_tf_listener' with type 'ros.ament_cmake' and name 'cpp04_tf_listener'
[0.158s] Level 1:colcon.colcon_core.package_identification:_identify(cpp06_urdf) by extensions ['ignore', 'ignore_ament_install']
[0.158s] Level 1:colcon.colcon_core.package_identification:_identify(cpp06_urdf) by extension 'ignore'
[0.158s] Level 1:colcon.colcon_core.package_identification:_identify(cpp06_urdf) by extension 'ignore_ament_install'
[0.158s] Level 1:colcon.colcon_core.package_identification:_identify(cpp06_urdf) by extensions ['colcon_pkg']
[0.158s] Level 1:colcon.colcon_core.package_identification:_identify(cpp06_urdf) by extension 'colcon_pkg'
[0.159s] Level 1:colcon.colcon_core.package_identification:_identify(cpp06_urdf) by extensions ['colcon_meta']
[0.159s] Level 1:colcon.colcon_core.package_identification:_identify(cpp06_urdf) by extension 'colcon_meta'
[0.159s] Level 1:colcon.colcon_core.package_identification:_identify(cpp06_urdf) by extensions ['ros']
[0.159s] Level 1:colcon.colcon_core.package_identification:_identify(cpp06_urdf) by extension 'ros'
[0.159s] DEBUG:colcon.colcon_core.package_identification:Package 'cpp06_urdf' with type 'ros.ament_cmake' and name 'cpp06_urdf'
[0.159s] Level 1:colcon.colcon_core.package_identification:_identify(install) by extensions ['ignore', 'ignore_ament_install']
[0.159s] Level 1:colcon.colcon_core.package_identification:_identify(install) by extension 'ignore'
[0.159s] Level 1:colcon.colcon_core.package_identification:_identify(install) ignored
[0.159s] Level 1:colcon.colcon_core.package_identification:_identify(log) by extensions ['ignore', 'ignore_ament_install']
[0.159s] Level 1:colcon.colcon_core.package_identification:_identify(log) by extension 'ignore'
[0.159s] Level 1:colcon.colcon_core.package_identification:_identify(log) ignored
[0.159s] Level 1:colcon.colcon_core.package_discovery:discover_packages(recursive) using defaults
[0.159s] Level 1:colcon.colcon_core.package_discovery:discover_packages(ignore) discover
[0.159s] Level 1:colcon.colcon_core.package_discovery:discover_packages(ignore) using defaults
[0.159s] Level 1:colcon.colcon_core.package_discovery:discover_packages(path) discover
[0.159s] Level 1:colcon.colcon_core.package_discovery:discover_packages(path) using defaults
[0.173s] INFO:colcon.colcon_core.package_selection:Skipping not selected package 'cpp01_launch' in 'cpp01_launch'
[0.173s] INFO:colcon.colcon_core.package_selection:Skipping not selected package 'cpp02_rosbag' in 'cpp02_rosbag'
[0.173s] INFO:colcon.colcon_core.package_selection:Skipping not selected package 'cpp03_tf_broadcaster' in 'cpp03_tf_broadcaster'
[0.173s] INFO:colcon.colcon_core.package_selection:Skipping not selected package 'cpp04_tf_listener' in 'cpp04_tf_listener'
[0.173s] Level 1:colcon.colcon_core.package_discovery:discover_packages(prefix_path) check parameters
[0.173s] Level 1:colcon.colcon_core.package_discovery:discover_packages(prefix_path) discover
[0.174s] DEBUG:colcon.colcon_installed_package_information.package_discovery:Found 5 installed packages in /home/bbbkkk/ws02_tools/install
[0.181s] DEBUG:colcon.colcon_installed_package_information.package_discovery:Found 328 installed packages in /opt/ros/humble
[0.182s] Level 1:colcon.colcon_core.package_discovery:discover_packages(prefix_path) using defaults
[0.204s] Level 5:colcon.colcon_core.verb:set package 'cpp06_urdf' build argument 'cmake_args' from command line to 'None'
[0.204s] Level 5:colcon.colcon_core.verb:set package 'cpp06_urdf' build argument 'cmake_target' from command line to 'None'
[0.204s] Level 5:colcon.colcon_core.verb:set package 'cpp06_urdf' build argument 'cmake_target_skip_unavailable' from command line to 'False'
[0.205s] Level 5:colcon.colcon_core.verb:set package 'cpp06_urdf' build argument 'cmake_clean_cache' from command line to 'False'
[0.205s] Level 5:colcon.colcon_core.verb:set package 'cpp06_urdf' build argument 'cmake_clean_first' from command line to 'False'
[0.205s] Level 5:colcon.colcon_core.verb:set package 'cpp06_urdf' build argument 'cmake_force_configure' from command line to 'False'
[0.205s] Level 5:colcon.colcon_core.verb:set package 'cpp06_urdf' build argument 'ament_cmake_args' from command line to 'None'
[0.205s] Level 5:colcon.colcon_core.verb:set package 'cpp06_urdf' build argument 'catkin_cmake_args' from command line to 'None'
[0.205s] Level 5:colcon.colcon_core.verb:set package 'cpp06_urdf' build argument 'catkin_skip_building_tests' from command line to 'False'
[0.205s] DEBUG:colcon.colcon_core.verb:Building package 'cpp06_urdf' with the following arguments: {'ament_cmake_args': None, 'build_base': '/home/bbbkkk/ws02_tools/src/build/cpp06_urdf', 'catkin_cmake_args': None, 'catkin_skip_building_tests': False, 'cmake_args': None, 'cmake_clean_cache': False, 'cmake_clean_first': False, 'cmake_force_configure': False, 'cmake_target': None, 'cmake_target_skip_unavailable': False, 'install_base': '/home/bbbkkk/ws02_tools/src/install/cpp06_urdf', 'merge_install': False, 'path': '/home/bbbkkk/ws02_tools/src/cpp06_urdf', 'symlink_install': False, 'test_result_base': None}
[0.205s] INFO:colcon.colcon_core.executor:Executing jobs using 'parallel' executor
[0.206s] DEBUG:colcon.colcon_parallel_executor.executor.parallel:run_until_complete
[0.206s] INFO:colcon.colcon_ros.task.ament_cmake.build:Building ROS package in '/home/bbbkkk/ws02_tools/src/cpp06_urdf' with build type 'ament_cmake'
[0.206s] INFO:colcon.colcon_cmake.task.cmake.build:Building CMake package in '/home/bbbkkk/ws02_tools/src/cpp06_urdf'
[0.208s] INFO:colcon.colcon_core.plugin_system:Skipping extension 'colcon_core.shell.bat': Not used on non-Windows systems
[0.208s] INFO:colcon.colcon_core.shell:Skip shell extension 'powershell' for command environment: Not usable outside of PowerShell
[0.208s] DEBUG:colcon.colcon_core.shell:Skip shell extension 'dsv' for command environment
[0.216s] DEBUG:colcon.colcon_core.event_handler.log_command:Invoking command in '/home/bbbkkk/ws02_tools/src/build/cpp06_urdf': CMAKE_PREFIX_PATH=${CMAKE_PREFIX_PATH}:/opt/ros/humble /usr/bin/cmake /home/bbbkkk/ws02_tools/src/cpp06_urdf -DCMAKE_INSTALL_PREFIX=/home/bbbkkk/ws02_tools/src/install/cpp06_urdf
[0.739s] DEBUG:colcon.colcon_core.event_handler.log_command:Invoked command in '/home/bbbkkk/ws02_tools/src/build/cpp06_urdf' returned '0': CMAKE_PREFIX_PATH=${CMAKE_PREFIX_PATH}:/opt/ros/humble /usr/bin/cmake /home/bbbkkk/ws02_tools/src/cpp06_urdf -DCMAKE_INSTALL_PREFIX=/home/bbbkkk/ws02_tools/src/install/cpp06_urdf
[0.740s] DEBUG:colcon.colcon_core.event_handler.log_command:Invoking command in '/home/bbbkkk/ws02_tools/src/build/cpp06_urdf': CMAKE_PREFIX_PATH=${CMAKE_PREFIX_PATH}:/opt/ros/humble /usr/bin/cmake --build /home/bbbkkk/ws02_tools/src/build/cpp06_urdf -- -j5 -l5
[0.771s] DEBUG:colcon.colcon_core.event_handler.log_command:Invoked command in '/home/bbbkkk/ws02_tools/src/build/cpp06_urdf' returned '0': CMAKE_PREFIX_PATH=${CMAKE_PREFIX_PATH}:/opt/ros/humble /usr/bin/cmake --build /home/bbbkkk/ws02_tools/src/build/cpp06_urdf -- -j5 -l5
[0.778s] DEBUG:colcon.colcon_core.event_handler.log_command:Invoking command in '/home/bbbkkk/ws02_tools/src/build/cpp06_urdf': CMAKE_PREFIX_PATH=${CMAKE_PREFIX_PATH}:/opt/ros/humble /usr/bin/cmake --install /home/bbbkkk/ws02_tools/src/build/cpp06_urdf
[0.786s] Level 1:colcon.colcon_core.environment:create_environment_scripts_only(cpp06_urdf)
[0.788s] DEBUG:colcon.colcon_core.event_handler.log_command:Invoked command in '/home/bbbkkk/ws02_tools/src/build/cpp06_urdf' returned '0': CMAKE_PREFIX_PATH=${CMAKE_PREFIX_PATH}:/opt/ros/humble /usr/bin/cmake --install /home/bbbkkk/ws02_tools/src/build/cpp06_urdf
[0.789s] Level 1:colcon.colcon_core.environment:checking '/home/bbbkkk/ws02_tools/src/install/cpp06_urdf' for CMake module files
[0.789s] Level 1:colcon.colcon_core.environment:checking '/home/bbbkkk/ws02_tools/src/install/cpp06_urdf' for CMake config files
[0.789s] Level 1:colcon.colcon_core.shell:create_environment_hook('cpp06_urdf', 'cmake_prefix_path')
[0.789s] INFO:colcon.colcon_core.shell:Creating environment hook '/home/bbbkkk/ws02_tools/src/install/cpp06_urdf/share/cpp06_urdf/hook/cmake_prefix_path.ps1'
[0.790s] INFO:colcon.colcon_core.shell:Creating environment descriptor '/home/bbbkkk/ws02_tools/src/install/cpp06_urdf/share/cpp06_urdf/hook/cmake_prefix_path.dsv'
[0.790s] INFO:colcon.colcon_core.shell:Creating environment hook '/home/bbbkkk/ws02_tools/src/install/cpp06_urdf/share/cpp06_urdf/hook/cmake_prefix_path.sh'
[0.790s] Level 1:colcon.colcon_core.environment:checking '/home/bbbkkk/ws02_tools/src/install/cpp06_urdf/bin'
[0.790s] Level 1:colcon.colcon_core.environment:checking '/home/bbbkkk/ws02_tools/src/install/cpp06_urdf/lib/pkgconfig/cpp06_urdf.pc'
[0.791s] Level 1:colcon.colcon_core.environment:checking '/home/bbbkkk/ws02_tools/src/install/cpp06_urdf/lib/python3.10/site-packages'
[0.791s] Level 1:colcon.colcon_core.environment:checking '/home/bbbkkk/ws02_tools/src/install/cpp06_urdf/bin'
[0.791s] INFO:colcon.colcon_core.shell:Creating package script '/home/bbbkkk/ws02_tools/src/install/cpp06_urdf/share/cpp06_urdf/package.ps1'
[0.791s] INFO:colcon.colcon_core.shell:Creating package descriptor '/home/bbbkkk/ws02_tools/src/install/cpp06_urdf/share/cpp06_urdf/package.dsv'
[0.792s] INFO:colcon.colcon_core.shell:Creating package script '/home/bbbkkk/ws02_tools/src/install/cpp06_urdf/share/cpp06_urdf/package.sh'
[0.792s] INFO:colcon.colcon_core.shell:Creating package script '/home/bbbkkk/ws02_tools/src/install/cpp06_urdf/share/cpp06_urdf/package.bash'
[0.793s] INFO:colcon.colcon_core.shell:Creating package script '/home/bbbkkk/ws02_tools/src/install/cpp06_urdf/share/cpp06_urdf/package.zsh'
[0.793s] Level 1:colcon.colcon_core.environment:create_file_with_runtime_dependencies(/home/bbbkkk/ws02_tools/src/install/cpp06_urdf/share/colcon-core/packages/cpp06_urdf)
[0.794s] Level 1:colcon.colcon_core.environment:create_environment_scripts_only(cpp06_urdf)
[0.794s] Level 1:colcon.colcon_core.environment:checking '/home/bbbkkk/ws02_tools/src/install/cpp06_urdf' for CMake module files
[0.794s] Level 1:colcon.colcon_core.environment:checking '/home/bbbkkk/ws02_tools/src/install/cpp06_urdf' for CMake config files
[0.794s] Level 1:colcon.colcon_core.shell:create_environment_hook('cpp06_urdf', 'cmake_prefix_path')
[0.794s] INFO:colcon.colcon_core.shell:Creating environment hook '/home/bbbkkk/ws02_tools/src/install/cpp06_urdf/share/cpp06_urdf/hook/cmake_prefix_path.ps1'
[0.795s] INFO:colcon.colcon_core.shell:Creating environment descriptor '/home/bbbkkk/ws02_tools/src/install/cpp06_urdf/share/cpp06_urdf/hook/cmake_prefix_path.dsv'
[0.795s] INFO:colcon.colcon_core.shell:Creating environment hook '/home/bbbkkk/ws02_tools/src/install/cpp06_urdf/share/cpp06_urdf/hook/cmake_prefix_path.sh'
[0.796s] Level 1:colcon.colcon_core.environment:checking '/home/bbbkkk/ws02_tools/src/install/cpp06_urdf/bin'
[0.796s] Level 1:colcon.colcon_core.environment:checking '/home/bbbkkk/ws02_tools/src/install/cpp06_urdf/lib/pkgconfig/cpp06_urdf.pc'
[0.796s] Level 1:colcon.colcon_core.environment:checking '/home/bbbkkk/ws02_tools/src/install/cpp06_urdf/lib/python3.10/site-packages'
[0.796s] Level 1:colcon.colcon_core.environment:checking '/home/bbbkkk/ws02_tools/src/install/cpp06_urdf/bin'
[0.797s] INFO:colcon.colcon_core.shell:Creating package script '/home/bbbkkk/ws02_tools/src/install/cpp06_urdf/share/cpp06_urdf/package.ps1'
[0.797s] INFO:colcon.colcon_core.shell:Creating package descriptor '/home/bbbkkk/ws02_tools/src/install/cpp06_urdf/share/cpp06_urdf/package.dsv'
[0.798s] INFO:colcon.colcon_core.shell:Creating package script '/home/bbbkkk/ws02_tools/src/install/cpp06_urdf/share/cpp06_urdf/package.sh'
[0.798s] INFO:colcon.colcon_core.shell:Creating package script '/home/bbbkkk/ws02_tools/src/install/cpp06_urdf/share/cpp06_urdf/package.bash'
[0.799s] INFO:colcon.colcon_core.shell:Creating package script '/home/bbbkkk/ws02_tools/src/install/cpp06_urdf/share/cpp06_urdf/package.zsh'
[0.799s] Level 1:colcon.colcon_core.environment:create_file_with_runtime_dependencies(/home/bbbkkk/ws02_tools/src/install/cpp06_urdf/share/colcon-core/packages/cpp06_urdf)
[0.799s] DEBUG:colcon.colcon_parallel_executor.executor.parallel:closing loop
[0.799s] DEBUG:colcon.colcon_parallel_executor.executor.parallel:loop closed
[0.800s] DEBUG:colcon.colcon_parallel_executor.executor.parallel:run_until_complete finished with '0'
[0.800s] DEBUG:colcon.colcon_core.event_reactor:joining thread
[0.803s] INFO:colcon.colcon_core.plugin_system:Skipping extension 'colcon_notification.desktop_notification.terminal_notifier': Not used on non-Darwin systems
[0.803s] INFO:colcon.colcon_core.plugin_system:Skipping extension 'colcon_notification.desktop_notification.win32': Not used on non-Windows systems
[0.803s] INFO:colcon.colcon_notification.desktop_notification:Sending desktop notification using 'notify2'
[0.815s] DEBUG:colcon.colcon_core.event_reactor:joined thread
[0.815s] INFO:colcon.colcon_core.shell:Creating prefix script '/home/bbbkkk/ws02_tools/src/install/local_setup.ps1'
[0.816s] INFO:colcon.colcon_core.shell:Creating prefix util module '/home/bbbkkk/ws02_tools/src/install/_local_setup_util_ps1.py'
[0.817s] INFO:colcon.colcon_core.shell:Creating prefix chain script '/home/bbbkkk/ws02_tools/src/install/setup.ps1'
[0.817s] INFO:colcon.colcon_core.shell:Creating prefix script '/home/bbbkkk/ws02_tools/src/install/local_setup.sh'
[0.818s] INFO:colcon.colcon_core.shell:Creating prefix util module '/home/bbbkkk/ws02_tools/src/install/_local_setup_util_sh.py'
[0.818s] INFO:colcon.colcon_core.shell:Creating prefix chain script '/home/bbbkkk/ws02_tools/src/install/setup.sh'
[0.819s] INFO:colcon.colcon_core.shell:Creating prefix script '/home/bbbkkk/ws02_tools/src/install/local_setup.bash'
[0.820s] INFO:colcon.colcon_core.shell:Creating prefix chain script '/home/bbbkkk/ws02_tools/src/install/setup.bash'
[0.820s] INFO:colcon.colcon_core.shell:Creating prefix script '/home/bbbkkk/ws02_tools/src/install/local_setup.zsh'
[0.820s] INFO:colcon.colcon_core.shell:Creating prefix chain script '/home/bbbkkk/ws02_tools/src/install/setup.zsh'
