[0.016s] Invoking command in '/home/bbbkkk/ws01_plumbing/src/build/base_interfaces_demo': CMAKE_PREFIX_PATH=/opt/ros/humble /usr/bin/cmake /home/bbbkkk/ws01_plumbing/src/base_interfaces_demo -DCMAKE_INSTALL_PREFIX=/home/bbbkkk/ws01_plumbing/src/install/base_interfaces_demo
[0.065s] -- The C compiler identification is GNU 11.4.0
[0.102s] -- The CXX compiler identification is GNU 11.4.0
[0.109s] -- Detecting C compiler ABI info
[0.168s] -- Detecting C compiler ABI info - done
[0.172s] -- Check for working C compiler: /usr/bin/cc - skipped
[0.173s] -- Detecting C compile features
[0.173s] -- Detecting C compile features - done
[0.174s] -- Detecting CXX compiler ABI info
[0.241s] -- Detecting CXX compiler ABI info - done
[0.246s] -- Check for working CXX compiler: /usr/bin/c++ - skipped
[0.246s] -- Detecting CXX compile features
[0.246s] -- Detecting CXX compile features - done
[0.258s] -- Found ament_cmake: 1.3.12 (/opt/ros/humble/share/ament_cmake/cmake)
[0.367s] -- Found Python3: /usr/bin/python3 (found version "3.10.12") found components: Interpreter 
[0.420s] -- Found ament_lint_auto: 0.12.14 (/opt/ros/humble/share/ament_lint_auto/cmake)
[0.466s] -- Added test 'lint_cmake' to check CMake code style
[0.467s] -- Added test 'xmllint' to check XML markup files
[0.468s] -- Configuring done
[0.470s] -- Generating done
[0.471s] -- Build files have been written to: /home/bbbkkk/ws01_plumbing/src/build/base_interfaces_demo
[0.476s] Invoked command in '/home/bbbkkk/ws01_plumbing/src/build/base_interfaces_demo' returned '0': CMAKE_PREFIX_PATH=/opt/ros/humble /usr/bin/cmake /home/bbbkkk/ws01_plumbing/src/base_interfaces_demo -DCMAKE_INSTALL_PREFIX=/home/bbbkkk/ws01_plumbing/src/install/base_interfaces_demo
[0.476s] Invoking command in '/home/bbbkkk/ws01_plumbing/src/build/base_interfaces_demo': CMAKE_PREFIX_PATH=/opt/ros/humble /usr/bin/cmake --build /home/bbbkkk/ws01_plumbing/src/build/base_interfaces_demo -- -j5 -l5
[0.507s] Invoked command in '/home/bbbkkk/ws01_plumbing/src/build/base_interfaces_demo' returned '0': CMAKE_PREFIX_PATH=/opt/ros/humble /usr/bin/cmake --build /home/bbbkkk/ws01_plumbing/src/build/base_interfaces_demo -- -j5 -l5
[0.516s] Invoking command in '/home/bbbkkk/ws01_plumbing/src/build/base_interfaces_demo': CMAKE_PREFIX_PATH=/opt/ros/humble /usr/bin/cmake --install /home/bbbkkk/ws01_plumbing/src/build/base_interfaces_demo
[0.521s] -- Install configuration: ""
[0.521s] -- Installing: /home/bbbkkk/ws01_plumbing/src/install/base_interfaces_demo/share/ament_index/resource_index/package_run_dependencies/base_interfaces_demo
[0.522s] -- Installing: /home/bbbkkk/ws01_plumbing/src/install/base_interfaces_demo/share/ament_index/resource_index/parent_prefix_path/base_interfaces_demo
[0.522s] -- Installing: /home/bbbkkk/ws01_plumbing/src/install/base_interfaces_demo/share/base_interfaces_demo/environment/ament_prefix_path.sh
[0.522s] -- Installing: /home/bbbkkk/ws01_plumbing/src/install/base_interfaces_demo/share/base_interfaces_demo/environment/ament_prefix_path.dsv
[0.522s] -- Installing: /home/bbbkkk/ws01_plumbing/src/install/base_interfaces_demo/share/base_interfaces_demo/environment/path.sh
[0.522s] -- Installing: /home/bbbkkk/ws01_plumbing/src/install/base_interfaces_demo/share/base_interfaces_demo/environment/path.dsv
[0.522s] -- Installing: /home/bbbkkk/ws01_plumbing/src/install/base_interfaces_demo/share/base_interfaces_demo/local_setup.bash
[0.522s] -- Installing: /home/bbbkkk/ws01_plumbing/src/install/base_interfaces_demo/share/base_interfaces_demo/local_setup.sh
[0.522s] -- Installing: /home/bbbkkk/ws01_plumbing/src/install/base_interfaces_demo/share/base_interfaces_demo/local_setup.zsh
[0.522s] -- Installing: /home/bbbkkk/ws01_plumbing/src/install/base_interfaces_demo/share/base_interfaces_demo/local_setup.dsv
[0.523s] -- Installing: /home/bbbkkk/ws01_plumbing/src/install/base_interfaces_demo/share/base_interfaces_demo/package.dsv
[0.523s] -- Installing: /home/bbbkkk/ws01_plumbing/src/install/base_interfaces_demo/share/ament_index/resource_index/packages/base_interfaces_demo
[0.523s] -- Installing: /home/bbbkkk/ws01_plumbing/src/install/base_interfaces_demo/share/base_interfaces_demo/cmake/base_interfaces_demoConfig.cmake
[0.523s] -- Installing: /home/bbbkkk/ws01_plumbing/src/install/base_interfaces_demo/share/base_interfaces_demo/cmake/base_interfaces_demoConfig-version.cmake
[0.523s] -- Installing: /home/bbbkkk/ws01_plumbing/src/install/base_interfaces_demo/share/base_interfaces_demo/package.xml
[0.525s] Invoked command in '/home/bbbkkk/ws01_plumbing/src/build/base_interfaces_demo' returned '0': CMAKE_PREFIX_PATH=/opt/ros/humble /usr/bin/cmake --install /home/bbbkkk/ws01_plumbing/src/build/base_interfaces_demo
