[0.016s] Invoking command in '/home/bbbkkk/ws01_plumbing/src/build/cpp03_action': CMAKE_PREFIX_PATH=/home/bbbkkk/ws01_plumbing/src/install/base_interfaces_demo:/home/bbbkkk/ws01_plumbing/src/install/cpp03_action:/home/bbbkkk/ws01_plumbing/install/cpp02_service:/home/bbbkkk/ws01_plumbing/install/cpp01_topic:/home/bbbkkk/ws01_plumbing/install/base_interfaces_demo:/home/bbbkkk/ws01_plumbing/src/install/cpp01_topic:/opt/ros/humble LD_LIBRARY_PATH=/home/bbbkkk/ws01_plumbing/src/install/base_interfaces_demo/lib:/home/bbbkkk/ws01_plumbing/install/base_interfaces_demo/lib:/opt/ros/humble/opt/rviz_ogre_vendor/lib:/opt/ros/humble/lib/x86_64-linux-gnu:/opt/ros/humble/lib /usr/bin/cmake --build /home/bbbkkk/ws01_plumbing/src/build/cpp03_action -- -j5 -l5
[0.052s] [35m[1mConsolidate compiler generated dependencies of target demo01_action_server[0m
[0.062s] [100%] Built target demo01_action_server
[0.072s] Invoked command in '/home/bbbkkk/ws01_plumbing/src/build/cpp03_action' returned '0': CMAKE_PREFIX_PATH=/home/bbbkkk/ws01_plumbing/src/install/base_interfaces_demo:/home/bbbkkk/ws01_plumbing/src/install/cpp03_action:/home/bbbkkk/ws01_plumbing/install/cpp02_service:/home/bbbkkk/ws01_plumbing/install/cpp01_topic:/home/bbbkkk/ws01_plumbing/install/base_interfaces_demo:/home/bbbkkk/ws01_plumbing/src/install/cpp01_topic:/opt/ros/humble LD_LIBRARY_PATH=/home/bbbkkk/ws01_plumbing/src/install/base_interfaces_demo/lib:/home/bbbkkk/ws01_plumbing/install/base_interfaces_demo/lib:/opt/ros/humble/opt/rviz_ogre_vendor/lib:/opt/ros/humble/lib/x86_64-linux-gnu:/opt/ros/humble/lib /usr/bin/cmake --build /home/bbbkkk/ws01_plumbing/src/build/cpp03_action -- -j5 -l5
[0.080s] Invoking command in '/home/bbbkkk/ws01_plumbing/src/build/cpp03_action': CMAKE_PREFIX_PATH=/home/bbbkkk/ws01_plumbing/src/install/base_interfaces_demo:/home/bbbkkk/ws01_plumbing/src/install/cpp03_action:/home/bbbkkk/ws01_plumbing/install/cpp02_service:/home/bbbkkk/ws01_plumbing/install/cpp01_topic:/home/bbbkkk/ws01_plumbing/install/base_interfaces_demo:/home/bbbkkk/ws01_plumbing/src/install/cpp01_topic:/opt/ros/humble LD_LIBRARY_PATH=/home/bbbkkk/ws01_plumbing/src/install/base_interfaces_demo/lib:/home/bbbkkk/ws01_plumbing/install/base_interfaces_demo/lib:/opt/ros/humble/opt/rviz_ogre_vendor/lib:/opt/ros/humble/lib/x86_64-linux-gnu:/opt/ros/humble/lib /usr/bin/cmake --install /home/bbbkkk/ws01_plumbing/src/build/cpp03_action
[0.086s] -- Install configuration: ""
[0.086s] -- Up-to-date: /home/bbbkkk/ws01_plumbing/src/install/cpp03_action/lib/cpp03_action/demo01_action_server
[0.086s] -- Up-to-date: /home/bbbkkk/ws01_plumbing/src/install/cpp03_action/share/ament_index/resource_index/package_run_dependencies/cpp03_action
[0.086s] -- Up-to-date: /home/bbbkkk/ws01_plumbing/src/install/cpp03_action/share/ament_index/resource_index/parent_prefix_path/cpp03_action
[0.086s] -- Up-to-date: /home/bbbkkk/ws01_plumbing/src/install/cpp03_action/share/cpp03_action/environment/ament_prefix_path.sh
[0.086s] -- Up-to-date: /home/bbbkkk/ws01_plumbing/src/install/cpp03_action/share/cpp03_action/environment/ament_prefix_path.dsv
[0.086s] -- Up-to-date: /home/bbbkkk/ws01_plumbing/src/install/cpp03_action/share/cpp03_action/environment/path.sh
[0.086s] -- Up-to-date: /home/bbbkkk/ws01_plumbing/src/install/cpp03_action/share/cpp03_action/environment/path.dsv
[0.086s] -- Up-to-date: /home/bbbkkk/ws01_plumbing/src/install/cpp03_action/share/cpp03_action/local_setup.bash
[0.086s] -- Up-to-date: /home/bbbkkk/ws01_plumbing/src/install/cpp03_action/share/cpp03_action/local_setup.sh
[0.086s] -- Up-to-date: /home/bbbkkk/ws01_plumbing/src/install/cpp03_action/share/cpp03_action/local_setup.zsh
[0.086s] -- Up-to-date: /home/bbbkkk/ws01_plumbing/src/install/cpp03_action/share/cpp03_action/local_setup.dsv
[0.086s] -- Up-to-date: /home/bbbkkk/ws01_plumbing/src/install/cpp03_action/share/cpp03_action/package.dsv
[0.086s] -- Up-to-date: /home/bbbkkk/ws01_plumbing/src/install/cpp03_action/share/ament_index/resource_index/packages/cpp03_action
[0.086s] -- Up-to-date: /home/bbbkkk/ws01_plumbing/src/install/cpp03_action/share/cpp03_action/cmake/cpp03_actionConfig.cmake
[0.086s] -- Up-to-date: /home/bbbkkk/ws01_plumbing/src/install/cpp03_action/share/cpp03_action/cmake/cpp03_actionConfig-version.cmake
[0.086s] -- Up-to-date: /home/bbbkkk/ws01_plumbing/src/install/cpp03_action/share/cpp03_action/package.xml
[0.089s] Invoked command in '/home/bbbkkk/ws01_plumbing/src/build/cpp03_action' returned '0': CMAKE_PREFIX_PATH=/home/bbbkkk/ws01_plumbing/src/install/base_interfaces_demo:/home/bbbkkk/ws01_plumbing/src/install/cpp03_action:/home/bbbkkk/ws01_plumbing/install/cpp02_service:/home/bbbkkk/ws01_plumbing/install/cpp01_topic:/home/bbbkkk/ws01_plumbing/install/base_interfaces_demo:/home/bbbkkk/ws01_plumbing/src/install/cpp01_topic:/opt/ros/humble LD_LIBRARY_PATH=/home/bbbkkk/ws01_plumbing/src/install/base_interfaces_demo/lib:/home/bbbkkk/ws01_plumbing/install/base_interfaces_demo/lib:/opt/ros/humble/opt/rviz_ogre_vendor/lib:/opt/ros/humble/lib/x86_64-linux-gnu:/opt/ros/humble/lib /usr/bin/cmake --install /home/bbbkkk/ws01_plumbing/src/build/cpp03_action
