[0.007s] Invoking command in '/home/bbbkkk/ws02_tools/build/cpp02_rosbag': CMAKE_PREFIX_PATH=/opt/ros/humble /usr/bin/cmake /home/bbbkkk/ws02_tools/src/cpp02_rosbag -DCMAKE_INSTALL_PREFIX=/home/bbbkkk/ws02_tools/install/cpp02_rosbag
[0.061s] -- The C compiler identification is GNU 11.4.0
[0.100s] -- The CXX compiler identification is GNU 11.4.0
[0.106s] -- Detecting C compiler ABI info
[0.170s] -- Detecting C compiler ABI info - done
[0.174s] -- Check for working C compiler: /usr/bin/cc - skipped
[0.174s] -- Detecting C compile features
[0.174s] -- Detecting C compile features - done
[0.177s] -- Detecting CXX compiler ABI info
[0.250s] -- Detecting CXX compiler ABI info - done
[0.254s] -- Check for working CXX compiler: /usr/bin/c++ - skipped
[0.254s] -- Detecting CXX compile features
[0.255s] -- Detecting CXX compile features - done
[0.256s] -- Found ament_cmake: 1.3.12 (/opt/ros/humble/share/ament_cmake/cmake)
[0.355s] -- Found Python3: /usr/bin/python3 (found version "3.10.12") found components: Interpreter 
[0.413s] -- Found rclcpp: 16.0.15 (/opt/ros/humble/share/rclcpp/cmake)
[0.435s] -- Found rosidl_generator_c: 3.1.7 (/opt/ros/humble/share/rosidl_generator_c/cmake)
[0.438s] -- Found rosidl_adapter: 3.1.7 (/opt/ros/humble/share/rosidl_adapter/cmake)
[0.445s] -- Found rosidl_generator_cpp: 3.1.7 (/opt/ros/humble/share/rosidl_generator_cpp/cmake)
[0.453s] -- Using all available rosidl_typesupport_c: rosidl_typesupport_fastrtps_c;rosidl_typesupport_introspection_c
[0.463s] -- Using all available rosidl_typesupport_cpp: rosidl_typesupport_fastrtps_cpp;rosidl_typesupport_introspection_cpp
[0.489s] -- Found rmw_implementation_cmake: 6.1.2 (/opt/ros/humble/share/rmw_implementation_cmake/cmake)
[0.490s] -- Found rmw_fastrtps_cpp: 6.2.9 (/opt/ros/humble/share/rmw_fastrtps_cpp/cmake)
[0.557s] -- Found OpenSSL: /usr/lib/x86_64-linux-gnu/libcrypto.so (found version "3.0.2")  
[0.571s] -- Found FastRTPS: /opt/ros/humble/include  
[0.597s] -- Using RMW implementation 'rmw_fastrtps_cpp' as default
[0.602s] -- Looking for pthread.h
[0.665s] -- Looking for pthread.h - found
[0.666s] -- Performing Test CMAKE_HAVE_LIBC_PTHREAD
[0.732s] -- Performing Test CMAKE_HAVE_LIBC_PTHREAD - Success
[0.733s] -- Found Threads: TRUE  
[0.762s] -- Found rosbag2_cpp: 0.15.15 (/opt/ros/humble/share/rosbag2_cpp/cmake)
[0.782s] -- Found geometry_msgs: 4.9.0 (/opt/ros/humble/share/geometry_msgs/cmake)
[0.791s] -- Found ament_lint_auto: 0.12.14 (/opt/ros/humble/share/ament_lint_auto/cmake)
[0.836s] -- Added test 'cppcheck' to perform static code analysis on C / C++ code
[0.836s] -- Configured cppcheck include dirs: $<BUILD_INTERFACE:/home/bbbkkk/ws02_tools/src/cpp02_rosbag/include>
[0.836s] -- Configured cppcheck exclude dirs and/or files: 
[0.838s] -- Added test 'lint_cmake' to check CMake code style
[0.838s] -- Added test 'uncrustify' to check C / C++ code style
[0.838s] -- Configured uncrustify additional arguments: 
[0.838s] -- Added test 'xmllint' to check XML markup files
[0.838s] -- Configuring done
[0.847s] -- Generating done
[0.850s] -- Build files have been written to: /home/bbbkkk/ws02_tools/build/cpp02_rosbag
[0.859s] Invoked command in '/home/bbbkkk/ws02_tools/build/cpp02_rosbag' returned '0': CMAKE_PREFIX_PATH=/opt/ros/humble /usr/bin/cmake /home/bbbkkk/ws02_tools/src/cpp02_rosbag -DCMAKE_INSTALL_PREFIX=/home/bbbkkk/ws02_tools/install/cpp02_rosbag
[0.860s] Invoking command in '/home/bbbkkk/ws02_tools/build/cpp02_rosbag': CMAKE_PREFIX_PATH=/opt/ros/humble /usr/bin/cmake --build /home/bbbkkk/ws02_tools/build/cpp02_rosbag -- -j5 -l5
[0.907s] [ 25%] [32mBuilding CXX object CMakeFiles/demo02_reader.dir/src/demo02_reader.cpp.o[0m
[0.907s] [ 50%] [32mBuilding CXX object CMakeFiles/demo01_writer.dir/src/demo01_writer.cpp.o[0m
[2.556s] [01m[K/home/bbbkkk/ws02_tools/src/cpp02_rosbag/src/demo01_writer.cpp:[m[K In constructor ‘[01m[KSimpleBagRecord::SimpleBagRecord()[m[K’:
[2.556s] [01m[K/home/bbbkkk/ws02_tools/src/cpp02_rosbag/src/demo01_writer.cpp:21:52:[m[K [01;31m[Kerror: [m[Kno matching function for call to ‘[01m[Krclcpp::Subscription<geometry_msgs::msg::Twist_<std::allocator<void> > >::Subscription()[m[K’
[2.556s]    21 |   SimpleBagRecord() : Node("simple_bag_record_node"[01;31m[K)[m[K {
[2.556s]       |                                                    [01;31m[K^[m[K
[2.558s] In file included from [01m[K/opt/ros/humble/include/rclcpp/rclcpp/any_executable.hpp:25[m[K,
[2.558s]                  from [01m[K/opt/ros/humble/include/rclcpp/rclcpp/memory_strategy.hpp:25[m[K,
[2.558s]                  from [01m[K/opt/ros/humble/include/rclcpp/rclcpp/memory_strategies.hpp:18[m[K,
[2.558s]                  from [01m[K/opt/ros/humble/include/rclcpp/rclcpp/executor_options.hpp:20[m[K,
[2.558s]                  from [01m[K/opt/ros/humble/include/rclcpp/rclcpp/executor.hpp:37[m[K,
[2.558s]                  from [01m[K/opt/ros/humble/include/rclcpp/rclcpp/executors/multi_threaded_executor.hpp:25[m[K,
[2.558s]                  from [01m[K/opt/ros/humble/include/rclcpp/rclcpp/executors.hpp:21[m[K,
[2.558s]                  from [01m[K/opt/ros/humble/include/rclcpp/rclcpp/rclcpp.hpp:155[m[K,
[2.558s]                  from [01m[K/home/bbbkkk/ws02_tools/src/cpp02_rosbag/src/demo01_writer.cpp:14[m[K:
[2.558s] [01m[K/opt/ros/humble/include/rclcpp/rclcpp/subscription.hpp:130:3:[m[K [01;36m[Knote: [m[Kcandidate: ‘[01m[Krclcpp::Subscription<MessageT, AllocatorT, SubscribedT, ROSMessageT, MessageMemoryStrategyT>::Subscription(rclcpp::node_interfaces::NodeBaseInterface*, const rosidl_message_type_support_t&, const string&, const rclcpp::QoS&, rclcpp::AnySubscriptionCallback<CallbackMessageT, AllocatorT>, const rclcpp::SubscriptionOptionsWithAllocator<AllocatorT>&, typename MessageMemoryStrategyT::SharedPtr, rclcpp::Subscription<MessageT, AllocatorT, SubscribedT, ROSMessageT, MessageMemoryStrategyT>::SubscriptionTopicStatisticsSharedPtr) [with MessageT = geometry_msgs::msg::Twist_<std::allocator<void> >; AllocatorT = std::allocator<void>; SubscribedT = geometry_msgs::msg::Twist_<std::allocator<void> >; ROSMessageT = geometry_msgs::msg::Twist_<std::allocator<void> >; MessageMemoryStrategyT = rclcpp::message_memory_strategy::MessageMemoryStrategy<geometry_msgs::msg::Twist_<std::allocator<void> >, std::allocator<void> >; rosidl_message_type_support_t = rosidl_message_type_support_t; std::string = std::__cxx11::basic_string<char>; typename MessageMemoryStrategyT::SharedPtr = std::shared_ptr<rclcpp::message_memory_strategy::MessageMemoryStrategy<geometry_msgs::msg::Twist_<std::allocator<void> >, std::allocator<void> > >; rclcpp::Subscription<MessageT, AllocatorT, SubscribedT, ROSMessageT, MessageMemoryStrategyT>::SubscriptionTopicStatisticsSharedPtr = std::shared_ptr<rclcpp::topic_statistics::SubscriptionTopicStatistics<geometry_msgs::msg::Twist_<std::allocator<void> > > >][m[K’
[2.558s]   130 |   [01;36m[KSubscription[m[K(
[2.558s]       |   [01;36m[K^~~~~~~~~~~~[m[K
[2.560s] [01m[K/opt/ros/humble/include/rclcpp/rclcpp/subscription.hpp:130:3:[m[K [01;36m[Knote: [m[K  candidate expects 8 arguments, 0 provided
[2.569s] [01m[K/home/bbbkkk/ws02_tools/src/cpp02_rosbag/src/demo01_writer.cpp:25:152:[m[K [01;31m[Kerror: [m[Kno match for ‘[01m[Koperator=[m[K’ (operand types are ‘[01m[Krclcpp::Subscription<geometry_msgs::msg::Twist_<std::allocator<void> > >[m[K’ and ‘[01m[Kstd::shared_ptr<rclcpp::Subscription<geometry_msgs::msg::Twist_<std::allocator<void> > > >[m[K’)
[2.570s]    25 | el",10,std::bind(&SimpleBagRecord::do_write,this,std::placeholders::_1)[01;31m[K)[m[K;
[2.571s]       |                                                                        [01;31m[K^[m[K
[2.571s] 
[2.571s] In file included from [01m[K/opt/ros/humble/include/rclcpp/rclcpp/context.hpp:35[m[K,
[2.571s]                  from [01m[K/opt/ros/humble/include/rclcpp/rclcpp/executor.hpp:34[m[K,
[2.571s]                  from [01m[K/opt/ros/humble/include/rclcpp/rclcpp/executors/multi_threaded_executor.hpp:25[m[K,
[2.571s]                  from [01m[K/opt/ros/humble/include/rclcpp/rclcpp/executors.hpp:21[m[K,
[2.572s]                  from [01m[K/opt/ros/humble/include/rclcpp/rclcpp/rclcpp.hpp:155[m[K,
[2.572s]                  from [01m[K/home/bbbkkk/ws02_tools/src/cpp02_rosbag/src/demo01_writer.cpp:14[m[K:
[2.572s] [01m[K/opt/ros/humble/include/rclcpp/rclcpp/subscription.hpp:423:3:[m[K [01;36m[Knote: [m[Kcandidate: ‘[01m[Krclcpp::Subscription<MessageT, AllocatorT, SubscribedT, ROSMessageT, MessageMemoryStrategyT>& rclcpp::Subscription<MessageT, AllocatorT, SubscribedT, ROSMessageT, MessageMemoryStrategyT>::operator=(const rclcpp::Subscription<MessageT, AllocatorT, SubscribedT, ROSMessageT, MessageMemoryStrategyT>&) [with MessageT = geometry_msgs::msg::Twist_<std::allocator<void> >; AllocatorT = std::allocator<void>; SubscribedT = geometry_msgs::msg::Twist_<std::allocator<void> >; ROSMessageT = geometry_msgs::msg::Twist_<std::allocator<void> >; MessageMemoryStrategyT = rclcpp::message_memory_strategy::MessageMemoryStrategy<geometry_msgs::msg::Twist_<std::allocator<void> >, std::allocator<void> >][m[K’ (deleted)
[2.572s]   423 |   [01;36m[KRCLCPP_DISABLE_COPY[m[K(Subscription)
[2.572s]       |   [01;36m[K^~~~~~~~~~~~~~~~~~~[m[K
[2.572s] [01m[K/opt/ros/humble/include/rclcpp/rclcpp/subscription.hpp:423:3:[m[K [01;36m[Knote: [m[K  no known conversion for argument 1 from ‘[01m[Kstd::shared_ptr<rclcpp::Subscription<geometry_msgs::msg::Twist_<std::allocator<void> > > >[m[K’ to ‘[01m[Kconst rclcpp::Subscription<geometry_msgs::msg::Twist_<std::allocator<void> > >&[m[K’
[2.572s]   423 |   [01;36m[KRCLCPP_DISABLE_COPY[m[K(Subscription)
[2.572s]       |   [01;36m[K^~~~~~~~~~~~~~~~~~~[m[K
[2.692s] [ 75%] [32m[1mLinking CXX executable demo02_reader[0m
[2.777s] [ 75%] Built target demo02_reader
[4.052s] gmake[2]: *** [CMakeFiles/demo01_writer.dir/build.make:76：CMakeFiles/demo01_writer.dir/src/demo01_writer.cpp.o] 错误 1
[4.053s] gmake[1]: *** [CMakeFiles/Makefile2:139：CMakeFiles/demo01_writer.dir/all] 错误 2
[4.053s] gmake: *** [Makefile:146：all] 错误 2
[4.056s] Invoked command in '/home/bbbkkk/ws02_tools/build/cpp02_rosbag' returned '2': CMAKE_PREFIX_PATH=/opt/ros/humble /usr/bin/cmake --build /home/bbbkkk/ws02_tools/build/cpp02_rosbag -- -j5 -l5
