[0.021s] Invoking command in '/home/bbbkkk/ws02_tools/src/build/cpp02_rosbag': CMAKE_PREFIX_PATH=/opt/ros/humble /usr/bin/cmake /home/bbbkkk/ws02_tools/src/cpp02_rosbag -DCMAKE_INSTALL_PREFIX=/home/bbbkkk/ws02_tools/src/install/cpp02_rosbag
[0.067s] -- The C compiler identification is GNU 11.4.0
[0.108s] -- The CXX compiler identification is GNU 11.4.0
[0.115s] -- Detecting C compiler ABI info
[0.176s] -- Detecting C compiler ABI info - done
[0.180s] -- Check for working C compiler: /usr/bin/cc - skipped
[0.180s] -- Detecting C compile features
[0.180s] -- Detecting C compile features - done
[0.183s] -- Detecting CXX compiler ABI info
[0.255s] -- Detecting CXX compiler ABI info - done
[0.258s] -- Check for working CXX compiler: /usr/bin/c++ - skipped
[0.258s] -- Detecting CXX compile features
[0.259s] -- Detecting CXX compile features - done
[0.274s] -- Found ament_cmake: 1.3.12 (/opt/ros/humble/share/ament_cmake/cmake)
[0.384s] -- Found Python3: /usr/bin/python3 (found version "3.10.12") found components: Interpreter 
[0.489s] -- Found rclcpp: 16.0.15 (/opt/ros/humble/share/rclcpp/cmake)
[0.565s] -- Found rosidl_generator_c: 3.1.7 (/opt/ros/humble/share/rosidl_generator_c/cmake)
[0.573s] -- Found rosidl_adapter: 3.1.7 (/opt/ros/humble/share/rosidl_adapter/cmake)
[0.586s] -- Found rosidl_generator_cpp: 3.1.7 (/opt/ros/humble/share/rosidl_generator_cpp/cmake)
[0.605s] -- Using all available rosidl_typesupport_c: rosidl_typesupport_fastrtps_c;rosidl_typesupport_introspection_c
[0.627s] -- Using all available rosidl_typesupport_cpp: rosidl_typesupport_fastrtps_cpp;rosidl_typesupport_introspection_cpp
[0.692s] -- Found rmw_implementation_cmake: 6.1.2 (/opt/ros/humble/share/rmw_implementation_cmake/cmake)
[0.697s] -- Found rmw_fastrtps_cpp: 6.2.9 (/opt/ros/humble/share/rmw_fastrtps_cpp/cmake)
[0.795s] -- Found OpenSSL: /usr/lib/x86_64-linux-gnu/libcrypto.so (found version "3.0.2")  
[0.816s] -- Found FastRTPS: /opt/ros/humble/include  
[0.844s] -- Using RMW implementation 'rmw_fastrtps_cpp' as default
[0.859s] -- Looking for pthread.h
[0.922s] -- Looking for pthread.h - found
[0.922s] -- Performing Test CMAKE_HAVE_LIBC_PTHREAD
[0.985s] -- Performing Test CMAKE_HAVE_LIBC_PTHREAD - Success
[0.985s] -- Found Threads: TRUE  
[1.063s] -- Found rosbag2_cpp: 0.15.15 (/opt/ros/humble/share/rosbag2_cpp/cmake)
[1.106s] -- Found geometry_msgs: 4.9.0 (/opt/ros/humble/share/geometry_msgs/cmake)
[1.129s] -- Found ament_lint_auto: 0.12.14 (/opt/ros/humble/share/ament_lint_auto/cmake)
[1.204s] -- Added test 'cppcheck' to perform static code analysis on C / C++ code
[1.204s] -- Configured cppcheck include dirs: $<BUILD_INTERFACE:/home/bbbkkk/ws02_tools/src/cpp02_rosbag/include>
[1.204s] -- Configured cppcheck exclude dirs and/or files: 
[1.205s] -- Added test 'lint_cmake' to check CMake code style
[1.207s] -- Added test 'uncrustify' to check C / C++ code style
[1.207s] -- Configured uncrustify additional arguments: 
[1.208s] -- Added test 'xmllint' to check XML markup files
[1.210s] -- Configuring done
[1.218s] -- Generating done
[1.221s] -- Build files have been written to: /home/bbbkkk/ws02_tools/src/build/cpp02_rosbag
[1.231s] Invoked command in '/home/bbbkkk/ws02_tools/src/build/cpp02_rosbag' returned '0': CMAKE_PREFIX_PATH=/opt/ros/humble /usr/bin/cmake /home/bbbkkk/ws02_tools/src/cpp02_rosbag -DCMAKE_INSTALL_PREFIX=/home/bbbkkk/ws02_tools/src/install/cpp02_rosbag
[1.231s] Invoking command in '/home/bbbkkk/ws02_tools/src/build/cpp02_rosbag': CMAKE_PREFIX_PATH=/opt/ros/humble /usr/bin/cmake --build /home/bbbkkk/ws02_tools/src/build/cpp02_rosbag -- -j5 -l5
[1.274s] [ 25%] [32mBuilding CXX object CMakeFiles/demo01_writer.dir/src/demo01_writer.cpp.o[0m
[1.275s] [ 50%] [32mBuilding CXX object CMakeFiles/demo02_reader.dir/src/demo02_reader.cpp.o[0m
[3.316s] [ 75%] [32m[1mLinking CXX executable demo02_reader[0m
[3.316s] [100%] [32m[1mLinking CXX executable demo01_writer[0m
[3.431s] [100%] Built target demo02_reader
[3.438s] [100%] Built target demo01_writer
[3.450s] Invoked command in '/home/bbbkkk/ws02_tools/src/build/cpp02_rosbag' returned '0': CMAKE_PREFIX_PATH=/opt/ros/humble /usr/bin/cmake --build /home/bbbkkk/ws02_tools/src/build/cpp02_rosbag -- -j5 -l5
[3.457s] Invoking command in '/home/bbbkkk/ws02_tools/src/build/cpp02_rosbag': CMAKE_PREFIX_PATH=/opt/ros/humble /usr/bin/cmake --install /home/bbbkkk/ws02_tools/src/build/cpp02_rosbag
[3.462s] -- Install configuration: ""
[3.462s] -- Installing: /home/bbbkkk/ws02_tools/src/install/cpp02_rosbag/lib/cpp02_rosbag/demo01_writer
[3.462s] -- Set runtime path of "/home/bbbkkk/ws02_tools/src/install/cpp02_rosbag/lib/cpp02_rosbag/demo01_writer" to ""
[3.462s] -- Installing: /home/bbbkkk/ws02_tools/src/install/cpp02_rosbag/lib/cpp02_rosbag/demo02_reader
[3.462s] -- Set runtime path of "/home/bbbkkk/ws02_tools/src/install/cpp02_rosbag/lib/cpp02_rosbag/demo02_reader" to ""
[3.462s] -- Installing: /home/bbbkkk/ws02_tools/src/install/cpp02_rosbag/share/ament_index/resource_index/package_run_dependencies/cpp02_rosbag
[3.463s] -- Installing: /home/bbbkkk/ws02_tools/src/install/cpp02_rosbag/share/ament_index/resource_index/parent_prefix_path/cpp02_rosbag
[3.463s] -- Installing: /home/bbbkkk/ws02_tools/src/install/cpp02_rosbag/share/cpp02_rosbag/environment/ament_prefix_path.sh
[3.463s] -- Installing: /home/bbbkkk/ws02_tools/src/install/cpp02_rosbag/share/cpp02_rosbag/environment/ament_prefix_path.dsv
[3.463s] -- Installing: /home/bbbkkk/ws02_tools/src/install/cpp02_rosbag/share/cpp02_rosbag/environment/path.sh
[3.463s] -- Installing: /home/bbbkkk/ws02_tools/src/install/cpp02_rosbag/share/cpp02_rosbag/environment/path.dsv
[3.463s] -- Installing: /home/bbbkkk/ws02_tools/src/install/cpp02_rosbag/share/cpp02_rosbag/local_setup.bash
[3.463s] -- Installing: /home/bbbkkk/ws02_tools/src/install/cpp02_rosbag/share/cpp02_rosbag/local_setup.sh
[3.463s] -- Installing: /home/bbbkkk/ws02_tools/src/install/cpp02_rosbag/share/cpp02_rosbag/local_setup.zsh
[3.463s] -- Installing: /home/bbbkkk/ws02_tools/src/install/cpp02_rosbag/share/cpp02_rosbag/local_setup.dsv
[3.464s] -- Installing: /home/bbbkkk/ws02_tools/src/install/cpp02_rosbag/share/cpp02_rosbag/package.dsv
[3.464s] -- Installing: /home/bbbkkk/ws02_tools/src/install/cpp02_rosbag/share/ament_index/resource_index/packages/cpp02_rosbag
[3.464s] -- Installing: /home/bbbkkk/ws02_tools/src/install/cpp02_rosbag/share/cpp02_rosbag/cmake/cpp02_rosbagConfig.cmake
[3.464s] -- Installing: /home/bbbkkk/ws02_tools/src/install/cpp02_rosbag/share/cpp02_rosbag/cmake/cpp02_rosbagConfig-version.cmake
[3.464s] -- Installing: /home/bbbkkk/ws02_tools/src/install/cpp02_rosbag/share/cpp02_rosbag/package.xml
[3.466s] Invoked command in '/home/bbbkkk/ws02_tools/src/build/cpp02_rosbag' returned '0': CMAKE_PREFIX_PATH=/opt/ros/humble /usr/bin/cmake --install /home/bbbkkk/ws02_tools/src/build/cpp02_rosbag
