[0.011s] Invoking command in '/home/bbbkkk/ws02_tools/build/cpp01_launch': CMAKE_PREFIX_PATH=/opt/ros/humble /usr/bin/cmake /home/bbbkkk/ws02_tools/src/cpp01_launch -DCMAKE_INSTALL_PREFIX=/home/bbbkkk/ws02_tools/install/cpp01_launch
[0.052s] -- The C compiler identification is GNU 11.4.0
[0.088s] -- The CXX compiler identification is GNU 11.4.0
[0.094s] -- Detecting C compiler ABI info
[0.153s] -- Detecting C compiler ABI info - done
[0.156s] -- Check for working C compiler: /usr/bin/cc - skipped
[0.157s] -- Detecting C compile features
[0.157s] -- Detecting C compile features - done
[0.158s] -- Detecting CXX compiler ABI info
[0.220s] -- Detecting CXX compiler ABI info - done
[0.226s] -- Check for working CXX compiler: /usr/bin/c++ - skipped
[0.226s] -- Detecting CXX compile features
[0.226s] -- Detecting CXX compile features - done
[0.227s] -- Found ament_cmake: 1.3.12 (/opt/ros/humble/share/ament_cmake/cmake)
[0.321s] -- Found Python3: /usr/bin/python3 (found version "3.10.12") found components: Interpreter 
[0.374s] -- Found rclcpp: 16.0.15 (/opt/ros/humble/share/rclcpp/cmake)
[0.394s] -- Found rosidl_generator_c: 3.1.7 (/opt/ros/humble/share/rosidl_generator_c/cmake)
[0.450s] -- Found rosidl_adapter: 3.1.7 (/opt/ros/humble/share/rosidl_adapter/cmake)
[0.451s] -- Found rosidl_generator_cpp: 3.1.7 (/opt/ros/humble/share/rosidl_generator_cpp/cmake)
[0.451s] -- Using all available rosidl_typesupport_c: rosidl_typesupport_fastrtps_c;rosidl_typesupport_introspection_c
[0.451s] -- Using all available rosidl_typesupport_cpp: rosidl_typesupport_fastrtps_cpp;rosidl_typesupport_introspection_cpp
[0.451s] -- Found rmw_implementation_cmake: 6.1.2 (/opt/ros/humble/share/rmw_implementation_cmake/cmake)
[0.451s] -- Found rmw_fastrtps_cpp: 6.2.9 (/opt/ros/humble/share/rmw_fastrtps_cpp/cmake)
[0.497s] -- Found OpenSSL: /usr/lib/x86_64-linux-gnu/libcrypto.so (found version "3.0.2")  
[0.513s] -- Found FastRTPS: /opt/ros/humble/include  
[0.536s] -- Using RMW implementation 'rmw_fastrtps_cpp' as default
[0.540s] -- Looking for pthread.h
[0.609s] -- Looking for pthread.h - found
[0.609s] -- Performing Test CMAKE_HAVE_LIBC_PTHREAD
[0.667s] -- Performing Test CMAKE_HAVE_LIBC_PTHREAD - Success
[0.667s] -- Found Threads: TRUE  
[0.694s] -- Found ament_lint_auto: 0.12.14 (/opt/ros/humble/share/ament_lint_auto/cmake)
[0.739s] -- Added test 'lint_cmake' to check CMake code style
[0.739s] -- Added test 'xmllint' to check XML markup files
[0.740s] -- Configuring done
[0.742s] -- Generating done
[0.744s] -- Build files have been written to: /home/bbbkkk/ws02_tools/build/cpp01_launch
[0.752s] Invoked command in '/home/bbbkkk/ws02_tools/build/cpp01_launch' returned '0': CMAKE_PREFIX_PATH=/opt/ros/humble /usr/bin/cmake /home/bbbkkk/ws02_tools/src/cpp01_launch -DCMAKE_INSTALL_PREFIX=/home/bbbkkk/ws02_tools/install/cpp01_launch
[0.753s] Invoking command in '/home/bbbkkk/ws02_tools/build/cpp01_launch': CMAKE_PREFIX_PATH=/opt/ros/humble /usr/bin/cmake --build /home/bbbkkk/ws02_tools/build/cpp01_launch -- -j5 -l5
[0.787s] Invoked command in '/home/bbbkkk/ws02_tools/build/cpp01_launch' returned '0': CMAKE_PREFIX_PATH=/opt/ros/humble /usr/bin/cmake --build /home/bbbkkk/ws02_tools/build/cpp01_launch -- -j5 -l5
[0.795s] Invoking command in '/home/bbbkkk/ws02_tools/build/cpp01_launch': CMAKE_PREFIX_PATH=/opt/ros/humble /usr/bin/cmake --install /home/bbbkkk/ws02_tools/build/cpp01_launch
[0.800s] -- Install configuration: ""
[0.801s] -- Installing: /home/bbbkkk/ws02_tools/install/cpp01_launch/share/cpp01_launch/launch
[0.801s] -- Installing: /home/bbbkkk/ws02_tools/install/cpp01_launch/share/cpp01_launch/launch/py
[0.801s] -- Installing: /home/bbbkkk/ws02_tools/install/cpp01_launch/share/cpp01_launch/launch/py/xml
[0.802s] -- Installing: /home/bbbkkk/ws02_tools/install/cpp01_launch/share/cpp01_launch/launch/yaml
[0.802s] -- Installing: /home/bbbkkk/ws02_tools/install/cpp01_launch/share/ament_index/resource_index/package_run_dependencies/cpp01_launch
[0.802s] -- Installing: /home/bbbkkk/ws02_tools/install/cpp01_launch/share/ament_index/resource_index/parent_prefix_path/cpp01_launch
[0.802s] -- Installing: /home/bbbkkk/ws02_tools/install/cpp01_launch/share/cpp01_launch/environment/ament_prefix_path.sh
[0.802s] -- Installing: /home/bbbkkk/ws02_tools/install/cpp01_launch/share/cpp01_launch/environment/ament_prefix_path.dsv
[0.802s] -- Installing: /home/bbbkkk/ws02_tools/install/cpp01_launch/share/cpp01_launch/environment/path.sh
[0.802s] -- Installing: /home/bbbkkk/ws02_tools/install/cpp01_launch/share/cpp01_launch/environment/path.dsv
[0.802s] -- Installing: /home/bbbkkk/ws02_tools/install/cpp01_launch/share/cpp01_launch/local_setup.bash
[0.802s] -- Installing: /home/bbbkkk/ws02_tools/install/cpp01_launch/share/cpp01_launch/local_setup.sh
[0.802s] -- Installing: /home/bbbkkk/ws02_tools/install/cpp01_launch/share/cpp01_launch/local_setup.zsh
[0.802s] -- Installing: /home/bbbkkk/ws02_tools/install/cpp01_launch/share/cpp01_launch/local_setup.dsv
[0.802s] -- Installing: /home/bbbkkk/ws02_tools/install/cpp01_launch/share/cpp01_launch/package.dsv
[0.802s] -- Installing: /home/bbbkkk/ws02_tools/install/cpp01_launch/share/ament_index/resource_index/packages/cpp01_launch
[0.802s] -- Installing: /home/bbbkkk/ws02_tools/install/cpp01_launch/share/cpp01_launch/cmake/cpp01_launchConfig.cmake
[0.802s] -- Installing: /home/bbbkkk/ws02_tools/install/cpp01_launch/share/cpp01_launch/cmake/cpp01_launchConfig-version.cmake
[0.802s] -- Installing: /home/bbbkkk/ws02_tools/install/cpp01_launch/share/cpp01_launch/package.xml
[0.806s] Invoked command in '/home/bbbkkk/ws02_tools/build/cpp01_launch' returned '0': CMAKE_PREFIX_PATH=/opt/ros/humble /usr/bin/cmake --install /home/bbbkkk/ws02_tools/build/cpp01_launch
