[0.008s] Invoking command in '/home/bbbkkk/ws01_plumbing/build/turtlesim': CMAKE_PREFIX_PATH=${CMAKE_PREFIX_PATH}:/opt/ros/humble /usr/bin/cmake /home/bbbkkk/ws01_plumbing/src/ros_tutorials/turtlesim -DCMAKE_INSTALL_PREFIX=/home/bbbkkk/ws01_plumbing/install/turtlesim
[0.054s] -- The C compiler identification is GNU 11.4.0
[0.097s] -- The CXX compiler identification is GNU 11.4.0
[0.104s] -- Detecting C compiler ABI info
[0.171s] -- Detecting C compiler ABI info - done
[0.176s] -- Check for working C compiler: /usr/bin/cc - skipped
[0.176s] -- Detecting C compile features
[0.176s] -- Detecting C compile features - done
[0.178s] -- Detecting CXX compiler ABI info
[0.257s] -- Detecting CXX compiler ABI info - done
[0.263s] -- Check for working CXX compiler: /usr/bin/c++ - skipped
[0.263s] -- Detecting CXX compile features
[0.263s] -- Detecting CXX compile features - done
[0.268s] -- Found ament_cmake: 1.3.12 (/opt/ros/humble/share/ament_cmake/cmake)
[0.370s] -- Found Python3: /usr/bin/python3 (found version "3.10.12") found components: Interpreter 
[0.434s] -- Found ament_index_cpp: 1.4.0 (/opt/ros/humble/share/ament_index_cpp/cmake)
[0.434s] -- Found geometry_msgs: 4.9.0 (/opt/ros/humble/share/geometry_msgs/cmake)
[0.455s] -- Found rosidl_generator_c: 3.1.7 (/opt/ros/humble/share/rosidl_generator_c/cmake)
[0.457s] -- Found rosidl_adapter: 3.1.7 (/opt/ros/humble/share/rosidl_adapter/cmake)
[0.462s] -- Found rosidl_generator_cpp: 3.1.7 (/opt/ros/humble/share/rosidl_generator_cpp/cmake)
[0.469s] -- Using all available rosidl_typesupport_c: rosidl_typesupport_fastrtps_c;rosidl_typesupport_introspection_c
[0.479s] -- Using all available rosidl_typesupport_cpp: rosidl_typesupport_fastrtps_cpp;rosidl_typesupport_introspection_cpp
[0.507s] -- Found rclcpp: 16.0.15 (/opt/ros/humble/share/rclcpp/cmake)
[0.526s] -- Found rmw_implementation_cmake: 6.1.2 (/opt/ros/humble/share/rmw_implementation_cmake/cmake)
[0.528s] -- Found rmw_fastrtps_cpp: 6.2.9 (/opt/ros/humble/share/rmw_fastrtps_cpp/cmake)
[0.598s] -- Found OpenSSL: /usr/lib/x86_64-linux-gnu/libcrypto.so (found version "3.0.2")  
[0.614s] -- Found FastRTPS: /opt/ros/humble/include  
[0.639s] -- Using RMW implementation 'rmw_fastrtps_cpp' as default
[0.644s] -- Looking for pthread.h
[0.707s] -- Looking for pthread.h - found
[0.708s] -- Performing Test CMAKE_HAVE_LIBC_PTHREAD
[0.779s] -- Performing Test CMAKE_HAVE_LIBC_PTHREAD - Success
[0.780s] -- Found Threads: TRUE  
[0.820s] -- Found rclcpp_action: 16.0.15 (/opt/ros/humble/share/rclcpp_action/cmake)
[0.835s] -- Found rosidl_default_generators: 1.2.0 (/opt/ros/humble/share/rosidl_default_generators/cmake)
[0.845s] -- Found std_srvs: 4.9.0 (/opt/ros/humble/share/std_srvs/cmake)
[1.070s] -- Found ament_cmake_ros: 0.10.0 (/opt/ros/humble/share/ament_cmake_ros/cmake)
[1.306s] -- Using all available rosidl_typesupport_c: rosidl_typesupport_fastrtps_c;rosidl_typesupport_introspection_c
[1.395s] -- Using all available rosidl_typesupport_cpp: rosidl_typesupport_fastrtps_cpp;rosidl_typesupport_introspection_cpp
[1.411s] -- Found PythonInterp: /usr/bin/python3 (found suitable version "3.10.12", minimum required is "3.6") 
[1.413s] -- Found python_cmake_module: 0.10.0 (/opt/ros/humble/share/python_cmake_module/cmake)
[1.435s] -- Found PythonLibs: /usr/lib/x86_64-linux-gnu/libpython3.10.so (found suitable version "3.10.12", minimum required is "3.5") 
[1.435s] -- Using PYTHON_EXECUTABLE: /usr/bin/python3
[1.435s] -- Using PYTHON_INCLUDE_DIRS: /usr/include/python3.10
[1.435s] -- Using PYTHON_LIBRARIES: /usr/lib/x86_64-linux-gnu/libpython3.10.so
[1.451s] -- Found PythonExtra: .so  
[1.497s] -- Configuring done
[1.538s] -- Generating done
[1.550s] -- Build files have been written to: /home/bbbkkk/ws01_plumbing/build/turtlesim
[1.560s] Invoked command in '/home/bbbkkk/ws01_plumbing/build/turtlesim' returned '0': CMAKE_PREFIX_PATH=${CMAKE_PREFIX_PATH}:/opt/ros/humble /usr/bin/cmake /home/bbbkkk/ws01_plumbing/src/ros_tutorials/turtlesim -DCMAKE_INSTALL_PREFIX=/home/bbbkkk/ws01_plumbing/install/turtlesim
[1.564s] Invoking command in '/home/bbbkkk/ws01_plumbing/build/turtlesim': CMAKE_PREFIX_PATH=${CMAKE_PREFIX_PATH}:/opt/ros/humble /usr/bin/cmake --build /home/bbbkkk/ws01_plumbing/build/turtlesim -- -j5 -l5
[1.599s] [  1%] [34m[1mGenerating C code for ROS interfaces[0m
[1.607s] [  2%] [34m[1mGenerating C++ code for ROS interfaces[0m
[1.615s] [  2%] Built target ament_cmake_python_copy_turtlesim
[1.790s] running egg_info
[1.790s] creating turtlesim.egg-info
[1.790s] writing turtlesim.egg-info/PKG-INFO
[1.790s] writing dependency_links to turtlesim.egg-info/dependency_links.txt
[1.790s] writing top-level names to turtlesim.egg-info/top_level.txt
[1.791s] writing manifest file 'turtlesim.egg-info/SOURCES.txt'
[1.798s] reading manifest file 'turtlesim.egg-info/SOURCES.txt'
[1.798s] writing manifest file 'turtlesim.egg-info/SOURCES.txt'
[1.836s] [  2%] Built target ament_cmake_python_build_turtlesim_egg
[2.407s] [  2%] Built target turtlesim__cpp
[2.423s] [  3%] [34m[1mGenerating C++ type support dispatch for ROS interfaces[0m
[2.428s] [  4%] [34m[1mGenerating C++ type support for eProsima Fast-RTPS[0m
[2.430s] [  5%] [34m[1mGenerating C++ introspection for ROS interfaces[0m
[2.449s] [  6%] [32mBuilding C object CMakeFiles/turtlesim__rosidl_generator_c.dir/rosidl_generator_c/turtlesim/msg/detail/color__functions.c.o[0m
[2.451s] [  7%] [32mBuilding C object CMakeFiles/turtlesim__rosidl_generator_c.dir/rosidl_generator_c/turtlesim/action/detail/rotate_absolute__functions.c.o[0m
[2.539s] [  8%] [32mBuilding C object CMakeFiles/turtlesim__rosidl_generator_c.dir/rosidl_generator_c/turtlesim/msg/detail/pose__functions.c.o[0m
[2.592s] [  9%] [32mBuilding C object CMakeFiles/turtlesim__rosidl_generator_c.dir/rosidl_generator_c/turtlesim/srv/detail/kill__functions.c.o[0m
[2.599s] [ 10%] [32mBuilding C object CMakeFiles/turtlesim__rosidl_generator_c.dir/rosidl_generator_c/turtlesim/srv/detail/set_pen__functions.c.o[0m
[2.651s] [ 11%] [32mBuilding C object CMakeFiles/turtlesim__rosidl_generator_c.dir/rosidl_generator_c/turtlesim/srv/detail/spawn__functions.c.o[0m
[2.666s] [ 12%] [32mBuilding C object CMakeFiles/turtlesim__rosidl_generator_c.dir/rosidl_generator_c/turtlesim/srv/detail/teleport_absolute__functions.c.o[0m
[2.726s] [ 13%] [32mBuilding C object CMakeFiles/turtlesim__rosidl_generator_c.dir/rosidl_generator_c/turtlesim/srv/detail/teleport_relative__functions.c.o[0m
[2.770s] [ 14%] [32m[1mLinking C shared library libturtlesim__rosidl_generator_c.so[0m
[2.808s] [ 14%] Built target turtlesim__rosidl_generator_c
[2.818s] [ 15%] [34m[1mGenerating C type support for eProsima Fast-RTPS[0m
[2.819s] [ 16%] [34m[1mGenerating C introspection for ROS interfaces[0m
[2.993s] [ 17%] [32mBuilding CXX object CMakeFiles/turtlesim__rosidl_typesupport_cpp.dir/rosidl_typesupport_cpp/turtlesim/action/rotate_absolute__type_support.cpp.o[0m
[3.209s] [ 18%] [32mBuilding CXX object CMakeFiles/turtlesim__rosidl_typesupport_introspection_cpp.dir/rosidl_typesupport_introspection_cpp/turtlesim/action/detail/rotate_absolute__type_support.cpp.o[0m
[3.298s] [ 19%] [32mBuilding CXX object CMakeFiles/turtlesim__rosidl_typesupport_fastrtps_cpp.dir/rosidl_typesupport_fastrtps_cpp/turtlesim/action/detail/dds_fastrtps/rotate_absolute__type_support.cpp.o[0m
[3.401s] [ 20%] [32mBuilding CXX object CMakeFiles/turtlesim__rosidl_typesupport_cpp.dir/rosidl_typesupport_cpp/turtlesim/msg/color__type_support.cpp.o[0m
[3.622s] [ 21%] [32mBuilding C object CMakeFiles/turtlesim__rosidl_typesupport_introspection_c.dir/rosidl_typesupport_introspection_c/turtlesim/action/detail/rotate_absolute__type_support.c.o[0m
[3.666s] [ 22%] [32mBuilding CXX object CMakeFiles/turtlesim__rosidl_typesupport_fastrtps_c.dir/rosidl_typesupport_fastrtps_c/turtlesim/action/detail/rotate_absolute__type_support_c.cpp.o[0m
[3.669s] [ 23%] [32mBuilding CXX object CMakeFiles/turtlesim__rosidl_typesupport_cpp.dir/rosidl_typesupport_cpp/turtlesim/msg/pose__type_support.cpp.o[0m
[3.696s] [ 24%] [32mBuilding C object CMakeFiles/turtlesim__rosidl_typesupport_introspection_c.dir/rosidl_typesupport_introspection_c/turtlesim/msg/detail/color__type_support.c.o[0m
[3.750s] [ 25%] [32mBuilding C object CMakeFiles/turtlesim__rosidl_typesupport_introspection_c.dir/rosidl_typesupport_introspection_c/turtlesim/msg/detail/pose__type_support.c.o[0m
[3.768s] [ 26%] [32mBuilding CXX object CMakeFiles/turtlesim__rosidl_typesupport_introspection_cpp.dir/rosidl_typesupport_introspection_cpp/turtlesim/msg/detail/color__type_support.cpp.o[0m
[3.786s] [ 27%] [32mBuilding C object CMakeFiles/turtlesim__rosidl_typesupport_introspection_c.dir/rosidl_typesupport_introspection_c/turtlesim/srv/detail/kill__type_support.c.o[0m
[3.837s] [ 28%] [32mBuilding C object CMakeFiles/turtlesim__rosidl_typesupport_introspection_c.dir/rosidl_typesupport_introspection_c/turtlesim/srv/detail/set_pen__type_support.c.o[0m
[3.847s] [ 29%] [32mBuilding CXX object CMakeFiles/turtlesim__rosidl_typesupport_fastrtps_cpp.dir/rosidl_typesupport_fastrtps_cpp/turtlesim/msg/detail/dds_fastrtps/color__type_support.cpp.o[0m
[3.879s] [ 30%] [32mBuilding C object CMakeFiles/turtlesim__rosidl_typesupport_introspection_c.dir/rosidl_typesupport_introspection_c/turtlesim/srv/detail/spawn__type_support.c.o[0m
[3.926s] [ 31%] [32mBuilding CXX object CMakeFiles/turtlesim__rosidl_typesupport_cpp.dir/rosidl_typesupport_cpp/turtlesim/srv/kill__type_support.cpp.o[0m
[3.990s] [ 32%] [32mBuilding C object CMakeFiles/turtlesim__rosidl_typesupport_introspection_c.dir/rosidl_typesupport_introspection_c/turtlesim/srv/detail/teleport_absolute__type_support.c.o[0m
[4.011s] [ 33%] [32mBuilding CXX object CMakeFiles/turtlesim__rosidl_typesupport_fastrtps_c.dir/rosidl_typesupport_fastrtps_c/turtlesim/msg/detail/color__type_support_c.cpp.o[0m
[4.089s] [ 34%] [32mBuilding C object CMakeFiles/turtlesim__rosidl_typesupport_introspection_c.dir/rosidl_typesupport_introspection_c/turtlesim/srv/detail/teleport_relative__type_support.c.o[0m
[4.103s] [ 35%] [32mBuilding CXX object CMakeFiles/turtlesim__rosidl_typesupport_introspection_cpp.dir/rosidl_typesupport_introspection_cpp/turtlesim/msg/detail/pose__type_support.cpp.o[0m
[4.140s] [ 36%] [32m[1mLinking C shared library libturtlesim__rosidl_typesupport_introspection_c.so[0m
[4.160s] [ 37%] [32mBuilding CXX object CMakeFiles/turtlesim__rosidl_typesupport_cpp.dir/rosidl_typesupport_cpp/turtlesim/srv/set_pen__type_support.cpp.o[0m
[4.182s] [ 38%] [32mBuilding CXX object CMakeFiles/turtlesim__rosidl_typesupport_fastrtps_cpp.dir/rosidl_typesupport_fastrtps_cpp/turtlesim/msg/detail/dds_fastrtps/pose__type_support.cpp.o[0m
[4.190s] [ 38%] Built target turtlesim__rosidl_typesupport_introspection_c
[4.202s] [ 39%] [32mBuilding CXX object CMakeFiles/turtlesim__rosidl_typesupport_introspection_cpp.dir/rosidl_typesupport_introspection_cpp/turtlesim/srv/detail/kill__type_support.cpp.o[0m
[4.356s] [ 40%] [32mBuilding CXX object CMakeFiles/turtlesim__rosidl_typesupport_cpp.dir/rosidl_typesupport_cpp/turtlesim/srv/spawn__type_support.cpp.o[0m
[4.398s] [ 41%] [32mBuilding CXX object CMakeFiles/turtlesim__rosidl_typesupport_introspection_cpp.dir/rosidl_typesupport_introspection_cpp/turtlesim/srv/detail/set_pen__type_support.cpp.o[0m
[4.425s] [ 42%] [32mBuilding CXX object CMakeFiles/turtlesim__rosidl_typesupport_fastrtps_c.dir/rosidl_typesupport_fastrtps_c/turtlesim/msg/detail/pose__type_support_c.cpp.o[0m
[4.486s] [ 43%] [32mBuilding CXX object CMakeFiles/turtlesim__rosidl_typesupport_introspection_cpp.dir/rosidl_typesupport_introspection_cpp/turtlesim/srv/detail/spawn__type_support.cpp.o[0m
[4.518s] [ 44%] [32mBuilding CXX object CMakeFiles/turtlesim__rosidl_typesupport_fastrtps_cpp.dir/rosidl_typesupport_fastrtps_cpp/turtlesim/srv/detail/dds_fastrtps/kill__type_support.cpp.o[0m
[4.632s] [ 45%] [32mBuilding CXX object CMakeFiles/turtlesim__rosidl_typesupport_cpp.dir/rosidl_typesupport_cpp/turtlesim/srv/teleport_absolute__type_support.cpp.o[0m
[4.748s] [ 46%] [32mBuilding CXX object CMakeFiles/turtlesim__rosidl_typesupport_fastrtps_c.dir/rosidl_typesupport_fastrtps_c/turtlesim/srv/detail/kill__type_support_c.cpp.o[0m
[4.755s] [ 47%] [32mBuilding CXX object CMakeFiles/turtlesim__rosidl_typesupport_cpp.dir/rosidl_typesupport_cpp/turtlesim/srv/teleport_relative__type_support.cpp.o[0m
[4.807s] [ 48%] [32mBuilding CXX object CMakeFiles/turtlesim__rosidl_typesupport_introspection_cpp.dir/rosidl_typesupport_introspection_cpp/turtlesim/srv/detail/teleport_absolute__type_support.cpp.o[0m
[4.888s] [ 49%] [32mBuilding CXX object CMakeFiles/turtlesim__rosidl_typesupport_introspection_cpp.dir/rosidl_typesupport_introspection_cpp/turtlesim/srv/detail/teleport_relative__type_support.cpp.o[0m
[4.977s] [ 50%] [32mBuilding CXX object CMakeFiles/turtlesim__rosidl_typesupport_fastrtps_cpp.dir/rosidl_typesupport_fastrtps_cpp/turtlesim/srv/detail/dds_fastrtps/set_pen__type_support.cpp.o[0m
[4.977s] [ 51%] [32m[1mLinking CXX shared library libturtlesim__rosidl_typesupport_cpp.so[0m
[5.093s] [ 51%] Built target turtlesim__rosidl_typesupport_cpp
[5.121s] [ 52%] [34m[1mGenerating C type support dispatch for ROS interfaces[0m
[5.138s] [ 53%] [32mBuilding CXX object CMakeFiles/turtlesim__rosidl_typesupport_fastrtps_c.dir/rosidl_typesupport_fastrtps_c/turtlesim/srv/detail/set_pen__type_support_c.cpp.o[0m
[5.163s] [ 54%] [32mBuilding CXX object CMakeFiles/turtlesim__rosidl_typesupport_fastrtps_cpp.dir/rosidl_typesupport_fastrtps_cpp/turtlesim/srv/detail/dds_fastrtps/spawn__type_support.cpp.o[0m
[5.319s] [ 55%] [32mBuilding CXX object CMakeFiles/turtlesim__rosidl_typesupport_fastrtps_cpp.dir/rosidl_typesupport_fastrtps_cpp/turtlesim/srv/detail/dds_fastrtps/teleport_absolute__type_support.cpp.o[0m
[5.419s] [ 56%] [32m[1mLinking CXX shared library libturtlesim__rosidl_typesupport_introspection_cpp.so[0m
[5.456s] [ 57%] [32mBuilding CXX object CMakeFiles/turtlesim__rosidl_typesupport_fastrtps_c.dir/rosidl_typesupport_fastrtps_c/turtlesim/srv/detail/spawn__type_support_c.cpp.o[0m
[5.529s] [ 58%] [32mBuilding CXX object CMakeFiles/turtlesim__rosidl_typesupport_fastrtps_cpp.dir/rosidl_typesupport_fastrtps_cpp/turtlesim/srv/detail/dds_fastrtps/teleport_relative__type_support.cpp.o[0m
[5.530s] [ 58%] Built target turtlesim__rosidl_typesupport_introspection_cpp
[5.553s] [ 59%] [32mBuilding CXX object CMakeFiles/turtlesim__rosidl_typesupport_fastrtps_c.dir/rosidl_typesupport_fastrtps_c/turtlesim/srv/detail/teleport_absolute__type_support_c.cpp.o[0m
[5.680s] [ 60%] [32mBuilding CXX object CMakeFiles/turtlesim__rosidl_typesupport_fastrtps_c.dir/rosidl_typesupport_fastrtps_c/turtlesim/srv/detail/teleport_relative__type_support_c.cpp.o[0m
[5.761s] [ 61%] [32mBuilding CXX object CMakeFiles/turtlesim__rosidl_typesupport_c.dir/rosidl_typesupport_c/turtlesim/action/rotate_absolute__type_support.cpp.o[0m
[5.774s] [ 62%] [32mBuilding CXX object CMakeFiles/turtlesim__rosidl_typesupport_c.dir/rosidl_typesupport_c/turtlesim/msg/color__type_support.cpp.o[0m
[5.822s] [ 63%] [32mBuilding CXX object CMakeFiles/turtlesim__rosidl_typesupport_c.dir/rosidl_typesupport_c/turtlesim/msg/pose__type_support.cpp.o[0m
[5.830s] [ 64%] [34m[1mGenerating include/turtlesim/moc_turtle_frame.cpp[0m
[5.867s] [ 65%] [32mBuilding CXX object CMakeFiles/turtlesim__rosidl_typesupport_c.dir/rosidl_typesupport_c/turtlesim/srv/kill__type_support.cpp.o[0m
[5.920s] [ 66%] [32m[1mLinking CXX shared library libturtlesim__rosidl_typesupport_fastrtps_cpp.so[0m
[5.922s] [ 67%] [32mBuilding CXX object CMakeFiles/turtle_teleop_key.dir/tutorials/teleop_turtle_key.cpp.o[0m
[5.923s] [ 68%] [32mBuilding CXX object CMakeFiles/turtlesim__rosidl_typesupport_c.dir/rosidl_typesupport_c/turtlesim/srv/set_pen__type_support.cpp.o[0m
[5.971s] [ 69%] [32mBuilding CXX object CMakeFiles/turtlesim__rosidl_typesupport_c.dir/rosidl_typesupport_c/turtlesim/srv/spawn__type_support.cpp.o[0m
[5.987s] [ 70%] [32mBuilding CXX object CMakeFiles/turtlesim_node.dir/src/turtlesim.cpp.o[0m
[5.992s] [ 71%] [32m[1mLinking CXX shared library libturtlesim__rosidl_typesupport_fastrtps_c.so[0m
[6.019s] [ 72%] [32mBuilding CXX object CMakeFiles/turtlesim__rosidl_typesupport_c.dir/rosidl_typesupport_c/turtlesim/srv/teleport_absolute__type_support.cpp.o[0m
[6.066s] [ 72%] Built target turtlesim__rosidl_typesupport_fastrtps_cpp
[6.070s] [ 73%] [32mBuilding CXX object CMakeFiles/turtlesim__rosidl_typesupport_c.dir/rosidl_typesupport_c/turtlesim/srv/teleport_relative__type_support.cpp.o[0m
[6.083s] [ 73%] Built target turtlesim__rosidl_typesupport_fastrtps_c
[6.103s] [ 74%] [32mBuilding CXX object CMakeFiles/draw_square.dir/tutorials/draw_square.cpp.o[0m
[6.111s] [ 75%] [32m[1mLinking CXX shared library libturtlesim__rosidl_typesupport_c.so[0m
[6.132s] [ 76%] [32mBuilding CXX object CMakeFiles/mimic.dir/tutorials/mimic.cpp.o[0m
[6.201s] [ 76%] Built target turtlesim__rosidl_typesupport_c
[6.258s] [ 76%] Built target turtlesim
[6.677s] [ 77%] [34m[1mGenerating Python code for ROS interfaces[0m
[9.106s] [ 77%] Built target turtlesim__py
[9.264s] [ 78%] [32mBuilding C object CMakeFiles/turtlesim__rosidl_generator_py.dir/rosidl_generator_py/turtlesim/action/_rotate_absolute_s.c.o[0m
[9.750s] [ 79%] [32mBuilding C object CMakeFiles/turtlesim__rosidl_generator_py.dir/rosidl_generator_py/turtlesim/msg/_color_s.c.o[0m
[9.928s] [ 80%] [32mBuilding CXX object CMakeFiles/turtlesim_node.dir/src/turtle.cpp.o[0m
[9.928s] [ 81%] [32mBuilding C object CMakeFiles/turtlesim__rosidl_generator_py.dir/rosidl_generator_py/turtlesim/msg/_pose_s.c.o[0m
[10.187s] [ 82%] [32mBuilding C object CMakeFiles/turtlesim__rosidl_generator_py.dir/rosidl_generator_py/turtlesim/srv/_kill_s.c.o[0m
[10.558s] [ 83%] [32mBuilding C object CMakeFiles/turtlesim__rosidl_generator_py.dir/rosidl_generator_py/turtlesim/srv/_set_pen_s.c.o[0m
[10.670s] [ 84%] [32mBuilding C object CMakeFiles/turtlesim__rosidl_generator_py.dir/rosidl_generator_py/turtlesim/srv/_spawn_s.c.o[0m
[10.840s] [ 85%] [32mBuilding C object CMakeFiles/turtlesim__rosidl_generator_py.dir/rosidl_generator_py/turtlesim/srv/_teleport_absolute_s.c.o[0m
[11.059s] [ 86%] [32mBuilding C object CMakeFiles/turtlesim__rosidl_generator_py.dir/rosidl_generator_py/turtlesim/srv/_teleport_relative_s.c.o[0m
[11.232s] [ 87%] [32m[1mLinking C shared library rosidl_generator_py/turtlesim/libturtlesim__rosidl_generator_py.so[0m
[11.324s] [ 87%] Built target turtlesim__rosidl_generator_py
[11.378s] [ 88%] [32mBuilding C object CMakeFiles/turtlesim__rosidl_typesupport_fastrtps_c__pyext.dir/rosidl_generator_py/turtlesim/_turtlesim_s.ep.rosidl_typesupport_fastrtps_c.c.o[0m
[11.669s] [ 89%] [32m[1mLinking C shared library rosidl_generator_py/turtlesim/turtlesim_s__rosidl_typesupport_fastrtps_c.cpython-310-x86_64-linux-gnu.so[0m
[11.784s] [ 89%] Built target turtlesim__rosidl_typesupport_fastrtps_c__pyext
[11.849s] [ 90%] [32mBuilding C object CMakeFiles/turtlesim__rosidl_typesupport_introspection_c__pyext.dir/rosidl_generator_py/turtlesim/_turtlesim_s.ep.rosidl_typesupport_introspection_c.c.o[0m
[12.118s] [ 91%] [32m[1mLinking C shared library rosidl_generator_py/turtlesim/turtlesim_s__rosidl_typesupport_introspection_c.cpython-310-x86_64-linux-gnu.so[0m
[12.360s] [ 91%] Built target turtlesim__rosidl_typesupport_introspection_c__pyext
[12.389s] [ 92%] [32m[1mLinking CXX executable turtle_teleop_key[0m
[12.409s] [ 93%] [32mBuilding C object CMakeFiles/turtlesim__rosidl_typesupport_c__pyext.dir/rosidl_generator_py/turtlesim/_turtlesim_s.ep.rosidl_typesupport_c.c.o[0m
[12.613s] [ 94%] [32m[1mLinking C shared library rosidl_generator_py/turtlesim/turtlesim_s__rosidl_typesupport_c.cpython-310-x86_64-linux-gnu.so[0m
[12.726s] [ 94%] Built target turtlesim__rosidl_typesupport_c__pyext
[12.764s] [ 95%] [32mBuilding CXX object CMakeFiles/turtlesim_node.dir/src/turtle_frame.cpp.o[0m
[13.035s] [ 95%] Built target turtle_teleop_key
[13.054s] [ 96%] [32mBuilding CXX object CMakeFiles/turtlesim_node.dir/include/turtlesim/moc_turtle_frame.cpp.o[0m
[15.438s] [ 97%] [32m[1mLinking CXX executable mimic[0m
[15.794s] [ 97%] Built target mimic
[16.034s] [ 98%] [32m[1mLinking CXX executable draw_square[0m
[16.388s] [ 98%] Built target draw_square
[21.267s] [100%] [32m[1mLinking CXX executable turtlesim_node[0m
[22.463s] [100%] Built target turtlesim_node
[22.473s] Invoked command in '/home/bbbkkk/ws01_plumbing/build/turtlesim' returned '0': CMAKE_PREFIX_PATH=${CMAKE_PREFIX_PATH}:/opt/ros/humble /usr/bin/cmake --build /home/bbbkkk/ws01_plumbing/build/turtlesim -- -j5 -l5
[22.485s] Invoking command in '/home/bbbkkk/ws01_plumbing/build/turtlesim': CMAKE_PREFIX_PATH=${CMAKE_PREFIX_PATH}:/opt/ros/humble /usr/bin/cmake --install /home/bbbkkk/ws01_plumbing/build/turtlesim
[22.491s] -- Install configuration: ""
[22.492s] -- Installing: /home/bbbkkk/ws01_plumbing/install/turtlesim/share/ament_index/resource_index/rosidl_interfaces/turtlesim
[22.492s] -- Installing: /home/bbbkkk/ws01_plumbing/install/turtlesim/include/turtlesim/turtlesim
[22.492s] -- Installing: /home/bbbkkk/ws01_plumbing/install/turtlesim/include/turtlesim/turtlesim/srv
[22.492s] -- Installing: /home/bbbkkk/ws01_plumbing/install/turtlesim/include/turtlesim/turtlesim/srv/teleport_relative.h
[22.493s] -- Installing: /home/bbbkkk/ws01_plumbing/install/turtlesim/include/turtlesim/turtlesim/srv/spawn.h
[22.493s] -- Installing: /home/bbbkkk/ws01_plumbing/install/turtlesim/include/turtlesim/turtlesim/srv/kill.h
[22.493s] -- Installing: /home/bbbkkk/ws01_plumbing/install/turtlesim/include/turtlesim/turtlesim/srv/detail
[22.493s] -- Installing: /home/bbbkkk/ws01_plumbing/install/turtlesim/include/turtlesim/turtlesim/srv/detail/kill__struct.h
[22.493s] -- Installing: /home/bbbkkk/ws01_plumbing/install/turtlesim/include/turtlesim/turtlesim/srv/detail/teleport_relative__struct.h
[22.493s] -- Installing: /home/bbbkkk/ws01_plumbing/install/turtlesim/include/turtlesim/turtlesim/srv/detail/set_pen__type_support.h
[22.493s] -- Installing: /home/bbbkkk/ws01_plumbing/install/turtlesim/include/turtlesim/turtlesim/srv/detail/spawn__functions.h
[22.493s] -- Installing: /home/bbbkkk/ws01_plumbing/install/turtlesim/include/turtlesim/turtlesim/srv/detail/teleport_absolute__functions.c
[22.493s] -- Installing: /home/bbbkkk/ws01_plumbing/install/turtlesim/include/turtlesim/turtlesim/srv/detail/spawn__struct.h
[22.493s] -- Installing: /home/bbbkkk/ws01_plumbing/install/turtlesim/include/turtlesim/turtlesim/srv/detail/kill__functions.c
[22.494s] -- Installing: /home/bbbkkk/ws01_plumbing/install/turtlesim/include/turtlesim/turtlesim/srv/detail/teleport_relative__functions.h
[22.494s] -- Installing: /home/bbbkkk/ws01_plumbing/install/turtlesim/include/turtlesim/turtlesim/srv/detail/set_pen__functions.h
[22.494s] -- Installing: /home/bbbkkk/ws01_plumbing/install/turtlesim/include/turtlesim/turtlesim/srv/detail/kill__type_support.h
[22.494s] -- Installing: /home/bbbkkk/ws01_plumbing/install/turtlesim/include/turtlesim/turtlesim/srv/detail/teleport_relative__type_support.h
[22.494s] -- Installing: /home/bbbkkk/ws01_plumbing/install/turtlesim/include/turtlesim/turtlesim/srv/detail/kill__functions.h
[22.494s] -- Installing: /home/bbbkkk/ws01_plumbing/install/turtlesim/include/turtlesim/turtlesim/srv/detail/set_pen__struct.h
[22.494s] -- Installing: /home/bbbkkk/ws01_plumbing/install/turtlesim/include/turtlesim/turtlesim/srv/detail/set_pen__functions.c
[22.494s] -- Installing: /home/bbbkkk/ws01_plumbing/install/turtlesim/include/turtlesim/turtlesim/srv/detail/spawn__functions.c
[22.494s] -- Installing: /home/bbbkkk/ws01_plumbing/install/turtlesim/include/turtlesim/turtlesim/srv/detail/teleport_relative__functions.c
[22.494s] -- Installing: /home/bbbkkk/ws01_plumbing/install/turtlesim/include/turtlesim/turtlesim/srv/detail/teleport_absolute__type_support.h
[22.494s] -- Installing: /home/bbbkkk/ws01_plumbing/install/turtlesim/include/turtlesim/turtlesim/srv/detail/teleport_absolute__struct.h
[22.494s] -- Installing: /home/bbbkkk/ws01_plumbing/install/turtlesim/include/turtlesim/turtlesim/srv/detail/teleport_absolute__functions.h
[22.494s] -- Installing: /home/bbbkkk/ws01_plumbing/install/turtlesim/include/turtlesim/turtlesim/srv/detail/spawn__type_support.h
[22.494s] -- Installing: /home/bbbkkk/ws01_plumbing/install/turtlesim/include/turtlesim/turtlesim/srv/set_pen.h
[22.494s] -- Installing: /home/bbbkkk/ws01_plumbing/install/turtlesim/include/turtlesim/turtlesim/srv/teleport_absolute.h
[22.494s] -- Installing: /home/bbbkkk/ws01_plumbing/install/turtlesim/include/turtlesim/turtlesim/msg
[22.494s] -- Installing: /home/bbbkkk/ws01_plumbing/install/turtlesim/include/turtlesim/turtlesim/msg/rosidl_generator_c__visibility_control.h
[22.494s] -- Installing: /home/bbbkkk/ws01_plumbing/install/turtlesim/include/turtlesim/turtlesim/msg/pose.h
[22.494s] -- Installing: /home/bbbkkk/ws01_plumbing/install/turtlesim/include/turtlesim/turtlesim/msg/detail
[22.495s] -- Installing: /home/bbbkkk/ws01_plumbing/install/turtlesim/include/turtlesim/turtlesim/msg/detail/pose__type_support.h
[22.495s] -- Installing: /home/bbbkkk/ws01_plumbing/install/turtlesim/include/turtlesim/turtlesim/msg/detail/color__type_support.h
[22.495s] -- Installing: /home/bbbkkk/ws01_plumbing/install/turtlesim/include/turtlesim/turtlesim/msg/detail/pose__functions.h
[22.495s] -- Installing: /home/bbbkkk/ws01_plumbing/install/turtlesim/include/turtlesim/turtlesim/msg/detail/color__functions.h
[22.495s] -- Installing: /home/bbbkkk/ws01_plumbing/install/turtlesim/include/turtlesim/turtlesim/msg/detail/pose__struct.h
[22.495s] -- Installing: /home/bbbkkk/ws01_plumbing/install/turtlesim/include/turtlesim/turtlesim/msg/detail/pose__functions.c
[22.495s] -- Installing: /home/bbbkkk/ws01_plumbing/install/turtlesim/include/turtlesim/turtlesim/msg/detail/color__functions.c
[22.495s] -- Installing: /home/bbbkkk/ws01_plumbing/install/turtlesim/include/turtlesim/turtlesim/msg/detail/color__struct.h
[22.495s] -- Installing: /home/bbbkkk/ws01_plumbing/install/turtlesim/include/turtlesim/turtlesim/msg/color.h
[22.495s] -- Installing: /home/bbbkkk/ws01_plumbing/install/turtlesim/include/turtlesim/turtlesim/action
[22.495s] -- Installing: /home/bbbkkk/ws01_plumbing/install/turtlesim/include/turtlesim/turtlesim/action/detail
[22.495s] -- Installing: /home/bbbkkk/ws01_plumbing/install/turtlesim/include/turtlesim/turtlesim/action/detail/rotate_absolute__struct.h
[22.495s] -- Installing: /home/bbbkkk/ws01_plumbing/install/turtlesim/include/turtlesim/turtlesim/action/detail/rotate_absolute__functions.h
[22.495s] -- Installing: /home/bbbkkk/ws01_plumbing/install/turtlesim/include/turtlesim/turtlesim/action/detail/rotate_absolute__functions.c
[22.495s] -- Installing: /home/bbbkkk/ws01_plumbing/install/turtlesim/include/turtlesim/turtlesim/action/detail/rotate_absolute__type_support.h
[22.495s] -- Installing: /home/bbbkkk/ws01_plumbing/install/turtlesim/include/turtlesim/turtlesim/action/rotate_absolute.h
[22.495s] -- Installing: /home/bbbkkk/ws01_plumbing/install/turtlesim/share/turtlesim/environment/library_path.sh
[22.505s] -- Installing: /home/bbbkkk/ws01_plumbing/install/turtlesim/share/turtlesim/environment/library_path.dsv
[22.505s] -- Installing: /home/bbbkkk/ws01_plumbing/install/turtlesim/lib/libturtlesim__rosidl_generator_c.so
[22.506s] -- Set runtime path of "/home/bbbkkk/ws01_plumbing/install/turtlesim/lib/libturtlesim__rosidl_generator_c.so" to ""
[22.506s] -- Up-to-date: /home/bbbkkk/ws01_plumbing/install/turtlesim/include/turtlesim/turtlesim
[22.506s] -- Up-to-date: /home/bbbkkk/ws01_plumbing/install/turtlesim/include/turtlesim/turtlesim/srv
[22.506s] -- Up-to-date: /home/bbbkkk/ws01_plumbing/install/turtlesim/include/turtlesim/turtlesim/srv/detail
[22.506s] -- Installing: /home/bbbkkk/ws01_plumbing/install/turtlesim/include/turtlesim/turtlesim/srv/detail/spawn__rosidl_typesupport_fastrtps_c.h
[22.506s] -- Installing: /home/bbbkkk/ws01_plumbing/install/turtlesim/include/turtlesim/turtlesim/srv/detail/teleport_absolute__rosidl_typesupport_fastrtps_c.h
[22.506s] -- Installing: /home/bbbkkk/ws01_plumbing/install/turtlesim/include/turtlesim/turtlesim/srv/detail/set_pen__rosidl_typesupport_fastrtps_c.h
[22.506s] -- Installing: /home/bbbkkk/ws01_plumbing/install/turtlesim/include/turtlesim/turtlesim/srv/detail/kill__rosidl_typesupport_fastrtps_c.h
[22.506s] -- Installing: /home/bbbkkk/ws01_plumbing/install/turtlesim/include/turtlesim/turtlesim/srv/detail/teleport_relative__rosidl_typesupport_fastrtps_c.h
[22.506s] -- Up-to-date: /home/bbbkkk/ws01_plumbing/install/turtlesim/include/turtlesim/turtlesim/msg
[22.506s] -- Up-to-date: /home/bbbkkk/ws01_plumbing/install/turtlesim/include/turtlesim/turtlesim/msg/detail
[22.506s] -- Installing: /home/bbbkkk/ws01_plumbing/install/turtlesim/include/turtlesim/turtlesim/msg/detail/color__rosidl_typesupport_fastrtps_c.h
[22.506s] -- Installing: /home/bbbkkk/ws01_plumbing/install/turtlesim/include/turtlesim/turtlesim/msg/detail/pose__rosidl_typesupport_fastrtps_c.h
[22.506s] -- Installing: /home/bbbkkk/ws01_plumbing/install/turtlesim/include/turtlesim/turtlesim/msg/rosidl_typesupport_fastrtps_c__visibility_control.h
[22.506s] -- Up-to-date: /home/bbbkkk/ws01_plumbing/install/turtlesim/include/turtlesim/turtlesim/action
[22.506s] -- Up-to-date: /home/bbbkkk/ws01_plumbing/install/turtlesim/include/turtlesim/turtlesim/action/detail
[22.506s] -- Installing: /home/bbbkkk/ws01_plumbing/install/turtlesim/include/turtlesim/turtlesim/action/detail/rotate_absolute__rosidl_typesupport_fastrtps_c.h
[22.506s] -- Installing: /home/bbbkkk/ws01_plumbing/install/turtlesim/lib/libturtlesim__rosidl_typesupport_fastrtps_c.so
[22.507s] -- Set runtime path of "/home/bbbkkk/ws01_plumbing/install/turtlesim/lib/libturtlesim__rosidl_typesupport_fastrtps_c.so" to ""
[22.507s] -- Up-to-date: /home/bbbkkk/ws01_plumbing/install/turtlesim/include/turtlesim/turtlesim
[22.507s] -- Up-to-date: /home/bbbkkk/ws01_plumbing/install/turtlesim/include/turtlesim/turtlesim/srv
[22.507s] -- Installing: /home/bbbkkk/ws01_plumbing/install/turtlesim/include/turtlesim/turtlesim/srv/teleport_relative.hpp
[22.507s] -- Installing: /home/bbbkkk/ws01_plumbing/install/turtlesim/include/turtlesim/turtlesim/srv/teleport_absolute.hpp
[22.507s] -- Up-to-date: /home/bbbkkk/ws01_plumbing/install/turtlesim/include/turtlesim/turtlesim/srv/detail
[22.507s] -- Installing: /home/bbbkkk/ws01_plumbing/install/turtlesim/include/turtlesim/turtlesim/srv/detail/spawn__type_support.hpp
[22.507s] -- Installing: /home/bbbkkk/ws01_plumbing/install/turtlesim/include/turtlesim/turtlesim/srv/detail/teleport_relative__traits.hpp
[22.507s] -- Installing: /home/bbbkkk/ws01_plumbing/install/turtlesim/include/turtlesim/turtlesim/srv/detail/teleport_absolute__traits.hpp
[22.507s] -- Installing: /home/bbbkkk/ws01_plumbing/install/turtlesim/include/turtlesim/turtlesim/srv/detail/teleport_absolute__struct.hpp
[22.507s] -- Installing: /home/bbbkkk/ws01_plumbing/install/turtlesim/include/turtlesim/turtlesim/srv/detail/spawn__builder.hpp
[22.507s] -- Installing: /home/bbbkkk/ws01_plumbing/install/turtlesim/include/turtlesim/turtlesim/srv/detail/set_pen__struct.hpp
[22.507s] -- Installing: /home/bbbkkk/ws01_plumbing/install/turtlesim/include/turtlesim/turtlesim/srv/detail/kill__type_support.hpp
[22.508s] -- Installing: /home/bbbkkk/ws01_plumbing/install/turtlesim/include/turtlesim/turtlesim/srv/detail/teleport_relative__struct.hpp
[22.508s] -- Installing: /home/bbbkkk/ws01_plumbing/install/turtlesim/include/turtlesim/turtlesim/srv/detail/teleport_relative__builder.hpp
[22.508s] -- Installing: /home/bbbkkk/ws01_plumbing/install/turtlesim/include/turtlesim/turtlesim/srv/detail/set_pen__traits.hpp
[22.508s] -- Installing: /home/bbbkkk/ws01_plumbing/install/turtlesim/include/turtlesim/turtlesim/srv/detail/kill__traits.hpp
[22.508s] -- Installing: /home/bbbkkk/ws01_plumbing/install/turtlesim/include/turtlesim/turtlesim/srv/detail/teleport_absolute__type_support.hpp
[22.508s] -- Installing: /home/bbbkkk/ws01_plumbing/install/turtlesim/include/turtlesim/turtlesim/srv/detail/teleport_relative__type_support.hpp
[22.508s] -- Installing: /home/bbbkkk/ws01_plumbing/install/turtlesim/include/turtlesim/turtlesim/srv/detail/spawn__traits.hpp
[22.508s] -- Installing: /home/bbbkkk/ws01_plumbing/install/turtlesim/include/turtlesim/turtlesim/srv/detail/set_pen__type_support.hpp
[22.509s] -- Installing: /home/bbbkkk/ws01_plumbing/install/turtlesim/include/turtlesim/turtlesim/srv/detail/kill__struct.hpp
[22.509s] -- Installing: /home/bbbkkk/ws01_plumbing/install/turtlesim/include/turtlesim/turtlesim/srv/detail/spawn__struct.hpp
[22.509s] -- Installing: /home/bbbkkk/ws01_plumbing/install/turtlesim/include/turtlesim/turtlesim/srv/detail/kill__builder.hpp
[22.509s] -- Installing: /home/bbbkkk/ws01_plumbing/install/turtlesim/include/turtlesim/turtlesim/srv/detail/set_pen__builder.hpp
[22.509s] -- Installing: /home/bbbkkk/ws01_plumbing/install/turtlesim/include/turtlesim/turtlesim/srv/detail/teleport_absolute__builder.hpp
[22.509s] -- Installing: /home/bbbkkk/ws01_plumbing/install/turtlesim/include/turtlesim/turtlesim/srv/spawn.hpp
[22.509s] -- Installing: /home/bbbkkk/ws01_plumbing/install/turtlesim/include/turtlesim/turtlesim/srv/kill.hpp
[22.509s] -- Installing: /home/bbbkkk/ws01_plumbing/install/turtlesim/include/turtlesim/turtlesim/srv/set_pen.hpp
[22.509s] -- Up-to-date: /home/bbbkkk/ws01_plumbing/install/turtlesim/include/turtlesim/turtlesim/msg
[22.509s] -- Installing: /home/bbbkkk/ws01_plumbing/install/turtlesim/include/turtlesim/turtlesim/msg/pose.hpp
[22.509s] -- Installing: /home/bbbkkk/ws01_plumbing/install/turtlesim/include/turtlesim/turtlesim/msg/color.hpp
[22.509s] -- Up-to-date: /home/bbbkkk/ws01_plumbing/install/turtlesim/include/turtlesim/turtlesim/msg/detail
[22.509s] -- Installing: /home/bbbkkk/ws01_plumbing/install/turtlesim/include/turtlesim/turtlesim/msg/detail/pose__type_support.hpp
[22.509s] -- Installing: /home/bbbkkk/ws01_plumbing/install/turtlesim/include/turtlesim/turtlesim/msg/detail/color__struct.hpp
[22.509s] -- Installing: /home/bbbkkk/ws01_plumbing/install/turtlesim/include/turtlesim/turtlesim/msg/detail/color__traits.hpp
[22.509s] -- Installing: /home/bbbkkk/ws01_plumbing/install/turtlesim/include/turtlesim/turtlesim/msg/detail/color__type_support.hpp
[22.509s] -- Installing: /home/bbbkkk/ws01_plumbing/install/turtlesim/include/turtlesim/turtlesim/msg/detail/pose__struct.hpp
[22.509s] -- Installing: /home/bbbkkk/ws01_plumbing/install/turtlesim/include/turtlesim/turtlesim/msg/detail/pose__builder.hpp
[22.509s] -- Installing: /home/bbbkkk/ws01_plumbing/install/turtlesim/include/turtlesim/turtlesim/msg/detail/pose__traits.hpp
[22.509s] -- Installing: /home/bbbkkk/ws01_plumbing/install/turtlesim/include/turtlesim/turtlesim/msg/detail/color__builder.hpp
[22.509s] -- Installing: /home/bbbkkk/ws01_plumbing/install/turtlesim/include/turtlesim/turtlesim/msg/rosidl_generator_cpp__visibility_control.hpp
[22.509s] -- Up-to-date: /home/bbbkkk/ws01_plumbing/install/turtlesim/include/turtlesim/turtlesim/action
[22.509s] -- Up-to-date: /home/bbbkkk/ws01_plumbing/install/turtlesim/include/turtlesim/turtlesim/action/detail
[22.509s] -- Installing: /home/bbbkkk/ws01_plumbing/install/turtlesim/include/turtlesim/turtlesim/action/detail/rotate_absolute__builder.hpp
[22.509s] -- Installing: /home/bbbkkk/ws01_plumbing/install/turtlesim/include/turtlesim/turtlesim/action/detail/rotate_absolute__type_support.hpp
[22.509s] -- Installing: /home/bbbkkk/ws01_plumbing/install/turtlesim/include/turtlesim/turtlesim/action/detail/rotate_absolute__struct.hpp
[22.509s] -- Installing: /home/bbbkkk/ws01_plumbing/install/turtlesim/include/turtlesim/turtlesim/action/detail/rotate_absolute__traits.hpp
[22.509s] -- Installing: /home/bbbkkk/ws01_plumbing/install/turtlesim/include/turtlesim/turtlesim/action/rotate_absolute.hpp
[22.509s] -- Up-to-date: /home/bbbkkk/ws01_plumbing/install/turtlesim/include/turtlesim/turtlesim
[22.509s] -- Up-to-date: /home/bbbkkk/ws01_plumbing/install/turtlesim/include/turtlesim/turtlesim/srv
[22.509s] -- Up-to-date: /home/bbbkkk/ws01_plumbing/install/turtlesim/include/turtlesim/turtlesim/srv/detail
[22.510s] -- Installing: /home/bbbkkk/ws01_plumbing/install/turtlesim/include/turtlesim/turtlesim/srv/detail/dds_fastrtps
[22.510s] -- Installing: /home/bbbkkk/ws01_plumbing/install/turtlesim/include/turtlesim/turtlesim/srv/detail/kill__rosidl_typesupport_fastrtps_cpp.hpp
[22.510s] -- Installing: /home/bbbkkk/ws01_plumbing/install/turtlesim/include/turtlesim/turtlesim/srv/detail/teleport_absolute__rosidl_typesupport_fastrtps_cpp.hpp
[22.510s] -- Installing: /home/bbbkkk/ws01_plumbing/install/turtlesim/include/turtlesim/turtlesim/srv/detail/spawn__rosidl_typesupport_fastrtps_cpp.hpp
[22.510s] -- Installing: /home/bbbkkk/ws01_plumbing/install/turtlesim/include/turtlesim/turtlesim/srv/detail/set_pen__rosidl_typesupport_fastrtps_cpp.hpp
[22.510s] -- Installing: /home/bbbkkk/ws01_plumbing/install/turtlesim/include/turtlesim/turtlesim/srv/detail/teleport_relative__rosidl_typesupport_fastrtps_cpp.hpp
[22.510s] -- Up-to-date: /home/bbbkkk/ws01_plumbing/install/turtlesim/include/turtlesim/turtlesim/msg
[22.510s] -- Up-to-date: /home/bbbkkk/ws01_plumbing/install/turtlesim/include/turtlesim/turtlesim/msg/detail
[22.510s] -- Installing: /home/bbbkkk/ws01_plumbing/install/turtlesim/include/turtlesim/turtlesim/msg/detail/dds_fastrtps
[22.510s] -- Installing: /home/bbbkkk/ws01_plumbing/install/turtlesim/include/turtlesim/turtlesim/msg/detail/pose__rosidl_typesupport_fastrtps_cpp.hpp
[22.510s] -- Installing: /home/bbbkkk/ws01_plumbing/install/turtlesim/include/turtlesim/turtlesim/msg/detail/color__rosidl_typesupport_fastrtps_cpp.hpp
[22.510s] -- Installing: /home/bbbkkk/ws01_plumbing/install/turtlesim/include/turtlesim/turtlesim/msg/rosidl_typesupport_fastrtps_cpp__visibility_control.h
[22.510s] -- Up-to-date: /home/bbbkkk/ws01_plumbing/install/turtlesim/include/turtlesim/turtlesim/action
[22.510s] -- Up-to-date: /home/bbbkkk/ws01_plumbing/install/turtlesim/include/turtlesim/turtlesim/action/detail
[22.510s] -- Installing: /home/bbbkkk/ws01_plumbing/install/turtlesim/include/turtlesim/turtlesim/action/detail/dds_fastrtps
[22.510s] -- Installing: /home/bbbkkk/ws01_plumbing/install/turtlesim/include/turtlesim/turtlesim/action/detail/rotate_absolute__rosidl_typesupport_fastrtps_cpp.hpp
[22.510s] -- Installing: /home/bbbkkk/ws01_plumbing/install/turtlesim/lib/libturtlesim__rosidl_typesupport_fastrtps_cpp.so
[22.510s] -- Set runtime path of "/home/bbbkkk/ws01_plumbing/install/turtlesim/lib/libturtlesim__rosidl_typesupport_fastrtps_cpp.so" to ""
[22.510s] -- Up-to-date: /home/bbbkkk/ws01_plumbing/install/turtlesim/include/turtlesim/turtlesim
[22.510s] -- Up-to-date: /home/bbbkkk/ws01_plumbing/install/turtlesim/include/turtlesim/turtlesim/srv
[22.510s] -- Up-to-date: /home/bbbkkk/ws01_plumbing/install/turtlesim/include/turtlesim/turtlesim/srv/detail
[22.510s] -- Installing: /home/bbbkkk/ws01_plumbing/install/turtlesim/include/turtlesim/turtlesim/srv/detail/teleport_absolute__type_support.c
[22.510s] -- Installing: /home/bbbkkk/ws01_plumbing/install/turtlesim/include/turtlesim/turtlesim/srv/detail/spawn__type_support.c
[22.510s] -- Installing: /home/bbbkkk/ws01_plumbing/install/turtlesim/include/turtlesim/turtlesim/srv/detail/teleport_relative__rosidl_typesupport_introspection_c.h
[22.510s] -- Installing: /home/bbbkkk/ws01_plumbing/install/turtlesim/include/turtlesim/turtlesim/srv/detail/teleport_absolute__rosidl_typesupport_introspection_c.h
[22.511s] -- Installing: /home/bbbkkk/ws01_plumbing/install/turtlesim/include/turtlesim/turtlesim/srv/detail/kill__type_support.c
[22.511s] -- Installing: /home/bbbkkk/ws01_plumbing/install/turtlesim/include/turtlesim/turtlesim/srv/detail/set_pen__type_support.c
[22.511s] -- Installing: /home/bbbkkk/ws01_plumbing/install/turtlesim/include/turtlesim/turtlesim/srv/detail/teleport_relative__type_support.c
[22.511s] -- Installing: /home/bbbkkk/ws01_plumbing/install/turtlesim/include/turtlesim/turtlesim/srv/detail/spawn__rosidl_typesupport_introspection_c.h
[22.511s] -- Installing: /home/bbbkkk/ws01_plumbing/install/turtlesim/include/turtlesim/turtlesim/srv/detail/kill__rosidl_typesupport_introspection_c.h
[22.511s] -- Installing: /home/bbbkkk/ws01_plumbing/install/turtlesim/include/turtlesim/turtlesim/srv/detail/set_pen__rosidl_typesupport_introspection_c.h
[22.511s] -- Up-to-date: /home/bbbkkk/ws01_plumbing/install/turtlesim/include/turtlesim/turtlesim/msg
[22.511s] -- Installing: /home/bbbkkk/ws01_plumbing/install/turtlesim/include/turtlesim/turtlesim/msg/rosidl_typesupport_introspection_c__visibility_control.h
[22.511s] -- Up-to-date: /home/bbbkkk/ws01_plumbing/install/turtlesim/include/turtlesim/turtlesim/msg/detail
[22.511s] -- Installing: /home/bbbkkk/ws01_plumbing/install/turtlesim/include/turtlesim/turtlesim/msg/detail/color__rosidl_typesupport_introspection_c.h
[22.511s] -- Installing: /home/bbbkkk/ws01_plumbing/install/turtlesim/include/turtlesim/turtlesim/msg/detail/pose__rosidl_typesupport_introspection_c.h
[22.511s] -- Installing: /home/bbbkkk/ws01_plumbing/install/turtlesim/include/turtlesim/turtlesim/msg/detail/pose__type_support.c
[22.511s] -- Installing: /home/bbbkkk/ws01_plumbing/install/turtlesim/include/turtlesim/turtlesim/msg/detail/color__type_support.c
[22.511s] -- Up-to-date: /home/bbbkkk/ws01_plumbing/install/turtlesim/include/turtlesim/turtlesim/action
[22.511s] -- Up-to-date: /home/bbbkkk/ws01_plumbing/install/turtlesim/include/turtlesim/turtlesim/action/detail
[22.511s] -- Installing: /home/bbbkkk/ws01_plumbing/install/turtlesim/include/turtlesim/turtlesim/action/detail/rotate_absolute__rosidl_typesupport_introspection_c.h
[22.511s] -- Installing: /home/bbbkkk/ws01_plumbing/install/turtlesim/include/turtlesim/turtlesim/action/detail/rotate_absolute__type_support.c
[22.511s] -- Installing: /home/bbbkkk/ws01_plumbing/install/turtlesim/lib/libturtlesim__rosidl_typesupport_introspection_c.so
[22.511s] -- Set runtime path of "/home/bbbkkk/ws01_plumbing/install/turtlesim/lib/libturtlesim__rosidl_typesupport_introspection_c.so" to ""
[22.511s] -- Installing: /home/bbbkkk/ws01_plumbing/install/turtlesim/lib/libturtlesim__rosidl_typesupport_c.so
[22.511s] -- Set runtime path of "/home/bbbkkk/ws01_plumbing/install/turtlesim/lib/libturtlesim__rosidl_typesupport_c.so" to ""
[22.511s] -- Up-to-date: /home/bbbkkk/ws01_plumbing/install/turtlesim/include/turtlesim/turtlesim
[22.511s] -- Up-to-date: /home/bbbkkk/ws01_plumbing/install/turtlesim/include/turtlesim/turtlesim/srv
[22.511s] -- Up-to-date: /home/bbbkkk/ws01_plumbing/install/turtlesim/include/turtlesim/turtlesim/srv/detail
[22.511s] -- Installing: /home/bbbkkk/ws01_plumbing/install/turtlesim/include/turtlesim/turtlesim/srv/detail/kill__rosidl_typesupport_introspection_cpp.hpp
[22.511s] -- Installing: /home/bbbkkk/ws01_plumbing/install/turtlesim/include/turtlesim/turtlesim/srv/detail/teleport_absolute__type_support.cpp
[22.512s] -- Installing: /home/bbbkkk/ws01_plumbing/install/turtlesim/include/turtlesim/turtlesim/srv/detail/teleport_relative__type_support.cpp
[22.512s] -- Installing: /home/bbbkkk/ws01_plumbing/install/turtlesim/include/turtlesim/turtlesim/srv/detail/set_pen__rosidl_typesupport_introspection_cpp.hpp
[22.512s] -- Installing: /home/bbbkkk/ws01_plumbing/install/turtlesim/include/turtlesim/turtlesim/srv/detail/set_pen__type_support.cpp
[22.512s] -- Installing: /home/bbbkkk/ws01_plumbing/install/turtlesim/include/turtlesim/turtlesim/srv/detail/spawn__rosidl_typesupport_introspection_cpp.hpp
[22.512s] -- Installing: /home/bbbkkk/ws01_plumbing/install/turtlesim/include/turtlesim/turtlesim/srv/detail/kill__type_support.cpp
[22.512s] -- Installing: /home/bbbkkk/ws01_plumbing/install/turtlesim/include/turtlesim/turtlesim/srv/detail/teleport_absolute__rosidl_typesupport_introspection_cpp.hpp
[22.512s] -- Installing: /home/bbbkkk/ws01_plumbing/install/turtlesim/include/turtlesim/turtlesim/srv/detail/spawn__type_support.cpp
[22.512s] -- Installing: /home/bbbkkk/ws01_plumbing/install/turtlesim/include/turtlesim/turtlesim/srv/detail/teleport_relative__rosidl_typesupport_introspection_cpp.hpp
[22.512s] -- Up-to-date: /home/bbbkkk/ws01_plumbing/install/turtlesim/include/turtlesim/turtlesim/msg
[22.512s] -- Up-to-date: /home/bbbkkk/ws01_plumbing/install/turtlesim/include/turtlesim/turtlesim/msg/detail
[22.512s] -- Installing: /home/bbbkkk/ws01_plumbing/install/turtlesim/include/turtlesim/turtlesim/msg/detail/pose__rosidl_typesupport_introspection_cpp.hpp
[22.512s] -- Installing: /home/bbbkkk/ws01_plumbing/install/turtlesim/include/turtlesim/turtlesim/msg/detail/pose__type_support.cpp
[22.512s] -- Installing: /home/bbbkkk/ws01_plumbing/install/turtlesim/include/turtlesim/turtlesim/msg/detail/color__rosidl_typesupport_introspection_cpp.hpp
[22.512s] -- Installing: /home/bbbkkk/ws01_plumbing/install/turtlesim/include/turtlesim/turtlesim/msg/detail/color__type_support.cpp
[22.512s] -- Up-to-date: /home/bbbkkk/ws01_plumbing/install/turtlesim/include/turtlesim/turtlesim/action
[22.512s] -- Up-to-date: /home/bbbkkk/ws01_plumbing/install/turtlesim/include/turtlesim/turtlesim/action/detail
[22.512s] -- Installing: /home/bbbkkk/ws01_plumbing/install/turtlesim/include/turtlesim/turtlesim/action/detail/rotate_absolute__rosidl_typesupport_introspection_cpp.hpp
[22.512s] -- Installing: /home/bbbkkk/ws01_plumbing/install/turtlesim/include/turtlesim/turtlesim/action/detail/rotate_absolute__type_support.cpp
[22.512s] -- Installing: /home/bbbkkk/ws01_plumbing/install/turtlesim/lib/libturtlesim__rosidl_typesupport_introspection_cpp.so
[22.512s] -- Set runtime path of "/home/bbbkkk/ws01_plumbing/install/turtlesim/lib/libturtlesim__rosidl_typesupport_introspection_cpp.so" to ""
[22.512s] -- Installing: /home/bbbkkk/ws01_plumbing/install/turtlesim/lib/libturtlesim__rosidl_typesupport_cpp.so
[22.512s] -- Set runtime path of "/home/bbbkkk/ws01_plumbing/install/turtlesim/lib/libturtlesim__rosidl_typesupport_cpp.so" to ""
[22.512s] -- Installing: /home/bbbkkk/ws01_plumbing/install/turtlesim/share/turtlesim/environment/pythonpath.sh
[22.512s] -- Installing: /home/bbbkkk/ws01_plumbing/install/turtlesim/share/turtlesim/environment/pythonpath.dsv
[22.513s] -- Installing: /home/bbbkkk/ws01_plumbing/install/turtlesim/local/lib/python3.10/dist-packages/turtlesim-1.4.3-py3.10.egg-info
[22.513s] -- Installing: /home/bbbkkk/ws01_plumbing/install/turtlesim/local/lib/python3.10/dist-packages/turtlesim-1.4.3-py3.10.egg-info/PKG-INFO
[22.513s] -- Installing: /home/bbbkkk/ws01_plumbing/install/turtlesim/local/lib/python3.10/dist-packages/turtlesim-1.4.3-py3.10.egg-info/top_level.txt
[22.513s] -- Installing: /home/bbbkkk/ws01_plumbing/install/turtlesim/local/lib/python3.10/dist-packages/turtlesim-1.4.3-py3.10.egg-info/SOURCES.txt
[22.513s] -- Installing: /home/bbbkkk/ws01_plumbing/install/turtlesim/local/lib/python3.10/dist-packages/turtlesim-1.4.3-py3.10.egg-info/dependency_links.txt
[22.513s] -- Installing: /home/bbbkkk/ws01_plumbing/install/turtlesim/local/lib/python3.10/dist-packages/turtlesim
[22.513s] -- Installing: /home/bbbkkk/ws01_plumbing/install/turtlesim/local/lib/python3.10/dist-packages/turtlesim/turtlesim_s__rosidl_typesupport_c.cpython-310-x86_64-linux-gnu.so
[22.514s] -- Installing: /home/bbbkkk/ws01_plumbing/install/turtlesim/local/lib/python3.10/dist-packages/turtlesim/turtlesim_s__rosidl_typesupport_introspection_c.cpython-310-x86_64-linux-gnu.so
[22.514s] -- Installing: /home/bbbkkk/ws01_plumbing/install/turtlesim/local/lib/python3.10/dist-packages/turtlesim/_turtlesim_s.ep.rosidl_typesupport_introspection_c.c
[22.514s] -- Installing: /home/bbbkkk/ws01_plumbing/install/turtlesim/local/lib/python3.10/dist-packages/turtlesim/srv
[22.514s] -- Installing: /home/bbbkkk/ws01_plumbing/install/turtlesim/local/lib/python3.10/dist-packages/turtlesim/srv/_teleport_absolute_s.c
[22.514s] -- Installing: /home/bbbkkk/ws01_plumbing/install/turtlesim/local/lib/python3.10/dist-packages/turtlesim/srv/_spawn_s.c
[22.514s] -- Installing: /home/bbbkkk/ws01_plumbing/install/turtlesim/local/lib/python3.10/dist-packages/turtlesim/srv/_teleport_relative_s.c
[22.514s] -- Installing: /home/bbbkkk/ws01_plumbing/install/turtlesim/local/lib/python3.10/dist-packages/turtlesim/srv/_kill_s.c
[22.514s] -- Installing: /home/bbbkkk/ws01_plumbing/install/turtlesim/local/lib/python3.10/dist-packages/turtlesim/srv/__init__.py
[22.514s] -- Installing: /home/bbbkkk/ws01_plumbing/install/turtlesim/local/lib/python3.10/dist-packages/turtlesim/srv/_spawn.py
[22.514s] -- Installing: /home/bbbkkk/ws01_plumbing/install/turtlesim/local/lib/python3.10/dist-packages/turtlesim/srv/_set_pen.py
[22.514s] -- Installing: /home/bbbkkk/ws01_plumbing/install/turtlesim/local/lib/python3.10/dist-packages/turtlesim/srv/_teleport_absolute.py
[22.514s] -- Installing: /home/bbbkkk/ws01_plumbing/install/turtlesim/local/lib/python3.10/dist-packages/turtlesim/srv/_set_pen_s.c
[22.515s] -- Installing: /home/bbbkkk/ws01_plumbing/install/turtlesim/local/lib/python3.10/dist-packages/turtlesim/srv/_teleport_relative.py
[22.515s] -- Installing: /home/bbbkkk/ws01_plumbing/install/turtlesim/local/lib/python3.10/dist-packages/turtlesim/srv/_kill.py
[22.515s] -- Installing: /home/bbbkkk/ws01_plumbing/install/turtlesim/local/lib/python3.10/dist-packages/turtlesim/msg
[22.515s] -- Installing: /home/bbbkkk/ws01_plumbing/install/turtlesim/local/lib/python3.10/dist-packages/turtlesim/msg/_color_s.c
[22.515s] -- Installing: /home/bbbkkk/ws01_plumbing/install/turtlesim/local/lib/python3.10/dist-packages/turtlesim/msg/_pose.py
[22.515s] -- Installing: /home/bbbkkk/ws01_plumbing/install/turtlesim/local/lib/python3.10/dist-packages/turtlesim/msg/_color.py
[22.515s] -- Installing: /home/bbbkkk/ws01_plumbing/install/turtlesim/local/lib/python3.10/dist-packages/turtlesim/msg/__init__.py
[22.515s] -- Installing: /home/bbbkkk/ws01_plumbing/install/turtlesim/local/lib/python3.10/dist-packages/turtlesim/msg/_pose_s.c
[22.515s] -- Installing: /home/bbbkkk/ws01_plumbing/install/turtlesim/local/lib/python3.10/dist-packages/turtlesim/_turtlesim_s.ep.rosidl_typesupport_c.c
[22.515s] -- Installing: /home/bbbkkk/ws01_plumbing/install/turtlesim/local/lib/python3.10/dist-packages/turtlesim/_turtlesim_s.ep.rosidl_typesupport_fastrtps_c.c
[22.515s] -- Installing: /home/bbbkkk/ws01_plumbing/install/turtlesim/local/lib/python3.10/dist-packages/turtlesim/__init__.py
[22.515s] -- Installing: /home/bbbkkk/ws01_plumbing/install/turtlesim/local/lib/python3.10/dist-packages/turtlesim/libturtlesim__rosidl_generator_py.so
[22.515s] -- Installing: /home/bbbkkk/ws01_plumbing/install/turtlesim/local/lib/python3.10/dist-packages/turtlesim/turtlesim_s__rosidl_typesupport_fastrtps_c.cpython-310-x86_64-linux-gnu.so
[22.515s] -- Installing: /home/bbbkkk/ws01_plumbing/install/turtlesim/local/lib/python3.10/dist-packages/turtlesim/action
[22.515s] -- Installing: /home/bbbkkk/ws01_plumbing/install/turtlesim/local/lib/python3.10/dist-packages/turtlesim/action/_rotate_absolute_s.c
[22.515s] -- Installing: /home/bbbkkk/ws01_plumbing/install/turtlesim/local/lib/python3.10/dist-packages/turtlesim/action/_rotate_absolute.py
[22.515s] -- Installing: /home/bbbkkk/ws01_plumbing/install/turtlesim/local/lib/python3.10/dist-packages/turtlesim/action/__init__.py
[22.552s] Listing '/home/bbbkkk/ws01_plumbing/install/turtlesim/local/lib/python3.10/dist-packages/turtlesim'...
[22.552s] Compiling '/home/bbbkkk/ws01_plumbing/install/turtlesim/local/lib/python3.10/dist-packages/turtlesim/__init__.py'...
[22.552s] Listing '/home/bbbkkk/ws01_plumbing/install/turtlesim/local/lib/python3.10/dist-packages/turtlesim/action'...
[22.552s] Compiling '/home/bbbkkk/ws01_plumbing/install/turtlesim/local/lib/python3.10/dist-packages/turtlesim/action/__init__.py'...
[22.552s] Compiling '/home/bbbkkk/ws01_plumbing/install/turtlesim/local/lib/python3.10/dist-packages/turtlesim/action/_rotate_absolute.py'...
[22.552s] Listing '/home/bbbkkk/ws01_plumbing/install/turtlesim/local/lib/python3.10/dist-packages/turtlesim/msg'...
[22.552s] Compiling '/home/bbbkkk/ws01_plumbing/install/turtlesim/local/lib/python3.10/dist-packages/turtlesim/msg/__init__.py'...
[22.552s] Compiling '/home/bbbkkk/ws01_plumbing/install/turtlesim/local/lib/python3.10/dist-packages/turtlesim/msg/_color.py'...
[22.552s] Compiling '/home/bbbkkk/ws01_plumbing/install/turtlesim/local/lib/python3.10/dist-packages/turtlesim/msg/_pose.py'...
[22.552s] Listing '/home/bbbkkk/ws01_plumbing/install/turtlesim/local/lib/python3.10/dist-packages/turtlesim/srv'...
[22.552s] Compiling '/home/bbbkkk/ws01_plumbing/install/turtlesim/local/lib/python3.10/dist-packages/turtlesim/srv/__init__.py'...
[22.552s] Compiling '/home/bbbkkk/ws01_plumbing/install/turtlesim/local/lib/python3.10/dist-packages/turtlesim/srv/_kill.py'...
[22.553s] Compiling '/home/bbbkkk/ws01_plumbing/install/turtlesim/local/lib/python3.10/dist-packages/turtlesim/srv/_set_pen.py'...
[22.553s] Compiling '/home/bbbkkk/ws01_plumbing/install/turtlesim/local/lib/python3.10/dist-packages/turtlesim/srv/_spawn.py'...
[22.553s] Compiling '/home/bbbkkk/ws01_plumbing/install/turtlesim/local/lib/python3.10/dist-packages/turtlesim/srv/_teleport_absolute.py'...
[22.553s] Compiling '/home/bbbkkk/ws01_plumbing/install/turtlesim/local/lib/python3.10/dist-packages/turtlesim/srv/_teleport_relative.py'...
[22.555s] -- Installing: /home/bbbkkk/ws01_plumbing/install/turtlesim/local/lib/python3.10/dist-packages/turtlesim/turtlesim_s__rosidl_typesupport_fastrtps_c.cpython-310-x86_64-linux-gnu.so
[22.556s] -- Set runtime path of "/home/bbbkkk/ws01_plumbing/install/turtlesim/local/lib/python3.10/dist-packages/turtlesim/turtlesim_s__rosidl_typesupport_fastrtps_c.cpython-310-x86_64-linux-gnu.so" to ""
[22.556s] -- Installing: /home/bbbkkk/ws01_plumbing/install/turtlesim/local/lib/python3.10/dist-packages/turtlesim/turtlesim_s__rosidl_typesupport_introspection_c.cpython-310-x86_64-linux-gnu.so
[22.556s] -- Set runtime path of "/home/bbbkkk/ws01_plumbing/install/turtlesim/local/lib/python3.10/dist-packages/turtlesim/turtlesim_s__rosidl_typesupport_introspection_c.cpython-310-x86_64-linux-gnu.so" to ""
[22.556s] -- Installing: /home/bbbkkk/ws01_plumbing/install/turtlesim/local/lib/python3.10/dist-packages/turtlesim/turtlesim_s__rosidl_typesupport_c.cpython-310-x86_64-linux-gnu.so
[22.556s] -- Set runtime path of "/home/bbbkkk/ws01_plumbing/install/turtlesim/local/lib/python3.10/dist-packages/turtlesim/turtlesim_s__rosidl_typesupport_c.cpython-310-x86_64-linux-gnu.so" to ""
[22.557s] -- Installing: /home/bbbkkk/ws01_plumbing/install/turtlesim/lib/libturtlesim__rosidl_generator_py.so
[22.557s] -- Set runtime path of "/home/bbbkkk/ws01_plumbing/install/turtlesim/lib/libturtlesim__rosidl_generator_py.so" to ""
[22.557s] -- Installing: /home/bbbkkk/ws01_plumbing/install/turtlesim/share/turtlesim/action/RotateAbsolute.idl
[22.557s] -- Installing: /home/bbbkkk/ws01_plumbing/install/turtlesim/share/turtlesim/msg/Color.idl
[22.558s] -- Installing: /home/bbbkkk/ws01_plumbing/install/turtlesim/share/turtlesim/msg/Pose.idl
[22.558s] -- Installing: /home/bbbkkk/ws01_plumbing/install/turtlesim/share/turtlesim/srv/Kill.idl
[22.559s] -- Installing: /home/bbbkkk/ws01_plumbing/install/turtlesim/share/turtlesim/srv/SetPen.idl
[22.559s] -- Installing: /home/bbbkkk/ws01_plumbing/install/turtlesim/share/turtlesim/srv/Spawn.idl
[22.559s] -- Installing: /home/bbbkkk/ws01_plumbing/install/turtlesim/share/turtlesim/srv/TeleportAbsolute.idl
[22.559s] -- Installing: /home/bbbkkk/ws01_plumbing/install/turtlesim/share/turtlesim/srv/TeleportRelative.idl
[22.559s] -- Installing: /home/bbbkkk/ws01_plumbing/install/turtlesim/share/turtlesim/action/RotateAbsolute.action
[22.559s] -- Installing: /home/bbbkkk/ws01_plumbing/install/turtlesim/share/turtlesim/msg/Color.msg
[22.559s] -- Installing: /home/bbbkkk/ws01_plumbing/install/turtlesim/share/turtlesim/msg/Pose.msg
[22.559s] -- Installing: /home/bbbkkk/ws01_plumbing/install/turtlesim/share/turtlesim/srv/Kill.srv
[22.559s] -- Installing: /home/bbbkkk/ws01_plumbing/install/turtlesim/share/turtlesim/srv/Kill_Request.msg
[22.559s] -- Installing: /home/bbbkkk/ws01_plumbing/install/turtlesim/share/turtlesim/srv/Kill_Response.msg
[22.559s] -- Installing: /home/bbbkkk/ws01_plumbing/install/turtlesim/share/turtlesim/srv/SetPen.srv
[22.559s] -- Installing: /home/bbbkkk/ws01_plumbing/install/turtlesim/share/turtlesim/srv/SetPen_Request.msg
[22.561s] -- Installing: /home/bbbkkk/ws01_plumbing/install/turtlesim/share/turtlesim/srv/SetPen_Response.msg
[22.561s] -- Installing: /home/bbbkkk/ws01_plumbing/install/turtlesim/share/turtlesim/srv/Spawn.srv
[22.561s] -- Installing: /home/bbbkkk/ws01_plumbing/install/turtlesim/share/turtlesim/srv/Spawn_Request.msg
[22.561s] -- Installing: /home/bbbkkk/ws01_plumbing/install/turtlesim/share/turtlesim/srv/Spawn_Response.msg
[22.561s] -- Installing: /home/bbbkkk/ws01_plumbing/install/turtlesim/share/turtlesim/srv/TeleportAbsolute.srv
[22.561s] -- Installing: /home/bbbkkk/ws01_plumbing/install/turtlesim/share/turtlesim/srv/TeleportAbsolute_Request.msg
[22.562s] -- Installing: /home/bbbkkk/ws01_plumbing/install/turtlesim/share/turtlesim/srv/TeleportAbsolute_Response.msg
[22.562s] -- Installing: /home/bbbkkk/ws01_plumbing/install/turtlesim/share/turtlesim/srv/TeleportRelative.srv
[22.562s] -- Installing: /home/bbbkkk/ws01_plumbing/install/turtlesim/share/turtlesim/srv/TeleportRelative_Request.msg
[22.562s] -- Installing: /home/bbbkkk/ws01_plumbing/install/turtlesim/share/turtlesim/srv/TeleportRelative_Response.msg
[22.562s] -- Installing: /home/bbbkkk/ws01_plumbing/install/turtlesim/lib/turtlesim/turtlesim_node
[22.568s] -- Set runtime path of "/home/bbbkkk/ws01_plumbing/install/turtlesim/lib/turtlesim/turtlesim_node" to ""
[22.568s] -- Installing: /home/bbbkkk/ws01_plumbing/install/turtlesim/lib/turtlesim/turtle_teleop_key
[22.572s] -- Set runtime path of "/home/bbbkkk/ws01_plumbing/install/turtlesim/lib/turtlesim/turtle_teleop_key" to ""
[22.572s] -- Installing: /home/bbbkkk/ws01_plumbing/install/turtlesim/lib/turtlesim/draw_square
[22.572s] -- Set runtime path of "/home/bbbkkk/ws01_plumbing/install/turtlesim/lib/turtlesim/draw_square" to ""
[22.572s] -- Installing: /home/bbbkkk/ws01_plumbing/install/turtlesim/lib/turtlesim/mimic
[22.574s] -- Set runtime path of "/home/bbbkkk/ws01_plumbing/install/turtlesim/lib/turtlesim/mimic" to ""
[22.574s] -- Installing: /home/bbbkkk/ws01_plumbing/install/turtlesim/share/turtlesim/images
[22.574s] -- Installing: /home/bbbkkk/ws01_plumbing/install/turtlesim/share/turtlesim/images/bouncy.png
[22.574s] -- Installing: /home/bbbkkk/ws01_plumbing/install/turtlesim/share/turtlesim/images/dashing.png
[22.574s] -- Installing: /home/bbbkkk/ws01_plumbing/install/turtlesim/share/turtlesim/images/crystal.png
[22.574s] -- Installing: /home/bbbkkk/ws01_plumbing/install/turtlesim/share/turtlesim/images/eloquent.png
[22.574s] -- Installing: /home/bbbkkk/ws01_plumbing/install/turtlesim/share/turtlesim/images/rolling.png
[22.575s] -- Installing: /home/bbbkkk/ws01_plumbing/install/turtlesim/share/turtlesim/images/ardent.png
[22.575s] -- Installing: /home/bbbkkk/ws01_plumbing/install/turtlesim/share/turtlesim/images/humble.png
[22.575s] -- Installing: /home/bbbkkk/ws01_plumbing/install/turtlesim/share/turtlesim/images/galactic.png
[22.575s] -- Installing: /home/bbbkkk/ws01_plumbing/install/turtlesim/share/turtlesim/images/foxy.png
[22.575s] -- Installing: /home/bbbkkk/ws01_plumbing/install/turtlesim/share/turtlesim/launch
[22.575s] -- Installing: /home/bbbkkk/ws01_plumbing/install/turtlesim/share/turtlesim/launch/multisim.launch.py
[22.575s] -- Installing: /home/bbbkkk/ws01_plumbing/install/turtlesim/share/ament_index/resource_index/package_run_dependencies/turtlesim
[22.575s] -- Installing: /home/bbbkkk/ws01_plumbing/install/turtlesim/share/ament_index/resource_index/parent_prefix_path/turtlesim
[22.575s] -- Installing: /home/bbbkkk/ws01_plumbing/install/turtlesim/share/turtlesim/environment/ament_prefix_path.sh
[22.576s] -- Installing: /home/bbbkkk/ws01_plumbing/install/turtlesim/share/turtlesim/environment/ament_prefix_path.dsv
[22.576s] -- Installing: /home/bbbkkk/ws01_plumbing/install/turtlesim/share/turtlesim/environment/path.sh
[22.577s] -- Installing: /home/bbbkkk/ws01_plumbing/install/turtlesim/share/turtlesim/environment/path.dsv
[22.577s] -- Installing: /home/bbbkkk/ws01_plumbing/install/turtlesim/share/turtlesim/local_setup.bash
[22.577s] -- Installing: /home/bbbkkk/ws01_plumbing/install/turtlesim/share/turtlesim/local_setup.sh
[22.577s] -- Installing: /home/bbbkkk/ws01_plumbing/install/turtlesim/share/turtlesim/local_setup.zsh
[22.577s] -- Installing: /home/bbbkkk/ws01_plumbing/install/turtlesim/share/turtlesim/local_setup.dsv
[22.577s] -- Installing: /home/bbbkkk/ws01_plumbing/install/turtlesim/share/turtlesim/package.dsv
[22.577s] -- Installing: /home/bbbkkk/ws01_plumbing/install/turtlesim/share/ament_index/resource_index/packages/turtlesim
[22.577s] -- Installing: /home/bbbkkk/ws01_plumbing/install/turtlesim/share/turtlesim/cmake/export_turtlesim__rosidl_generator_cExport.cmake
[22.577s] -- Installing: /home/bbbkkk/ws01_plumbing/install/turtlesim/share/turtlesim/cmake/export_turtlesim__rosidl_generator_cExport-noconfig.cmake
[22.577s] -- Installing: /home/bbbkkk/ws01_plumbing/install/turtlesim/share/turtlesim/cmake/export_turtlesim__rosidl_typesupport_fastrtps_cExport.cmake
[22.577s] -- Installing: /home/bbbkkk/ws01_plumbing/install/turtlesim/share/turtlesim/cmake/export_turtlesim__rosidl_typesupport_fastrtps_cExport-noconfig.cmake
[22.577s] -- Installing: /home/bbbkkk/ws01_plumbing/install/turtlesim/share/turtlesim/cmake/export_turtlesim__rosidl_generator_cppExport.cmake
[22.579s] -- Installing: /home/bbbkkk/ws01_plumbing/install/turtlesim/share/turtlesim/cmake/export_turtlesim__rosidl_typesupport_fastrtps_cppExport.cmake
[22.579s] -- Installing: /home/bbbkkk/ws01_plumbing/install/turtlesim/share/turtlesim/cmake/export_turtlesim__rosidl_typesupport_fastrtps_cppExport-noconfig.cmake
[22.579s] -- Installing: /home/bbbkkk/ws01_plumbing/install/turtlesim/share/turtlesim/cmake/turtlesim__rosidl_typesupport_introspection_cExport.cmake
[22.579s] -- Installing: /home/bbbkkk/ws01_plumbing/install/turtlesim/share/turtlesim/cmake/turtlesim__rosidl_typesupport_introspection_cExport-noconfig.cmake
[22.579s] -- Installing: /home/bbbkkk/ws01_plumbing/install/turtlesim/share/turtlesim/cmake/turtlesim__rosidl_typesupport_cExport.cmake
[22.579s] -- Installing: /home/bbbkkk/ws01_plumbing/install/turtlesim/share/turtlesim/cmake/turtlesim__rosidl_typesupport_cExport-noconfig.cmake
[22.579s] -- Installing: /home/bbbkkk/ws01_plumbing/install/turtlesim/share/turtlesim/cmake/turtlesim__rosidl_typesupport_introspection_cppExport.cmake
[22.579s] -- Installing: /home/bbbkkk/ws01_plumbing/install/turtlesim/share/turtlesim/cmake/turtlesim__rosidl_typesupport_introspection_cppExport-noconfig.cmake
[22.579s] -- Installing: /home/bbbkkk/ws01_plumbing/install/turtlesim/share/turtlesim/cmake/turtlesim__rosidl_typesupport_cppExport.cmake
[22.579s] -- Installing: /home/bbbkkk/ws01_plumbing/install/turtlesim/share/turtlesim/cmake/turtlesim__rosidl_typesupport_cppExport-noconfig.cmake
[22.579s] -- Installing: /home/bbbkkk/ws01_plumbing/install/turtlesim/share/turtlesim/cmake/export_turtlesim__rosidl_generator_pyExport.cmake
[22.579s] -- Installing: /home/bbbkkk/ws01_plumbing/install/turtlesim/share/turtlesim/cmake/export_turtlesim__rosidl_generator_pyExport-noconfig.cmake
[22.580s] -- Installing: /home/bbbkkk/ws01_plumbing/install/turtlesim/share/turtlesim/cmake/rosidl_cmake-extras.cmake
[22.580s] -- Installing: /home/bbbkkk/ws01_plumbing/install/turtlesim/share/turtlesim/cmake/ament_cmake_export_dependencies-extras.cmake
[22.580s] -- Installing: /home/bbbkkk/ws01_plumbing/install/turtlesim/share/turtlesim/cmake/ament_cmake_export_include_directories-extras.cmake
[22.580s] -- Installing: /home/bbbkkk/ws01_plumbing/install/turtlesim/share/turtlesim/cmake/ament_cmake_export_libraries-extras.cmake
[22.580s] -- Installing: /home/bbbkkk/ws01_plumbing/install/turtlesim/share/turtlesim/cmake/ament_cmake_export_targets-extras.cmake
[22.580s] -- Installing: /home/bbbkkk/ws01_plumbing/install/turtlesim/share/turtlesim/cmake/rosidl_cmake_export_typesupport_targets-extras.cmake
[22.580s] -- Installing: /home/bbbkkk/ws01_plumbing/install/turtlesim/share/turtlesim/cmake/rosidl_cmake_export_typesupport_libraries-extras.cmake
[22.580s] -- Installing: /home/bbbkkk/ws01_plumbing/install/turtlesim/share/turtlesim/cmake/turtlesimConfig.cmake
[22.580s] -- Installing: /home/bbbkkk/ws01_plumbing/install/turtlesim/share/turtlesim/cmake/turtlesimConfig-version.cmake
[22.580s] -- Installing: /home/bbbkkk/ws01_plumbing/install/turtlesim/share/turtlesim/package.xml
[22.581s] Invoked command in '/home/bbbkkk/ws01_plumbing/build/turtlesim' returned '0': CMAKE_PREFIX_PATH=${CMAKE_PREFIX_PATH}:/opt/ros/humble /usr/bin/cmake --install /home/bbbkkk/ws01_plumbing/build/turtlesim
