[0.009s] Invoking command in '/home/bbbkkk/ws02_tools/build/cpp06_urdf': CMAKE_PREFIX_PATH=${CMAKE_PREFIX_PATH}:/opt/ros/humble /usr/bin/cmake --build /home/bbbkkk/ws02_tools/build/cpp06_urdf -- -j5 -l5
[0.038s] Invoked command in '/home/bbbkkk/ws02_tools/build/cpp06_urdf' returned '0': CMAKE_PREFIX_PATH=${CMAKE_PREFIX_PATH}:/opt/ros/humble /usr/bin/cmake --build /home/bbbkkk/ws02_tools/build/cpp06_urdf -- -j5 -l5
[0.048s] Invoking command in '/home/bbbkkk/ws02_tools/build/cpp06_urdf': CMAKE_PREFIX_PATH=${CMAKE_PREFIX_PATH}:/opt/ros/humble /usr/bin/cmake --install /home/bbbkkk/ws02_tools/build/cpp06_urdf
[0.054s] -- Install configuration: ""
[0.054s] -- Up-to-date: /home/bbbkkk/ws02_tools/install/cpp06_urdf/share/cpp06_urdf/launch
[0.055s] -- Up-to-date: /home/bbbkkk/ws02_tools/install/cpp06_urdf/share/cpp06_urdf/launch/display_launch.py
[0.055s] -- Up-to-date: /home/bbbkkk/ws02_tools/install/cpp06_urdf/share/cpp06_urdf/rviz
[0.055s] -- Up-to-date: /home/bbbkkk/ws02_tools/install/cpp06_urdf/share/cpp06_urdf/rviz/urdf.rviz
[0.055s] -- Up-to-date: /home/bbbkkk/ws02_tools/install/cpp06_urdf/share/cpp06_urdf/urdf
[0.055s] -- Up-to-date: /home/bbbkkk/ws02_tools/install/cpp06_urdf/share/cpp06_urdf/urdf/urdf
[0.055s] -- Up-to-date: /home/bbbkkk/ws02_tools/install/cpp06_urdf/share/cpp06_urdf/urdf/urdf/demo02_link.urdf
[0.055s] -- Installing: /home/bbbkkk/ws02_tools/install/cpp06_urdf/share/cpp06_urdf/urdf/urdf/demo03_joint.urdf
[0.055s] -- Up-to-date: /home/bbbkkk/ws02_tools/install/cpp06_urdf/share/cpp06_urdf/urdf/urdf/demo01_helloworld.urdf
[0.055s] -- Up-to-date: /home/bbbkkk/ws02_tools/install/cpp06_urdf/share/cpp06_urdf/urdf/xacro
[0.055s] -- Up-to-date: /home/bbbkkk/ws02_tools/install/cpp06_urdf/share/cpp06_urdf/meshes
[0.055s] -- Up-to-date: /home/bbbkkk/ws02_tools/install/cpp06_urdf/share/ament_index/resource_index/package_run_dependencies/cpp06_urdf
[0.055s] -- Up-to-date: /home/bbbkkk/ws02_tools/install/cpp06_urdf/share/ament_index/resource_index/parent_prefix_path/cpp06_urdf
[0.055s] -- Up-to-date: /home/bbbkkk/ws02_tools/install/cpp06_urdf/share/cpp06_urdf/environment/ament_prefix_path.sh
[0.055s] -- Up-to-date: /home/bbbkkk/ws02_tools/install/cpp06_urdf/share/cpp06_urdf/environment/ament_prefix_path.dsv
[0.055s] -- Up-to-date: /home/bbbkkk/ws02_tools/install/cpp06_urdf/share/cpp06_urdf/environment/path.sh
[0.055s] -- Up-to-date: /home/bbbkkk/ws02_tools/install/cpp06_urdf/share/cpp06_urdf/environment/path.dsv
[0.055s] -- Up-to-date: /home/bbbkkk/ws02_tools/install/cpp06_urdf/share/cpp06_urdf/local_setup.bash
[0.055s] -- Up-to-date: /home/bbbkkk/ws02_tools/install/cpp06_urdf/share/cpp06_urdf/local_setup.sh
[0.055s] -- Up-to-date: /home/bbbkkk/ws02_tools/install/cpp06_urdf/share/cpp06_urdf/local_setup.zsh
[0.055s] -- Up-to-date: /home/bbbkkk/ws02_tools/install/cpp06_urdf/share/cpp06_urdf/local_setup.dsv
[0.055s] -- Installing: /home/bbbkkk/ws02_tools/install/cpp06_urdf/share/cpp06_urdf/package.dsv
[0.055s] -- Up-to-date: /home/bbbkkk/ws02_tools/install/cpp06_urdf/share/ament_index/resource_index/packages/cpp06_urdf
[0.055s] -- Up-to-date: /home/bbbkkk/ws02_tools/install/cpp06_urdf/share/cpp06_urdf/cmake/cpp06_urdfConfig.cmake
[0.055s] -- Up-to-date: /home/bbbkkk/ws02_tools/install/cpp06_urdf/share/cpp06_urdf/cmake/cpp06_urdfConfig-version.cmake
[0.055s] -- Up-to-date: /home/bbbkkk/ws02_tools/install/cpp06_urdf/share/cpp06_urdf/package.xml
[0.057s] Invoked command in '/home/bbbkkk/ws02_tools/build/cpp06_urdf' returned '0': CMAKE_PREFIX_PATH=${CMAKE_PREFIX_PATH}:/opt/ros/humble /usr/bin/cmake --install /home/bbbkkk/ws02_tools/build/cpp06_urdf
