[35m[1mConsolidate compiler generated dependencies of target demo02_msg_filter[0m
[ 25%] [32mBuilding CXX object CMakeFiles/demo02_msg_filter.dir/src/demo02_msg_filter.cpp.o[0m
[ 75%] Built target demo01_tf_listener
In file included from [01m[K/usr/include/x86_64-linux-gnu/c++/11/bits/c++allocator.h:33[m[K,
                 from [01m[K/usr/include/c++/11/bits/allocator.h:46[m[K,
                 from [01m[K/usr/include/c++/11/memory:64[m[K,
                 from [01m[K/opt/ros/humble/include/rclcpp/rclcpp/rclcpp.hpp:153[m[K,
                 from [01m[K/home/bbbkkk/ws02_tools/src/cpp04_tf_listener/src/demo02_msg_filter.cpp:18[m[K:
/usr/include/c++/11/ext/new_allocator.h: In instantiation of ‘[01m[Kvoid __gnu_cxx::new_allocator<_Tp>::construct(_Up*, _Args&& ...) [with _Up = tf2_ros::CreateTimerInterface; _Args = {std::shared_ptr<rclcpp::node_interfaces::NodeBaseInterface>, std::shared_ptr<rclcpp::node_interfaces::NodeTimersInterface>}; _Tp = tf2_ros::CreateTimerInterface][m[K’:
[01m[K/usr/include/c++/11/bits/alloc_traits.h:516:17:[m[K   required from ‘[01m[Kstatic void std::allocator_traits<std::allocator<_Tp1> >::construct(std::allocator_traits<std::allocator<_Tp1> >::allocator_type&, _Up*, _Args&& ...) [with _Up = tf2_ros::CreateTimerInterface; _Args = {std::shared_ptr<rclcpp::node_interfaces::NodeBaseInterface>, std::shared_ptr<rclcpp::node_interfaces::NodeTimersInterface>}; _Tp = tf2_ros::CreateTimerInterface; std::allocator_traits<std::allocator<_Tp1> >::allocator_type = std::allocator<tf2_ros::CreateTimerInterface>][m[K’
[01m[K/usr/include/c++/11/bits/shared_ptr_base.h:519:39:[m[K   required from ‘[01m[Kstd::_Sp_counted_ptr_inplace<_Tp, _Alloc, _Lp>::_Sp_counted_ptr_inplace(_Alloc, _Args&& ...) [with _Args = {std::shared_ptr<rclcpp::node_interfaces::NodeBaseInterface>, std::shared_ptr<rclcpp::node_interfaces::NodeTimersInterface>}; _Tp = tf2_ros::CreateTimerInterface; _Alloc = std::allocator<tf2_ros::CreateTimerInterface>; __gnu_cxx::_Lock_policy _Lp = __gnu_cxx::_S_atomic][m[K’
[01m[K/usr/include/c++/11/bits/shared_ptr_base.h:650:16:[m[K   required from ‘[01m[Kstd::__shared_count<_Lp>::__shared_count(_Tp*&, std::_Sp_alloc_shared_tag<_Alloc>, _Args&& ...) [with _Tp = tf2_ros::CreateTimerInterface; _Alloc = std::allocator<tf2_ros::CreateTimerInterface>; _Args = {std::shared_ptr<rclcpp::node_interfaces::NodeBaseInterface>, std::shared_ptr<rclcpp::node_interfaces::NodeTimersInterface>}; __gnu_cxx::_Lock_policy _Lp = __gnu_cxx::_S_atomic][m[K’
[01m[K/usr/include/c++/11/bits/shared_ptr_base.h:1342:14:[m[K   required from ‘[01m[Kstd::__shared_ptr<_Tp, _Lp>::__shared_ptr(std::_Sp_alloc_shared_tag<_Tp>, _Args&& ...) [with _Alloc = std::allocator<tf2_ros::CreateTimerInterface>; _Args = {std::shared_ptr<rclcpp::node_interfaces::NodeBaseInterface>, std::shared_ptr<rclcpp::node_interfaces::NodeTimersInterface>}; _Tp = tf2_ros::CreateTimerInterface; __gnu_cxx::_Lock_policy _Lp = __gnu_cxx::_S_atomic][m[K’
[01m[K/usr/include/c++/11/bits/shared_ptr.h:409:59:[m[K   required from ‘[01m[Kstd::shared_ptr<_Tp>::shared_ptr(std::_Sp_alloc_shared_tag<_Tp>, _Args&& ...) [with _Alloc = std::allocator<tf2_ros::CreateTimerInterface>; _Args = {std::shared_ptr<rclcpp::node_interfaces::NodeBaseInterface>, std::shared_ptr<rclcpp::node_interfaces::NodeTimersInterface>}; _Tp = tf2_ros::CreateTimerInterface][m[K’
[01m[K/usr/include/c++/11/bits/shared_ptr.h:862:14:[m[K   required from ‘[01m[Kstd::shared_ptr<_Tp> std::allocate_shared(const _Alloc&, _Args&& ...) [with _Tp = tf2_ros::CreateTimerInterface; _Alloc = std::allocator<tf2_ros::CreateTimerInterface>; _Args = {std::shared_ptr<rclcpp::node_interfaces::NodeBaseInterface>, std::shared_ptr<rclcpp::node_interfaces::NodeTimersInterface>}][m[K’
[01m[K/usr/include/c++/11/bits/shared_ptr.h:878:39:[m[K   required from ‘[01m[Kstd::shared_ptr<_Tp> std::make_shared(_Args&& ...) [with _Tp = tf2_ros::CreateTimerInterface; _Args = {std::shared_ptr<rclcpp::node_interfaces::NodeBaseInterface>, std::shared_ptr<rclcpp::node_interfaces::NodeTimersInterface>}][m[K’
[01m[K/home/bbbkkk/ws02_tools/src/cpp04_tf_listener/src/demo02_msg_filter.cpp:32:59:[m[K   required from here
[01m[K/usr/include/c++/11/ext/new_allocator.h:162:11:[m[K [01;31m[Kerror: [m[Kinvalid new-expression of abstract class type ‘[01m[Ktf2_ros::CreateTimerInterface[m[K’
  162 |         { [01;31m[K::new((void *)__p) _Up(std::forward<_Args>(__args)...)[m[K; }
      |           [01;31m[K^~~~~~~~~~~~~~~~~~~~~~~~~~~~~~~~~~~~~~~~~~~~~~~~~~~~~~[m[K
In file included from [01m[K/opt/ros/humble/include/tf2_ros/tf2_ros/buffer.hpp:43[m[K,
                 from [01m[K/opt/ros/humble/include/tf2_ros/tf2_ros/buffer.h:35[m[K,
                 from [01m[K/home/bbbkkk/ws02_tools/src/cpp04_tf_listener/src/demo02_msg_filter.cpp:19[m[K:
[01m[K/opt/ros/humble/include/tf2_ros/tf2_ros/create_timer_interface.hpp:73:7:[m[K [01;36m[Knote: [m[K  because the following virtual functions are pure within ‘[01m[Ktf2_ros::CreateTimerInterface[m[K’:
   73 | class [01;36m[KCreateTimerInterface[m[K
      |       [01;36m[K^~~~~~~~~~~~~~~~~~~~[m[K
[01m[K/opt/ros/humble/include/tf2_ros/tf2_ros/create_timer_interface.hpp:95:3:[m[K [01;36m[Knote: [m[K    ‘[01m[Kvirtual tf2_ros::TimerHandle tf2_ros::CreateTimerInterface::createTimer(rclcpp::Clock::SharedPtr, const Duration&, tf2_ros::TimerCallbackType)[m[K’
   95 |   [01;36m[KcreateTimer[m[K(
      |   [01;36m[K^~~~~~~~~~~[m[K
[01m[K/opt/ros/humble/include/tf2_ros/tf2_ros/create_timer_interface.hpp:110:3:[m[K [01;36m[Knote: [m[K    ‘[01m[Kvirtual void tf2_ros::CreateTimerInterface::cancel(const TimerHandle&)[m[K’
  110 |   [01;36m[Kcancel[m[K(const TimerHandle & timer_handle) = 0;
      |   [01;36m[K^~~~~~[m[K
[01m[K/opt/ros/humble/include/tf2_ros/tf2_ros/create_timer_interface.hpp:122:3:[m[K [01;36m[Knote: [m[K    ‘[01m[Kvirtual void tf2_ros::CreateTimerInterface::reset(const TimerHandle&)[m[K’
  122 |   [01;36m[Kreset[m[K(const TimerHandle & timer_handle) = 0;
      |   [01;36m[K^~~~~[m[K
[01m[K/opt/ros/humble/include/tf2_ros/tf2_ros/create_timer_interface.hpp:134:3:[m[K [01;36m[Knote: [m[K    ‘[01m[Kvirtual void tf2_ros::CreateTimerInterface::remove(const TimerHandle&)[m[K’
  134 |   [01;36m[Kremove[m[K(const TimerHandle & timer_handle) = 0;
      |   [01;36m[K^~~~~~[m[K
gmake[2]: *** [CMakeFiles/demo02_msg_filter.dir/build.make:76：CMakeFiles/demo02_msg_filter.dir/src/demo02_msg_filter.cpp.o] 错误 1
gmake[1]: *** [CMakeFiles/Makefile2:165：CMakeFiles/demo02_msg_filter.dir/all] 错误 2
gmake: *** [Makefile:146：all] 错误 2
