[0.012s] Invoking command in '/home/bbbkkk/ws02_tools/build/cpp04_tf_listener': CMAKE_PREFIX_PATH=${CMAKE_PREFIX_PATH}:/opt/ros/humble /usr/bin/cmake --build /home/bbbkkk/ws02_tools/build/cpp04_tf_listener -- -j5 -l5
[0.035s] -- Found ament_cmake: 1.3.12 (/opt/ros/humble/share/ament_cmake/cmake)
[0.102s] -- Found rclcpp: 16.0.15 (/opt/ros/humble/share/rclcpp/cmake)
[0.120s] -- Found rosidl_generator_c: 3.1.7 (/opt/ros/humble/share/rosidl_generator_c/cmake)
[0.122s] -- Found rosidl_adapter: 3.1.7 (/opt/ros/humble/share/rosidl_adapter/cmake)
[0.125s] -- Found rosidl_generator_cpp: 3.1.7 (/opt/ros/humble/share/rosidl_generator_cpp/cmake)
[0.131s] -- Using all available rosidl_typesupport_c: rosidl_typesupport_fastrtps_c;rosidl_typesupport_introspection_c
[0.140s] -- Using all available rosidl_typesupport_cpp: rosidl_typesupport_fastrtps_cpp;rosidl_typesupport_introspection_cpp
[0.156s] -- Found rmw_implementation_cmake: 6.1.2 (/opt/ros/humble/share/rmw_implementation_cmake/cmake)
[0.157s] -- Found rmw_fastrtps_cpp: 6.2.9 (/opt/ros/humble/share/rmw_fastrtps_cpp/cmake)
[0.221s] -- Using RMW implementation 'rmw_fastrtps_cpp' as default
[0.248s] -- Found tf2: 0.25.16 (/opt/ros/humble/share/tf2/cmake)
[0.257s] -- Found tf2_ros: 0.25.16 (/opt/ros/humble/share/tf2_ros/cmake)
[0.303s] -- Found tf2_geometry_msgs: 0.25.16 (/opt/ros/humble/share/tf2_geometry_msgs/cmake)
[0.318s] -- Found eigen3_cmake_module: 0.1.1 (/opt/ros/humble/share/eigen3_cmake_module/cmake)
[0.320s] -- Found Eigen3: TRUE (found version "3.4.0") 
[0.320s] -- Ensuring Eigen3 include directory is part of orocos-kdl CMake target
[0.322s] -- Found ament_lint_auto: 0.12.14 (/opt/ros/humble/share/ament_lint_auto/cmake)
[0.365s] -- Added test 'cppcheck' to perform static code analysis on C / C++ code
[0.365s] -- Configured cppcheck include dirs: $<BUILD_INTERFACE:/home/bbbkkk/ws02_tools/src/cpp04_tf_listener/include>
[0.365s] -- Configured cppcheck exclude dirs and/or files: 
[0.365s] -- Added test 'lint_cmake' to check CMake code style
[0.365s] -- Added test 'uncrustify' to check C / C++ code style
[0.365s] -- Configured uncrustify additional arguments: 
[0.365s] -- Added test 'xmllint' to check XML markup files
[0.366s] -- Configuring done
[0.378s] -- Generating done
[0.382s] -- Build files have been written to: /home/bbbkkk/ws02_tools/build/cpp04_tf_listener
[0.404s] [35m[1mConsolidate compiler generated dependencies of target demo01_tf_listener[0m
[0.418s] [ 25%] [32mBuilding CXX object CMakeFiles/demo02_msg_filter.dir/src/demo02_msg_filter.cpp.o[0m
[0.418s] [ 75%] Built target demo01_tf_listener
[2.127s] [100%] [32m[1mLinking CXX executable demo02_msg_filter[0m
[2.209s] [100%] Built target demo02_msg_filter
[2.218s] Invoked command in '/home/bbbkkk/ws02_tools/build/cpp04_tf_listener' returned '0': CMAKE_PREFIX_PATH=${CMAKE_PREFIX_PATH}:/opt/ros/humble /usr/bin/cmake --build /home/bbbkkk/ws02_tools/build/cpp04_tf_listener -- -j5 -l5
[2.225s] Invoking command in '/home/bbbkkk/ws02_tools/build/cpp04_tf_listener': CMAKE_PREFIX_PATH=${CMAKE_PREFIX_PATH}:/opt/ros/humble /usr/bin/cmake --install /home/bbbkkk/ws02_tools/build/cpp04_tf_listener
[2.229s] -- Install configuration: ""
[2.230s] -- Up-to-date: /home/bbbkkk/ws02_tools/install/cpp04_tf_listener/lib/cpp04_tf_listener/demo01_tf_listener
[2.230s] -- Installing: /home/bbbkkk/ws02_tools/install/cpp04_tf_listener/lib/cpp04_tf_listener/demo02_msg_filter
[2.230s] -- Set runtime path of "/home/bbbkkk/ws02_tools/install/cpp04_tf_listener/lib/cpp04_tf_listener/demo02_msg_filter" to ""
[2.230s] -- Installing: /home/bbbkkk/ws02_tools/install/cpp04_tf_listener/share/ament_index/resource_index/package_run_dependencies/cpp04_tf_listener
[2.230s] -- Installing: /home/bbbkkk/ws02_tools/install/cpp04_tf_listener/share/ament_index/resource_index/parent_prefix_path/cpp04_tf_listener
[2.231s] -- Up-to-date: /home/bbbkkk/ws02_tools/install/cpp04_tf_listener/share/cpp04_tf_listener/environment/ament_prefix_path.sh
[2.231s] -- Installing: /home/bbbkkk/ws02_tools/install/cpp04_tf_listener/share/cpp04_tf_listener/environment/ament_prefix_path.dsv
[2.231s] -- Up-to-date: /home/bbbkkk/ws02_tools/install/cpp04_tf_listener/share/cpp04_tf_listener/environment/path.sh
[2.231s] -- Installing: /home/bbbkkk/ws02_tools/install/cpp04_tf_listener/share/cpp04_tf_listener/environment/path.dsv
[2.231s] -- Up-to-date: /home/bbbkkk/ws02_tools/install/cpp04_tf_listener/share/cpp04_tf_listener/local_setup.bash
[2.231s] -- Up-to-date: /home/bbbkkk/ws02_tools/install/cpp04_tf_listener/share/cpp04_tf_listener/local_setup.sh
[2.231s] -- Up-to-date: /home/bbbkkk/ws02_tools/install/cpp04_tf_listener/share/cpp04_tf_listener/local_setup.zsh
[2.232s] -- Installing: /home/bbbkkk/ws02_tools/install/cpp04_tf_listener/share/cpp04_tf_listener/local_setup.dsv
[2.232s] -- Installing: /home/bbbkkk/ws02_tools/install/cpp04_tf_listener/share/cpp04_tf_listener/package.dsv
[2.232s] -- Up-to-date: /home/bbbkkk/ws02_tools/install/cpp04_tf_listener/share/ament_index/resource_index/packages/cpp04_tf_listener
[2.232s] -- Up-to-date: /home/bbbkkk/ws02_tools/install/cpp04_tf_listener/share/cpp04_tf_listener/cmake/cpp04_tf_listenerConfig.cmake
[2.232s] -- Up-to-date: /home/bbbkkk/ws02_tools/install/cpp04_tf_listener/share/cpp04_tf_listener/cmake/cpp04_tf_listenerConfig-version.cmake
[2.232s] -- Installing: /home/bbbkkk/ws02_tools/install/cpp04_tf_listener/share/cpp04_tf_listener/package.xml
[2.233s] Invoked command in '/home/bbbkkk/ws02_tools/build/cpp04_tf_listener' returned '0': CMAKE_PREFIX_PATH=${CMAKE_PREFIX_PATH}:/opt/ros/humble /usr/bin/cmake --install /home/bbbkkk/ws02_tools/build/cpp04_tf_listener
