[0.012s] Invoking command in '/home/bbbkkk/ws01_plumbing/build/cpp07_exercise': CMAKE_PREFIX_PATH=/home/bbbkkk/ws01_plumbing/install/turtlesim:/home/bbbkkk/ws01_plumbing/install/base_interfaces_demo:/home/bbbkkk/ws01_plumbing/install/tutorails_plumbing:/home/bbbkkk/ws01_plumbing/install/cpp07_exercise:/home/bbbkkk/ws01_plumbing/install/cpp04_param:/home/bbbkkk/ws01_plumbing/install/cpp03_action:/home/bbbkkk/ws01_plumbing/install/cpp02_service:/home/bbbkkk/ws01_plumbing/install/cpp01_topic:/opt/ros/humble /usr/bin/cmake /home/bbbkkk/ws01_plumbing/src/cpp07_exercise -DCMAKE_INSTALL_PREFIX=/home/bbbkkk/ws01_plumbing/install/cpp07_exercise
[0.073s] -- The C compiler identification is GNU 11.4.0
[0.129s] -- The CXX compiler identification is GNU 11.4.0
[0.136s] -- Detecting C compiler ABI info
[0.202s] -- Detecting C compiler ABI info - done
[0.206s] -- Check for working C compiler: /usr/bin/cc - skipped
[0.208s] -- Detecting C compile features
[0.209s] -- Detecting C compile features - done
[0.209s] -- Detecting CXX compiler ABI info
[0.282s] -- Detecting CXX compiler ABI info - done
[0.287s] -- Check for working CXX compiler: /usr/bin/c++ - skipped
[0.288s] -- Detecting CXX compile features
[0.288s] -- Detecting CXX compile features - done
[0.288s] -- Found ament_cmake: 1.3.12 (/opt/ros/humble/share/ament_cmake/cmake)
[0.393s] -- Found Python3: /usr/bin/python3 (found version "3.10.12") found components: Interpreter 
[0.461s] -- Found rclcpp: 16.0.15 (/opt/ros/humble/share/rclcpp/cmake)
[0.499s] -- Found rosidl_generator_c: 3.1.7 (/opt/ros/humble/share/rosidl_generator_c/cmake)
[0.499s] -- Found rosidl_adapter: 3.1.7 (/opt/ros/humble/share/rosidl_adapter/cmake)
[0.505s] -- Found rosidl_generator_cpp: 3.1.7 (/opt/ros/humble/share/rosidl_generator_cpp/cmake)
[0.512s] -- Using all available rosidl_typesupport_c: rosidl_typesupport_fastrtps_c;rosidl_typesupport_introspection_c
[0.522s] -- Using all available rosidl_typesupport_cpp: rosidl_typesupport_fastrtps_cpp;rosidl_typesupport_introspection_cpp
[0.580s] -- Found rmw_implementation_cmake: 6.1.2 (/opt/ros/humble/share/rmw_implementation_cmake/cmake)
[0.585s] -- Found rmw_fastrtps_cpp: 6.2.9 (/opt/ros/humble/share/rmw_fastrtps_cpp/cmake)
[0.686s] -- Found OpenSSL: /usr/lib/x86_64-linux-gnu/libcrypto.so (found version "3.0.2")  
[0.707s] -- Found FastRTPS: /opt/ros/humble/include  
[0.731s] -- Using RMW implementation 'rmw_fastrtps_cpp' as default
[0.752s] -- Looking for pthread.h
[0.822s] -- Looking for pthread.h - found
[0.822s] -- Performing Test CMAKE_HAVE_LIBC_PTHREAD
[0.886s] -- Performing Test CMAKE_HAVE_LIBC_PTHREAD - Success
[0.886s] -- Found Threads: TRUE  
[0.948s] -- Found turtlesim: 1.4.3 (/home/bbbkkk/ws01_plumbing/install/turtlesim/share/turtlesim/cmake)
[0.973s] -- Found base_interfaces_demo: 0.0.0 (/home/bbbkkk/ws01_plumbing/install/base_interfaces_demo/share/base_interfaces_demo/cmake)
[0.983s] -- Found geometry_msgs: 4.9.0 (/opt/ros/humble/share/geometry_msgs/cmake)
[1.003s] -- Found rclcpp_action: 16.0.15 (/opt/ros/humble/share/rclcpp_action/cmake)
[1.018s] -- Found ament_lint_auto: 0.12.14 (/opt/ros/humble/share/ament_lint_auto/cmake)
[1.083s] -- Added test 'cppcheck' to perform static code analysis on C / C++ code
[1.083s] -- Configured cppcheck include dirs: $<BUILD_INTERFACE:/home/bbbkkk/ws01_plumbing/src/cpp07_exercise/include>
[1.083s] -- Configured cppcheck exclude dirs and/or files: 
[1.084s] -- Added test 'flake8' to check Python code syntax and style conventions
[1.085s] -- Added test 'lint_cmake' to check CMake code style
[1.085s] -- Added test 'pep257' to check Python code against some of the docstring style conventions in PEP 257
[1.086s] -- Added test 'uncrustify' to check C / C++ code style
[1.086s] -- Configured uncrustify additional arguments: 
[1.090s] -- Added test 'xmllint' to check XML markup files
[1.090s] -- Configuring done
[1.097s] -- Generating done
[1.099s] -- Build files have been written to: /home/bbbkkk/ws01_plumbing/build/cpp07_exercise
[1.107s] Invoked command in '/home/bbbkkk/ws01_plumbing/build/cpp07_exercise' returned '0': CMAKE_PREFIX_PATH=/home/bbbkkk/ws01_plumbing/install/turtlesim:/home/bbbkkk/ws01_plumbing/install/base_interfaces_demo:/home/bbbkkk/ws01_plumbing/install/tutorails_plumbing:/home/bbbkkk/ws01_plumbing/install/cpp07_exercise:/home/bbbkkk/ws01_plumbing/install/cpp04_param:/home/bbbkkk/ws01_plumbing/install/cpp03_action:/home/bbbkkk/ws01_plumbing/install/cpp02_service:/home/bbbkkk/ws01_plumbing/install/cpp01_topic:/opt/ros/humble /usr/bin/cmake /home/bbbkkk/ws01_plumbing/src/cpp07_exercise -DCMAKE_INSTALL_PREFIX=/home/bbbkkk/ws01_plumbing/install/cpp07_exercise
[1.108s] Invoking command in '/home/bbbkkk/ws01_plumbing/build/cpp07_exercise': CMAKE_PREFIX_PATH=/home/bbbkkk/ws01_plumbing/install/turtlesim:/home/bbbkkk/ws01_plumbing/install/base_interfaces_demo:/home/bbbkkk/ws01_plumbing/install/tutorails_plumbing:/home/bbbkkk/ws01_plumbing/install/cpp07_exercise:/home/bbbkkk/ws01_plumbing/install/cpp04_param:/home/bbbkkk/ws01_plumbing/install/cpp03_action:/home/bbbkkk/ws01_plumbing/install/cpp02_service:/home/bbbkkk/ws01_plumbing/install/cpp01_topic:/opt/ros/humble /usr/bin/cmake --build /home/bbbkkk/ws01_plumbing/build/cpp07_exercise -- -j5 -l5
[1.155s] [ 50%] [32mBuilding CXX object CMakeFiles/exer01_pub_sub.dir/src/exer01_pub_sub.cpp.o[0m
[5.692s] [100%] [32m[1mLinking CXX executable exer01_pub_sub[0m
[5.958s] [100%] Built target exer01_pub_sub
[5.971s] Invoked command in '/home/bbbkkk/ws01_plumbing/build/cpp07_exercise' returned '0': CMAKE_PREFIX_PATH=/home/bbbkkk/ws01_plumbing/install/turtlesim:/home/bbbkkk/ws01_plumbing/install/base_interfaces_demo:/home/bbbkkk/ws01_plumbing/install/tutorails_plumbing:/home/bbbkkk/ws01_plumbing/install/cpp07_exercise:/home/bbbkkk/ws01_plumbing/install/cpp04_param:/home/bbbkkk/ws01_plumbing/install/cpp03_action:/home/bbbkkk/ws01_plumbing/install/cpp02_service:/home/bbbkkk/ws01_plumbing/install/cpp01_topic:/opt/ros/humble /usr/bin/cmake --build /home/bbbkkk/ws01_plumbing/build/cpp07_exercise -- -j5 -l5
[5.974s] Invoking command in '/home/bbbkkk/ws01_plumbing/build/cpp07_exercise': CMAKE_PREFIX_PATH=/home/bbbkkk/ws01_plumbing/install/turtlesim:/home/bbbkkk/ws01_plumbing/install/base_interfaces_demo:/home/bbbkkk/ws01_plumbing/install/tutorails_plumbing:/home/bbbkkk/ws01_plumbing/install/cpp07_exercise:/home/bbbkkk/ws01_plumbing/install/cpp04_param:/home/bbbkkk/ws01_plumbing/install/cpp03_action:/home/bbbkkk/ws01_plumbing/install/cpp02_service:/home/bbbkkk/ws01_plumbing/install/cpp01_topic:/opt/ros/humble /usr/bin/cmake --install /home/bbbkkk/ws01_plumbing/build/cpp07_exercise
[5.979s] -- Install configuration: ""
[5.979s] -- Installing: /home/bbbkkk/ws01_plumbing/install/cpp07_exercise/lib/cpp07_exercise/exer01_pub_sub
[5.981s] -- Set runtime path of "/home/bbbkkk/ws01_plumbing/install/cpp07_exercise/lib/cpp07_exercise/exer01_pub_sub" to ""
[5.982s] -- Installing: /home/bbbkkk/ws01_plumbing/install/cpp07_exercise/share/cpp07_exercise/launch
[5.982s] -- Installing: /home/bbbkkk/ws01_plumbing/install/cpp07_exercise/share/cpp07_exercise/launch/exer01_pub_sub_launch.py
[5.982s] -- Installing: /home/bbbkkk/ws01_plumbing/install/cpp07_exercise/share/ament_index/resource_index/package_run_dependencies/cpp07_exercise
[5.982s] -- Installing: /home/bbbkkk/ws01_plumbing/install/cpp07_exercise/share/ament_index/resource_index/parent_prefix_path/cpp07_exercise
[5.983s] -- Installing: /home/bbbkkk/ws01_plumbing/install/cpp07_exercise/share/cpp07_exercise/environment/ament_prefix_path.sh
[5.983s] -- Installing: /home/bbbkkk/ws01_plumbing/install/cpp07_exercise/share/cpp07_exercise/environment/ament_prefix_path.dsv
[5.983s] -- Installing: /home/bbbkkk/ws01_plumbing/install/cpp07_exercise/share/cpp07_exercise/environment/path.sh
[5.984s] -- Installing: /home/bbbkkk/ws01_plumbing/install/cpp07_exercise/share/cpp07_exercise/environment/path.dsv
[5.984s] -- Installing: /home/bbbkkk/ws01_plumbing/install/cpp07_exercise/share/cpp07_exercise/local_setup.bash
[5.984s] -- Installing: /home/bbbkkk/ws01_plumbing/install/cpp07_exercise/share/cpp07_exercise/local_setup.sh
[5.984s] -- Installing: /home/bbbkkk/ws01_plumbing/install/cpp07_exercise/share/cpp07_exercise/local_setup.zsh
[5.984s] -- Installing: /home/bbbkkk/ws01_plumbing/install/cpp07_exercise/share/cpp07_exercise/local_setup.dsv
[5.985s] -- Installing: /home/bbbkkk/ws01_plumbing/install/cpp07_exercise/share/cpp07_exercise/package.dsv
[5.985s] -- Installing: /home/bbbkkk/ws01_plumbing/install/cpp07_exercise/share/ament_index/resource_index/packages/cpp07_exercise
[5.985s] -- Installing: /home/bbbkkk/ws01_plumbing/install/cpp07_exercise/share/cpp07_exercise/cmake/cpp07_exerciseConfig.cmake
[5.986s] -- Installing: /home/bbbkkk/ws01_plumbing/install/cpp07_exercise/share/cpp07_exercise/cmake/cpp07_exerciseConfig-version.cmake
[5.986s] -- Installing: /home/bbbkkk/ws01_plumbing/install/cpp07_exercise/share/cpp07_exercise/package.xml
[5.987s] Invoked command in '/home/bbbkkk/ws01_plumbing/build/cpp07_exercise' returned '0': CMAKE_PREFIX_PATH=/home/bbbkkk/ws01_plumbing/install/turtlesim:/home/bbbkkk/ws01_plumbing/install/base_interfaces_demo:/home/bbbkkk/ws01_plumbing/install/tutorails_plumbing:/home/bbbkkk/ws01_plumbing/install/cpp07_exercise:/home/bbbkkk/ws01_plumbing/install/cpp04_param:/home/bbbkkk/ws01_plumbing/install/cpp03_action:/home/bbbkkk/ws01_plumbing/install/cpp02_service:/home/bbbkkk/ws01_plumbing/install/cpp01_topic:/opt/ros/humble /usr/bin/cmake --install /home/bbbkkk/ws01_plumbing/build/cpp07_exercise
