[0.011s] Invoking command in '/home/bbbkkk/ws02_tools/build/cpp02_rosbag': CMAKE_PREFIX_PATH=/opt/ros/humble /usr/bin/cmake --build /home/bbbkkk/ws02_tools/build/cpp02_rosbag -- -j5 -l5
[0.053s] [35m[1mConsolidate compiler generated dependencies of target demo01_writer[0m
[0.054s] [35m[1mConsolidate compiler generated dependencies of target demo02_reader[0m
[0.064s] [ 50%] Built target demo02_reader
[0.067s] [ 75%] [32mBuilding CXX object CMakeFiles/demo01_writer.dir/src/demo01_writer.cpp.o[0m
[4.730s] [100%] [32m[1mLinking CXX executable demo01_writer[0m
[4.938s] [100%] Built target demo01_writer
[4.947s] Invoked command in '/home/bbbkkk/ws02_tools/build/cpp02_rosbag' returned '0': CMAKE_PREFIX_PATH=/opt/ros/humble /usr/bin/cmake --build /home/bbbkkk/ws02_tools/build/cpp02_rosbag -- -j5 -l5
[4.955s] Invoking command in '/home/bbbkkk/ws02_tools/build/cpp02_rosbag': CMAKE_PREFIX_PATH=/opt/ros/humble /usr/bin/cmake --install /home/bbbkkk/ws02_tools/build/cpp02_rosbag
[4.960s] -- Install configuration: ""
[4.960s] -- Installing: /home/bbbkkk/ws02_tools/install/cpp02_rosbag/lib/cpp02_rosbag/demo01_writer
[4.962s] -- Set runtime path of "/home/bbbkkk/ws02_tools/install/cpp02_rosbag/lib/cpp02_rosbag/demo01_writer" to ""
[4.962s] -- Installing: /home/bbbkkk/ws02_tools/install/cpp02_rosbag/lib/cpp02_rosbag/demo02_reader
[4.962s] -- Set runtime path of "/home/bbbkkk/ws02_tools/install/cpp02_rosbag/lib/cpp02_rosbag/demo02_reader" to ""
[4.962s] -- Installing: /home/bbbkkk/ws02_tools/install/cpp02_rosbag/share/ament_index/resource_index/package_run_dependencies/cpp02_rosbag
[4.962s] -- Installing: /home/bbbkkk/ws02_tools/install/cpp02_rosbag/share/ament_index/resource_index/parent_prefix_path/cpp02_rosbag
[4.962s] -- Installing: /home/bbbkkk/ws02_tools/install/cpp02_rosbag/share/cpp02_rosbag/environment/ament_prefix_path.sh
[4.963s] -- Installing: /home/bbbkkk/ws02_tools/install/cpp02_rosbag/share/cpp02_rosbag/environment/ament_prefix_path.dsv
[4.963s] -- Installing: /home/bbbkkk/ws02_tools/install/cpp02_rosbag/share/cpp02_rosbag/environment/path.sh
[4.963s] -- Installing: /home/bbbkkk/ws02_tools/install/cpp02_rosbag/share/cpp02_rosbag/environment/path.dsv
[4.963s] -- Installing: /home/bbbkkk/ws02_tools/install/cpp02_rosbag/share/cpp02_rosbag/local_setup.bash
[4.963s] -- Installing: /home/bbbkkk/ws02_tools/install/cpp02_rosbag/share/cpp02_rosbag/local_setup.sh
[4.964s] -- Installing: /home/bbbkkk/ws02_tools/install/cpp02_rosbag/share/cpp02_rosbag/local_setup.zsh
[4.964s] -- Installing: /home/bbbkkk/ws02_tools/install/cpp02_rosbag/share/cpp02_rosbag/local_setup.dsv
[4.964s] -- Installing: /home/bbbkkk/ws02_tools/install/cpp02_rosbag/share/cpp02_rosbag/package.dsv
[4.964s] -- Installing: /home/bbbkkk/ws02_tools/install/cpp02_rosbag/share/ament_index/resource_index/packages/cpp02_rosbag
[4.964s] -- Installing: /home/bbbkkk/ws02_tools/install/cpp02_rosbag/share/cpp02_rosbag/cmake/cpp02_rosbagConfig.cmake
[4.964s] -- Installing: /home/bbbkkk/ws02_tools/install/cpp02_rosbag/share/cpp02_rosbag/cmake/cpp02_rosbagConfig-version.cmake
[4.964s] -- Installing: /home/bbbkkk/ws02_tools/install/cpp02_rosbag/share/cpp02_rosbag/package.xml
[4.966s] Invoked command in '/home/bbbkkk/ws02_tools/build/cpp02_rosbag' returned '0': CMAKE_PREFIX_PATH=/opt/ros/humble /usr/bin/cmake --install /home/bbbkkk/ws02_tools/build/cpp02_rosbag
