[0.009s] Invoking command in '/home/bbbkkk/ws02_tools/build/cpp06_urdf': CMAKE_PREFIX_PATH=${CMAKE_PREFIX_PATH}:/opt/ros/humble /usr/bin/cmake /home/bbbkkk/ws02_tools/src/cpp06_urdf -DCMAKE_INSTALL_PREFIX=/home/bbbkkk/ws02_tools/install/cpp06_urdf
[0.054s] -- The C compiler identification is GNU 11.4.0
[0.091s] -- The CXX compiler identification is GNU 11.4.0
[0.098s] -- Detecting C compiler ABI info
[0.155s] -- Detecting C compiler ABI info - done
[0.159s] -- Check for working C compiler: /usr/bin/cc - skipped
[0.159s] -- Detecting C compile features
[0.159s] -- Detecting C compile features - done
[0.162s] -- Detecting CXX compiler ABI info
[0.227s] -- Detecting CXX compiler ABI info - done
[0.231s] -- Check for working CXX compiler: /usr/bin/c++ - skipped
[0.231s] -- Detecting CXX compile features
[0.232s] -- Detecting CXX compile features - done
[0.246s] -- Found ament_cmake: 1.3.12 (/opt/ros/humble/share/ament_cmake/cmake)
[0.348s] -- Found Python3: /usr/bin/python3 (found version "3.10.12") found components: Interpreter 
[0.441s] -- Found ament_lint_auto: 0.12.14 (/opt/ros/humble/share/ament_lint_auto/cmake)
[0.511s] -- Added test 'lint_cmake' to check CMake code style
[0.513s] -- Added test 'xmllint' to check XML markup files
[0.517s] -- Configuring done
[0.517s] -- Generating done
[0.518s] -- Build files have been written to: /home/bbbkkk/ws02_tools/build/cpp06_urdf
[0.523s] Invoked command in '/home/bbbkkk/ws02_tools/build/cpp06_urdf' returned '0': CMAKE_PREFIX_PATH=${CMAKE_PREFIX_PATH}:/opt/ros/humble /usr/bin/cmake /home/bbbkkk/ws02_tools/src/cpp06_urdf -DCMAKE_INSTALL_PREFIX=/home/bbbkkk/ws02_tools/install/cpp06_urdf
[0.524s] Invoking command in '/home/bbbkkk/ws02_tools/build/cpp06_urdf': CMAKE_PREFIX_PATH=${CMAKE_PREFIX_PATH}:/opt/ros/humble /usr/bin/cmake --build /home/bbbkkk/ws02_tools/build/cpp06_urdf -- -j5 -l5
[0.554s] Invoked command in '/home/bbbkkk/ws02_tools/build/cpp06_urdf' returned '0': CMAKE_PREFIX_PATH=${CMAKE_PREFIX_PATH}:/opt/ros/humble /usr/bin/cmake --build /home/bbbkkk/ws02_tools/build/cpp06_urdf -- -j5 -l5
[0.562s] Invoking command in '/home/bbbkkk/ws02_tools/build/cpp06_urdf': CMAKE_PREFIX_PATH=${CMAKE_PREFIX_PATH}:/opt/ros/humble /usr/bin/cmake --install /home/bbbkkk/ws02_tools/build/cpp06_urdf
[0.568s] -- Install configuration: ""
[0.568s] -- Installing: /home/bbbkkk/ws02_tools/install/cpp06_urdf/share/cpp06_urdf/launch
[0.568s] -- Installing: /home/bbbkkk/ws02_tools/install/cpp06_urdf/share/cpp06_urdf/rviz
[0.568s] -- Installing: /home/bbbkkk/ws02_tools/install/cpp06_urdf/share/cpp06_urdf/urdf
[0.568s] -- Installing: /home/bbbkkk/ws02_tools/install/cpp06_urdf/share/cpp06_urdf/urdf/urdf
[0.568s] -- Installing: /home/bbbkkk/ws02_tools/install/cpp06_urdf/share/cpp06_urdf/urdf/xacro
[0.568s] -- Installing: /home/bbbkkk/ws02_tools/install/cpp06_urdf/share/cpp06_urdf/meshes
[0.568s] -- Installing: /home/bbbkkk/ws02_tools/install/cpp06_urdf/share/ament_index/resource_index/package_run_dependencies/cpp06_urdf
[0.568s] -- Installing: /home/bbbkkk/ws02_tools/install/cpp06_urdf/share/ament_index/resource_index/parent_prefix_path/cpp06_urdf
[0.568s] -- Installing: /home/bbbkkk/ws02_tools/install/cpp06_urdf/share/cpp06_urdf/environment/ament_prefix_path.sh
[0.568s] -- Installing: /home/bbbkkk/ws02_tools/install/cpp06_urdf/share/cpp06_urdf/environment/ament_prefix_path.dsv
[0.568s] -- Installing: /home/bbbkkk/ws02_tools/install/cpp06_urdf/share/cpp06_urdf/environment/path.sh
[0.568s] -- Installing: /home/bbbkkk/ws02_tools/install/cpp06_urdf/share/cpp06_urdf/environment/path.dsv
[0.568s] -- Installing: /home/bbbkkk/ws02_tools/install/cpp06_urdf/share/cpp06_urdf/local_setup.bash
[0.568s] -- Installing: /home/bbbkkk/ws02_tools/install/cpp06_urdf/share/cpp06_urdf/local_setup.sh
[0.568s] -- Installing: /home/bbbkkk/ws02_tools/install/cpp06_urdf/share/cpp06_urdf/local_setup.zsh
[0.568s] -- Installing: /home/bbbkkk/ws02_tools/install/cpp06_urdf/share/cpp06_urdf/local_setup.dsv
[0.568s] -- Installing: /home/bbbkkk/ws02_tools/install/cpp06_urdf/share/cpp06_urdf/package.dsv
[0.568s] -- Installing: /home/bbbkkk/ws02_tools/install/cpp06_urdf/share/ament_index/resource_index/packages/cpp06_urdf
[0.568s] -- Installing: /home/bbbkkk/ws02_tools/install/cpp06_urdf/share/cpp06_urdf/cmake/cpp06_urdfConfig.cmake
[0.568s] -- Installing: /home/bbbkkk/ws02_tools/install/cpp06_urdf/share/cpp06_urdf/cmake/cpp06_urdfConfig-version.cmake
[0.569s] -- Installing: /home/bbbkkk/ws02_tools/install/cpp06_urdf/share/cpp06_urdf/package.xml
[0.570s] Invoked command in '/home/bbbkkk/ws02_tools/build/cpp06_urdf' returned '0': CMAKE_PREFIX_PATH=${CMAKE_PREFIX_PATH}:/opt/ros/humble /usr/bin/cmake --install /home/bbbkkk/ws02_tools/build/cpp06_urdf
